id,phone_sequence
fadg0_si1279,hIrLAUarDaBLMrDwLMwQ
fadg0_si1909,tbLKsPLuwDBPwJMIBULlwLDyLlwKr
fadg0_si649,wLJcQHrJtrCBgbLwLvyDwLMywQLHrLHwJwDrJLknLAtrvrIFwLAByrKvKn
fadg0_sx109,KyJLBcLkwDJLHIryEvrgELABaDcJLMyLHJBFLH
fadg0_sx19,cBFCwDcCDJFQSrLAwDaBtwDLhytBcDUwyE
fadg0_sx199,TcDLziFBLkIrDKwmcQaSwLkwLAJLhFrKrLMwLAwDLMHsLzwULkwUyUwJU
fadg0_sx289,SwlrLHIwtLAcBaKwUrQIwrTyJLtBcDJybDB
fadg0_sx379,HbDLuwQLJLMIgLQyEvBcJDUaDLlrULMswU
faks0_si1573,vwJLAeLkcDyFScJLlywDcDvHbLurLkwDwULhyPmwtBLhPFLJULSrSarDwDKibLhy
faks0_si2203,lwQIyJwUJtIwlwJLkhgLJyELMtBEBwKLDgeB
faks0_si943,HIrLkcLAKDQstaBtarLhcSFScLAJLHwLHsKwDJU
faks0_sx133,HyLJrIywUJgrLADEDyEywDLtrLASwLABSaDLiKz
faks0_sx223,HScLlcLhcLMirLhSaLMsLhFScDcLurIaKU
faks0_sx313,uIaLtgQJtarEDJwEcLhgaLAJLHctaIyLuFSgeSB
faks0_sx403,vrSaILkIFLADJwJcQFCEByJLArLJwDLhBgeLJwJU
faks0_sx43,nFBlBrByLHyLHBSaratwDwLAJLABPLkwLk
fcal1_si1403,wSaSswUNbDLkwlcLHsKwDJgbLAwLABLhSgDwJLCbDntwJUwLJkFBt
fcal1_si2033,hrLhwLABaJBcKibsDLkwNLlrFSswJLMaIwBgLlwJ
fcal1_si773,BcDaLHIaLznLAJLMIgJBFByQtrJnQIBLknswU
fcal1_sx143,lwJbDLkwLzwDwtrULhyLBJLAyrLkwDbwDFBgF
fcal1_sx233,vgSsywDtIySsCyDwJsDLlnbwE
fcal1_sx323,lwtgaILHrQwDnlnDtrCrIgQwDgDLMgC
fcal1_sx413,lbtLDyJLSymwKLDwmcLHSwDLJLAartLCbLzLMrJLArLM
fcal1_sx53,yDwNUwLhBQcLAbLhyBsryLAwDLMsDJnDLhBU
fcmh0_si1454,cIwLzwBCFBsyLlcCsDLMgLKTPwULMSrQHnrywJLAcCLHwUwKwDUcQLHaBynJLMrU
fcmh0_si2084,SBcmcLhbmwLMyCsPCLksbD
fcmh0_si824,JnQBtrDUnCILiwDLkgUwEnDUgDLHInLHrsKwDLMPQhyCbDyQbLKrwU
fcmh0_sx104,vyJLkFBcLkgCQIcCcLhsLur
fcmh0_sx14,hytarNlsrULMwUwLUbCLIyQyTPnrQIytaICywBac
fcmh0_sx194,hsywDLzaGswSwDIgaLkwKwD
fcmh0_sx284,zbtLhaLMyPaILuTPLkwDtsLhrclwUwLzwtTPLzLHIrLzwJU
fcmh0_sx374,zaDLAHByDUKznBtwKztaIrBclwE
fdac1_si1474,vgbJLAybDCbDwvyUJbLhBwNLCgaLkwJLMbsyJ
fdac1_si2104,vHacAgvytgaLsLkBgKzLkwQaScJyLbLaBgbJ
fdac1_si844,tgcUJLMbLDwLAHFBFcQtwKwDwUJsywUwLiyQLbLAysLAJLHbDLMJcQbLzMPSaLsLAJLHnIywDLJ
fdac1_sx124,gaLzwLiJLCsmnLHyPmrLhyPDctB
fdac1_sx214,lcCaDwELuwBgaDlnwJLHgbLkwSbLuBnJnDLkMwLwDlwJgaD
fdac1_sx304,iyLJLMgLAyEwUKCIgbCctIswJLMgCwlnSaD
fdac1_sx34,kFCLkPLieByKJLksmyLkywKwUJU
fdac1_sx394,AbeBJywDCsLJLhaFDUJwDLMyLJLMIgaD
fdms0_si1218,HBcLUCaIBQtrLMPSBgDvyDwDLHbKDU
fdms0_si1502,vwSwUDPgwLUbLHBgLHbDsLkLvsLAsQLSsLMyLlwLHsLAwLhDgaLzwJwLAbr
fdms0_si1848,SyLAwDLkbgLMyPLkSyLADLkgBgLAIwBLHvyLHB
fdms0_sx138,lwLABcDUwLAwJLCrJLkwBJwDLAJLhwDUwLHrtAywD
fdms0_sx228,lwvyLHSwDLkcBQIwBcLtywKD
fdms0_sx318,HByULkwLCcLMsmwUcLhytBtIgaJLM
fdms0_sx408,gwLkILkwJcLhSgLhbDvbQwDLkwDwtLiwsyEDz
fdms0_sx48,uIbDcLkreLAIPvrIbLHIwDywDLHbDwLAbLU
fdrw0_si1283,lwQwEwDwKznBLlwlwQsmygbLMPIwmyctaBbLMwLAsUQIbLHlclBynLtgrJLULM
fdrw0_si1423,hbcLkagDvyLugDcLMwLhBgFSB
fdrw0_si653,KzFBslwJwUwQIybgcmySyaBwLDgeBsLzU
fdrw0_sx113,snDcJLATPbvbLkwCnDLwULAPLktIyTwLhbgLA
fdrw0_sx203,lwLAgcUSsybwDwLkwLhIcLHByLnLlwKzFga
fdrw0_sx23,lwUDCyUwKwDUMvaCwDgUCaQcBcJtBy
fdrw0_sx293,AHByJLMsLlwULkrmyLAsLhcLAaLMwlwLAByDwUtwDCsy
fdrw0_sx383,lwLAaLHwLAIyDnKbCLHPDagFSarwEbDnBQIc
fedw0_si1084,hnLlsyECDLCsLhyLhcBtSaCsKznDLacQsKzbsLtcBDLSsLiLcLhwKsLHUyQat
fedw0_si1653,vyJLhaFLAJPlwBy
fedw0_si1714,AwrJLSIFPBaLALSwLDaClcByJLMunLhyw
fedw0_sx184,lsLAbLJSCygaBLaBSsULHryLMULCgLAyrJ
fedw0_sx274,ABnQLScJPULhgaLkcBcLAKPTrIwJLDcJaLz
fedw0_sx364,yLzbDLMgbCPBsLbELAaDBaJLAaSwDJtgLmwsLSwLlcLhIsLkbeDLhcQsvymwEtJwJLMcCLHaLM
fedw0_sx4,zbsCsLnrECaSaCgDwLheSrLAwDvaI
fedw0_sx94,DaDLAJLMzrwJBFeQLAaCcDLAbDLkyswJLMIy
fgjd0_si1179,SgLKnclyUwLtnLAJLhy
fgjd0_si549,lyJLHIFLuIrDUwCLMwJgULlwLAJnLMrDULlcQLhgIsKBLAgbJLrDULHyULBSBy
fgjd0_si818,hFCDUswELAIarABwLzLMIwDUCwLHarByLwDLMwDLMwIrtBnLlcBLMwJaDwLAJwLlDBU
fgjd0_sx189,kwJLMIaGswnIytgeQIwBsmwLMwDIbeaLkwLJU
fgjd0_sx279,beBtJwUwLlFBLMyLMPSrLASwLknLJwLHrQswKwDwUDFBLSrly
fgjd0_sx369,hgaLHsLHrLuFQwUcBwQIyErCSwrBU
fgjd0_sx9,SnrSryTyPvHSeSySrSsy
fgjd0_sx99,CwLkyLCBJcJgLkySwULHsJLMrvgrarLAyU
fjem0_si1264,lybDLNwUaBLMwDsPLkLSwNtaELurULhFLHwDQtrULSPU
fjem0_si1894,gntalnIybwDvwDCatAwrJwLALywUwLuaFB
fjem0_si634,vyrLvyPwJLASgLtHrJLSswNtwQByLlwQrywCLhgmwCwDwDLCyDwtCDUtBgDct
fjem0_sx184,wLAbLJLCbeBaGswJMHrLJLCgDywPCU
fjem0_sx274,ABFctSwJPLhglcBcLKzrywJLCctagFwU
fjem0_sx364,yLzcDLMHgwCByELAcCSBatJLAFcDNtgDPLkSwNLlcLHIsLkegnlwvymwEDJlcJLkwCLHar
fjem0_sx4,zswDCsLrCSgcCgDyLhgSrLwDcvar
fjem0_sx94,TkcEtJLMrUtPBFcQLAHaCwDLAbLhybwJLiKMIyLU
fjmg0_si1181,HIaLhrwByvyULlwLHInUwCLhFcLwUwDvbwLAJtBnDLAwULMrCnLnCwDCvgLDCb
fjmg0_si1811,HIbnUwABsvwULSgrLhInDrJnLhIntLHcJLBy
fjmg0_si551,wUwCbLlrseclnDbLMwJLHyLMgvBLkwLtaeLH
fjmg0_sx101,AwDPCgLCUizFLuIwELknLAIgLlkrLHgbJMIbDUtIrLAaBvaLkbsyJU
fjmg0_sx11,vySBLABgeLAarIsnrBgr
fjmg0_sx191,SwULuIaBtaDyvbLAyUJsKwDUwLSgDLJU
fjmg0_sx281,ASaIyELMIysKJLHgLMvbgLASwtLhyLzLhaBULtrAgrJLU
fjmg0_sx371,IgDveCsEDaLhyQwLhbnJLMgeDtrLhwULDwJLCrLzrU
fjsj0_si1484,lraBUFgaDwJLMUyLArUbQLMrLMIsPULU
fjsj0_si2114,ULMsLHyzLUMnLCBcCybLHlFULkgU
fjsj0_si854,wDLArLzwDLMwnLJLiwUgUlrLhwDwtMnDLJU
fjsj0_sx134,AwUwQrLzbwDTPrsErDgULCcDLULkwULhwnLkwCgsbDy
fjsj0_sx224,HgwLAwDvTrLzrwLM
fjsj0_sx314,wJLHyLhBSrCaILznDrwUwSwLhyEnFwDyLtarSnBtr
fjsj0_sx404,harLhrLHsLHIrSByUwmwLhsLhgDQHgr
fjsj0_sx44,lbULAcLhaLALhyDnrLMsDyELAJLHarLMA
fkms0_si1490,HvcLHJcScUIgLMLHvbLHJwLScULMzcJLM
fkms0_si2120,vyLHagFUJLMLlnDbmwLkLnQrNswEIgwKwLwUcScLHcD
fkms0_si860,lPUwEAHFPLkLlByQUwQbLUDUwULcBcJwULwDBgFatLJU
fkms0_sx140,nLurLABLMIBLHIgLAJarLAcDyQwByLkwJLMzwLhwmw
fkms0_sx230,cBgeBySsyvTrLhcLIgKLBgULhaBcnrU
fkms0_sx320,lwDwrJwDwLugaLAwCswDcDLhySwtwDcSaLAwELkwJLMwDU
fkms0_sx410,uIrLhgUtIrKLCwBLAyLiLSyLHwsCaIDwEC
fkms0_sx50,AbmwJLMIatwLALwQcDeCwLAcLhbLAJULDwLlBcLlcLHBar
fmah0_si1289,ctIgsCSwLkvyUtnLHLsar
fmah0_si1919,snrQIwCPQCwJKyCsUJyCQnDCnULtrDwEDaGsUy
fmah0_si659,vwUtswJLMIyEwUtwUcBFCDLvasmyLzLCECwUIwLHwDbFUtwUtnFcDvyJLMIywCw
fmah0_sx119,lwDwNLAHgFSwUMIPLAIgLAwLkQSwQtwDwLHaBcLzy
fmah0_sx209,CgLABLAFBFILhwLhbLkIwCaBSwNLAISacDU
fmah0_sx29,vbLuIsgLkwLHsLAwLHbLAwQLlwLMsmnwU
fmah0_sx299,JzgCyELAIyCwUcLHaLHwrIgmwCaDveBSyE
fmah0_sx389,HsyecDCrLhyLAvbaJlwDvwrIyCcFLAwLAyJgLk
fmml0_si1040,CDglwEPwULwDLknBcLzLwDwDwLAJLAIwEBwLksEzrwJBcLKry
fmml0_si1670,HbLDcLhwULCwJvFQwvAnrLcJLMsLAbaLwEBs
fmml0_si2300,CcCclwSwULwJgLkrJUcLSwLArycJwLky
fmml0_sx140,vnErLAHBLiMIBLHamnLAJgIgDyCwDcBywLkcJLMwLhyw
fmml0_sx230,cBgFByPSsvnrLHwLIbKDMagUHaBgnrU
fmml0_sx320,wDnrwJwDwLhgcLCwDacLhySwQwDSBaLwELkwJLMwDLJU
fmml0_sx410,AIsLhgwULtrKLDeBLALyLiLSyLMsCSgDwE
fmml0_sx50,AbFcJLMIbLtwLAnLHAwDcCwLHLbLAJLCwDLurcLlcLHBgr
fnmr0_si1399,lcJwJgsmyIwBysLAUwJLMLbUwLHbDLzwLMyFQIDcCLhFlwLuBaCrIswKwDcCbD
fnmr0_si2029,wEDFLMcQLAaLAbCwDLMwvwUtSsJ
fnmr0_si769,JFwJgLMwLkIgScNtBwmaDKrLrLhaB
fnmr0_sx139,lwLhcaEcBFScULHBcJcCBwJwLiPSsmwLCbwlwKar
fnmr0_sx229,gyPCcLAwEtrCLHSgCcDLM
fnmr0_sx319,cLhwLuFLMLAgLkByLAbCaLkLtIwlwtgrEygr
fnmr0_sx409,yLAwEJLhwCsLzLCgwByELHIyJwJLMrELIgLAwcJBy
fnmr0_sx49,lwLMSgBgLcDcDLMASaQLALksLScCbLKcLhBy
frew0_si1030,hIySyLkwtgrLAIrLr
frew0_si1280,lwJizTnBLMrKcSwLHrQIgmreEBULMnLUBwLtaBceLtrLAnLAKwD
frew0_si1910,vyBwQwELhIyLtIwlcCgDwELAcDLlwDwE
frew0_sx110,lwLhnJLSwmcBrDwJLMwUJaBQwLAJLMrLHIaLhBC
frew0_sx20,KPSaBSaIEtByUwSBcDFBQraBU
frew0_sx200,SIeQLADLMIBlcULMaLHSaLDlcLhByLir
frew0_sx290,lwULhIrKIrULMwLATrBywDLHSaICwLkwtrLArULhnLkwLhgr
frew0_sx380,SgwLiILzCcDytrUlwLiLuarLhw
fsem0_si1198,APwUkvagwDULhgrwE
fsem0_si1828,bgKJIyQsUJnLDvyLkwLJBwyLhFwLJcKiIFBywDtwQtScwLCnDvytrLkagb
fsem0_si568,bFIgwUwLAbwUBJLMgaDgwDcLAIcKLMLHcCgcDESgaLBnQr
fsem0_sx118,AwCgDIaDyEuIrmwEnDLMJwDrBarLMLhaB
fsem0_sx208,IaLJMbnLhgclcLHaDwDLJLAnLJLlwJLMIsLkAyJLU
fsem0_sx28,HsLhwLkaILtcScDLkeaDcQLMbDJ
fsem0_sx298,cLunQcDcLhgQyKJKPyUJtwDLhycQrLiaILHJLM
fsem0_sx388,vrIgLDvbDLHbsLAJLScDnQrLlcLhIrCnLMrLHIrKrLinwEzwU
majc0_si1946,lcIcJtcCLHIaLhBcCScULhgCDFCyEJtaBQLM
majc0_si2095,CgLkbLkwmwLCPvyQlwQLMPLursmsLz
majc0_si835,JsFBUScDLzKwLlwUJLlFCcJwJnrELlcmwLNwLkwtrDLhIbCLkwJsFUIwLzKn
majc0_sx115,lybCBcCLkwLHAwLJlyLAIaLHcBcJULaBcLuBcF
majc0_sx205,lclcLMrLHrJcDbBarLAJLhnLHwLMPFLhsLucQCcDaSaILkrU
majc0_sx25,aFcBwBaGrUBFQCFBywDrJU
majc0_sx295,wtLAbrBLAcCwULMcCgaIBcLvbQrIsDKtMrCymwELMP
majc0_sx385,vwKFBLkrtFBLMLnUwtwLSrLhrFLAwD
mbdg0_si1463,SwLAbDeSrQrCbLAKwCgUwLMwLAzLAnLlwLkQgTwE
mbdg0_si2093,vwlnDatrLAwUcFDnJLMwCwlclcSnlrLSwLMSwULAcDwDlwPUybJLMw
mbdg0_si833,ABsnJLHrKDBJnBULCwDKun
mbdg0_sx113,cCcJLklrIbLkwCwDlwULAwLktrLrLhbLA
mbdg0_sx203,lwLAaUSywDlwmcLhILHBywLlwKrar
mbdg0_sx23,lcwUCyPUwKwDUvarCcDgUCarQcBcJLBwy
mbdg0_sx293,HByJLMsLlwJLMryLMsLhBLABaLlclwLAByDTrUKtrCy
mbdg0_sx383,lwLAaILHwLHAByDrKbCLHPLkarLSIywDaIa
mbns0_si1220,lsaJFSaDCcDyLHIwJLlyKzwDUJwLATrLkUy
mbns0_si1850,lcLuwLDCaIFLMyTPCaLhSGw
mbns0_si590,HIrLzwJLMcDFBUcDtrwUaclcCFJLAaeCcDCnQlwLUcQIrCrLAIaJwELU
mbns0_sx140,nLurLAnBLMIFLHIalcLAJarcDyQwDByLkwJLMPLhwLMw
mbns0_sx230,HcBgeBySsvywrLHcLIbKDSgUaBnrJU
mbns0_sx320,lwDwrJwDwLugLCsDaLhyPSwLMwDCSaLAwELkwULMwDLU
mbns0_sx410,uIsLhgUtIrKMDFLAyLMLSyLlsCaIDwE
mbns0_sx50,AnmwJLMIatsLAyLAwDaeCwLAcLhbLAJLDlwLuBcLlcLHSr
mbwm0_si1304,vPSwUwLAJLhFPJLMPcvgcLhcBgcJLlyLubnKLiwrw
mbwm0_si1934,SywcBFSgB
mbwm0_si674,lwJwJLDlwJLHnLHPmrLHFwLHwLAJLHrywDLJULlHnQuIyScCwULMcLhywLHLAwJLHwD
mbwm0_sx134,lwJnCQrwDzbwDwSrCgJLCcDJLcJLHnDwDCgbCy
mbwm0_sx224,vcLkPlPKrwDLkrDLJU
mbwm0_sx314,HyLHBScCaILznDrwKJlJrLhyDFwDyLktrSFBtr
mbwm0_sx404,harLhrDLHsPLHrQByLJwlcLhwLhgaDtgr
mbwm0_sx44,hbJLAwLHFLAwDLhywDrLAsDyEJLHar
mcsh0_si1549,TuaFKzwmcQScLCyLkPcgLM
mcsh0_si2179,CgCclrDnQrSaLMJLCyz
mcsh0_si919,gaLQywKBylwLhIgLkBLHsrvnUCwDynLzcJLCcLzLMcCsLMwlrDPJwLzPSsKwD
mcsh0_sx109,KyKBnLkwDJLhIyDvrIsELAFaFCwKLhyLHKSFLH
mcsh0_sx19,cSPCcDcCJFQrSrLAwDatwDLhytBnCUwy
mcsh0_sx199,TFCLizFQrDKwmwQSGsmyLAJLhFwKzrLMPLAwDLMsyLzwJLlwUyUwJ
mcsh0_sx289,SclrLHIPtLucSgKPwUrQryTPUtBSwDJybEB
mcsh0_sx379,HsbCEuywQULkIgQyEScJDUzcCQtrULkyJM
mdlf0_si1583,trScDKIgmnLASwUcCScUrILAICwDLksKwD
mdlf0_si2213,JcCLhcmyScQDFQgJwU
mdlf0_si953,vwJLMaIwDUwQInLMPIyUwCUtrLHrJwJLMyDJFaEwDrCQwJLMwLuPsKwCLU
mdlf0_sx143,lwJeCDcQLzwDrtrULhTPSBJLAwrLhyrLMcSFB
mdlf0_sx233,vgSyEtIyPsCyDlwJsDQtnrE
mdlf0_sx323,lctaLHrQInDwDLknCtcvaIgQyDaDLMgrC
mdlf0_sx413,kbtyJSymyKDymBLHGwDJLAaItCbLiLMrJLAr
mdlf0_sx53,ylPwJcCLhcQBLAbrPryLAwDLMsyDULJcCSBJ
mdls0_si1628,lwUlCgvnDBgLzrvywDtScDLAwQwmwDcLUSacLASsy
mdls0_si2258,TPwDcCvIySaIDTyB
mdls0_si998,TunLNsNtIgbQMaDbD
mdls0_sx188,vhSaNrIgJycBwQBsmnlwLAJLHnDUcLAe
mdls0_sx278,kwtFrlrywULHnJLMyLziMyLAsKPByIyLkJlcSaBJLMtyLzaImDB
mdls0_sx368,SaGSsJLAacJLMPQymwLhBgLuBcFQLMLhyLAcCLHByBynBwLwDLM
mdls0_sx8,SgTynBFSIyFQSrJwBygcCU
mdls0_sx98,AnJlwLASnJLiwDtcCybDJr
mdvc0_si2174,avLKzcmceLHLvyJnLk
mdvc0_si2196,vcLHrtInKwDlcLhIaLCIyPwULAwLkwEbDLAcCwUCagDcScUwDLMwLhyJLDyULMknLA
mdvc0_si936,cBgDyDAaBlwLMyJULCsLMsLAyTraICar
mdvc0_sx126,aImwtwKBwDLMnBcLzwDLMwUtrIywB
mdvc0_sx216,lcJLCaLhaSgLHcLlcSICaDcvFcLA
mdvc0_sx306,cLiuFUcDtMPSPBLhyLAaCLzbDaBLU
mdvc0_sx36,FBwlcCaBJLMwLAaLHBwKcHaIrwJULcLMsELHaLHPBrmy
mdvc0_sx396,lwtwKLHyLubDLMtByLHtIbDnLASyaDlcJrtcJcQlcJLCaBsLA
mers0_si1019,hnCLkPLMwlwLArDLMIyLSrtrLMPwULHAFLIrCU
mers0_si1649,wLMJctcCeamyLTPDeB
mers0_si497,lwJLhSgsmwUSgeCLHULlcLHcLHcJLMcSgLlwLizwBLkrwDLbDLkrLkrLArLkwQbLJw
mers0_sx119,lcCwJLASFLScUIwLMIbLMwLkLScNcDcCLHaBcLzy
mers0_sx209,CgLABLAcBrLlcLhnLkrCSaBLScNLAreDLU
mers0_sx29,vcLuIsrLlcLHwLAwLHAbLAcLwLHsPQU
mers0_sx299,KisQwELAIsCwUwLHaLHwFrgDcCaDveFSy
mers0_sx389,lseDcLhswLkveaJULTwDcIrCFLAcLMIyJgLk
mgjf0_si1901,cSIcDQIyULHBsmwLAIcJLMwLCPQwEwBgLASsrLJU
mgjf0_si641,AHnQrBgLMJaEUtrvFQcBwLAaIyELMIbLzLAJaEULAcBcmBLMPCnBcLkrCbmwLA
mgjf0_si776,AwDgLMIgTaIDLMPLMbgsLM
mgjf0_sx101,AwDrLrDLizFLAwDLknLAIsLMrLABbKrCztIaBvaBcmsJU
mgjf0_sx11,vPSFBgeaInrBg
mgjf0_sx191,SwNLMIaBtcDybLAPUsKDUwSaDU
mgjf0_sx281,AHIywDLMIrKLHBsLMbLASwNLHyLiLhaJUtreSIrU
mgjf0_sx371,IgDeCsDcLHwlwLhnJLMgCtrLhwUwULQrLkrU
mglb0_si1534,wUwLhwLAcUcCgcJtBcQcCBnDnJlcLlvnrLuIrUcCgtMsJU
mglb0_si2164,lNwLAnQwJcBNlbD
mglb0_si904,vyLHwrmwvsnLkwELuIbLkwUrInIcLAIbLAJLAwCwLkwQyTPcLunDLhcBFB
mglb0_sx184,lwLAbLJLCyeaBSwUMrLMLhgyrwU
mglb0_sx274,ABwQtLSwJPNLhclwBcLzrwULCcJcgKz
mglb0_sx364,yLiwDLMgCBywDLAcCBaJLABcDJcmwDLScLMcLhIwLkcDcQwvyEJwULMwCLHaI
mglb0_sx4,zyCswrCSacCcDwLhcSaILAwEvaILk
mglb0_sx94,TcDJLMwUBFQLAcCcDLAbDLkywULMIyLU
mgwt0_si1539,twJLJLHcCBQHvwCbUyJLHbLurLtarLk
mgwt0_si2169,cLJLHsrULkwUwNLtyLiKeaIwDCgLAIyLkIbCLHJULHbmrLkrIeDLkrIPcD
mgwt0_si909,AwDLHFBJrIyIyLMgrCnDLknLJwLAJLAytgQPBPCUaDgrvrIgUcD
mgwt0_sx189,kwJLMIFgswbnQIytgeIwBsmwLMwCgagamwLJU
mgwt0_sx279,beBFcJwUcLhwBwLAyLMPSrLSwLMeLHJPLHrQtwLzwDLwULDFLSrlwvy
mgwt0_sx369,hgaLHsLHrLkFQwlcBwQwEIcCTrBLJU
mgwt0_sx9,SBvSrSrySgSyCrFSsy
mgwt0_sx99,CymyQcJcJgbmySwULhyJLMaDvgbnrIgrLAyJ
mjar0_si1988,vFUwJLMIwLATPBtaBrtsrC
mjar0_si2247,SyLAwJwDByrKnQC
mjar0_si728,HFLJtybLHBUwDwJrcLMtrLMaBQCnDnDLJULMIsDeCvwELASFB
mjar0_sx188,SatrIgUynCcCwlwLkwLAJLHcDJwLAaFC
mjar0_sx278,MwtIrlrwJLHwJLkyLzLvyPLAsKDByIyLkJcSaJLMIyLzrDFB
mjar0_sx368,HaIyULAgJLMwDyLkwLhBbLABFULMwLhyLAcCLHByBynBwLunD
mjar0_sx8,SgTyFBrSryFQrJwBygsDcCU
mjar0_sx98,unJwLASwKwDtIcCDybDJKr
mjfc0_si1033,lwtLkrLAsyElsScQBPUMr
mjfc0_si1663,vytaLkvyJiaLHnBtsUcmcSwDF
mjfc0_si2293,lPcUSrJLHcKLBylcScDUwLkSaFlwLuIrDcLJLBcQLHknLkBgFmwJLM
mjfc0_sx133,HwLMrIywUrLADEQyDywDLtrLASwLAScLz
mjfc0_sx223,HScLkcLhScLMrLhBaLMsLhBwDwLrIgaILi
mjfc0_sx313,kIcLtHgnQtSacCUKDCcLhaLiLhctSryLuaSaB
mjfc0_sx403,vrSaILurLADJwJcQSFDBsKLArLiJwELhBFQJwU
mjfc0_sx43,cFBLhPByLHyLhBraBtcDwLJLABPLkP
mjsw0_si1010,lwJaFLAaBQnLiKPhagQIywUlcvgrLkbnDcJLHrCwQlyswLuAJgsJLMLJyLk
mjsw0_si1640,vHcLkwLScDLzaBywDwC
mjsw0_si2270,kaLuJLkwLJcCLkwELMcScDUyLuFB
mjsw0_sx110,lcLhnJLSsmcBgrDwJLMwJaQLnLAJLArLHIeLhcCU
mjsw0_sx20,KTPSarSaICQtByJySBcDaBQHIaBU
mjsw0_sx200,IatLAwLMIFBcJLMaLhSgLtCcLhByLAirU
mjsw0_sx290,lwJLHIrKrJLAwLMAwLAkBywDtaICwLMwQtrLHrJLHnLMwQLhgr
mjsw0_sx380,SgLirLzCgDyQtrJnLzLugrLhwLz
mmdb1_si1625,vwCyLJLhycDLAFQtrLhB
mmdb1_si2255,vyJSBCDrgcLkvgwJLHSrLkwLhcLuIPcDJcQtwtLAyLtymwSsy
mmdb1_si995,ngLkwtrLMgDUyJrLkwULAByLABcLScDLASrBymrLwDwUtaIFLAwDwJLMk
mmdb1_sx185,kwLzPLhgsbDyLAaILkrIyFcQIraBU
mmdb1_sx275,JLklyQSIFLhIsLIwLAunKLIrKLScmr
mmdb1_sx365,lwLAcCcDLAFLlMwUlwLMwDLAarLknLkcCLHBwLktrNIygerJU
mmdb1_sx5,KywJLlwDrlwDcDByPcC
mmdb1_sx95,yLuASgDwUwDnBcQymrUKInLAMIcLHyABcLIcLMgwBJU
mmdm2_si1452,HBLMryLIyUBLJcQyIymyKDLMnJLHBLMIyvwlwDLASsLJwLAJnJtB
mmdm2_si1555,cJlyLHyQSyJULAnDLMrLk
mmdm2_si2082,TrLhSFBwECnBLAHyTP
mmdm2_sx102,JLHwKBLMbJLHrUwUIcJLAPvFcJcLzPUIELAwLDcLHrU
mmdm2_sx12,SaIaQPESrTcBFBclBy
mmdm2_sx192,JLMIacvbLJrImcQtbKwDlwJMTr
mmdm2_sx282,lwLMPNtrytrLucLMLAFCSIgLzrULMPNLtFcBce
mmdm2_sx372,lnLhgLuInCsLAJwDJLvSBybLArCcLJLMcmy
mmjr0_si1648,TPwUctrByCSaILDCFBLMbaBLSwNLASgwLhwmcQcBcLMLABLkcJLHgyDtIaCLMU
mmjr0_si2166,BLALJIyUIaILJtcCtBSacU
mmjr0_si2278,kAyLMsLAMwDtHgLAeDyULMPLhnLkrCU
mmjr0_sx118,HcLHgDaBlwELkrywDULbvbBaILzLhaB
mmjr0_sx208,hIaLhJibLHglcLHgaDLkLwDULknLzLlwKLMIsLkvyJLU
mmjr0_sx28,ksEQbLuaILkLtIScDLkunBaDcQLAbJU
mmjr0_sx298,gLkIbcLkwDaLHgQyKPULlwDLQyFcQrLiarLz
mmjr0_sx388,vrvbDsLAJMLCDnQclcLhrCnLMrLALHIrKMrLiMwDLzwU
mmwh0_si1089,HrvbLHJlwEwULIylwDSrUKlnD
mmwh0_si1301,kyDJLAwEtaICDwDwCLHSILDLhIrPLzLHwLMSyEDwLHIwUwDLwDctbLcLMwy
mmwh0_si459,vytrlrLHrLHIFPULAIbDLJclcDcDULhcJUctgwLJaFCDtrLAJLhrCcLHBvHaJLHcmBJU
mmwh0_sx189,wKLMIswQIytgeIrBsPLMwCgamwLJU
mmwh0_sx279,enBJwUcLhcBLMyLMcSrLSwlnBJPLHrQwKwDwULDFLSwlwy
mmwh0_sx369,haLHsLHrLkFQMcBLhBcQwErCTrBJU
mmwh0_sx9,SrSIyTPSFSySrSbgy
mmwh0_sx99,CwLkyQBJgsmySwULhsJLMaCvgrLAyJU
mpdf0_si1542,lwtyLkSIacCysKPUJLwDaQywJLMwJiPLHr
mpdf0_si2172,JLMIwELNLhyLubCLkwUwLHcLHcDLkeCvwULiKnJLU
mpdf0_si912,TPCswCsUKrJnFtwDwLASrIycCbLAtaI
mpdf0_sx102,JLhnKBLMbJLAtSrJwULInJLATPvIaJLMwLzwUtcCLAwLDbLHrU
mpdf0_sx12,SPIaLkwDPSnrFsTcSFBwBy
mpdf0_sx192,JLMIavbLJramctbKPCwJTr
mpdf0_sx282,lwLMPNLtrtrLubLMwLAcCScDIaLzrUzLMPtLtIFQa
mpdf0_sx372,hnLkgLuIbCsLAJnbDJaFCynLMrCcLKJLlnmy
mrcs0_si1223,lcIwLAFLMIybCgLAIbLhwLU
mrcs0_si1853,lnJULwlHnDJwLArLkwDQwLMwDULisyEUwDwLHwrwDULwDLDPSwDUrIgQ
mrcs0_si593,lwLubBcDLkvbLJwmyvwULkgwEDcDwDULtyLA
mrcs0_sx143,lwJgeDwLzwDctrULHTPLhBJLAyrLlyvbQABF
mrcs0_sx233,vgSsybDktIySsCEDwJsDNsE
mrcs0_sx323,lctaLHIrQnDwLknCtIcCrIgQwEDaDLMgwC
mrcs0_sx413,kbtLCyJSyUKLDyBLHSwLJLAagrtLCbLiLMrJLArLk
mrcs0_sx53,yQwDwJwLHBQBLAbLwBryLADLMyEJwChBU
mreb0_si1375,atnDLkaeCDwLJLMInJwCLHSywDwLAsLMwJIDrIwELFQwLMnDKwDaIywCFKwD
mreb0_si2005,vybnLkBntLMrywDQgQwLtsLAwEtICPsygaImySwLznDLMFQrwDLMaIC
mreb0_si745,HIsFSILMnFwLJLMwUzPKPB
mreb0_sx115,lywCBcCLkwLHsLAJlywLAHIaQHScJUaBQLHSF
mreb0_sx205,CFLMrIsLHrJIeaIrLAJLHrLMwLMIFLhsLurQCwDaIrU
mreb0_sx25,aFCsCGsrULBcQCsywDwrU
mreb0_sx295,wLArIFLAcCJLMCaIFLvnQrIsEtICyEwLMP
mreb0_sx385,vwKFLkrteLHnUwtwSaILhIFLAwD
mrjm4_si1489,AcLkBCaJLAPBLhcJgEC
mrjm4_si2119,lyTwDULMwELHwLkwJcLHcDbULhwDCaDJLMU
mrjm4_si859,HswCgCLAwLzMrLhwLMrLHgbwDTPUySCBLHsatIcDcSrLAIwCLkAFrwLMgrU
mrjm4_sx139,lcLhcCBFScJLHcUDCSyJwLiPIsPLCTrlwKr
mrjm4_sx229,aIEPQcLAyELHarCLHSaCLk
mrjm4_sx319,wLhyLuPFLHgLBybCBLMIPlctIaICEr
mrjm4_sx409,vyDULHwDPKzLCgQyELkAIyJKwJLMIwELCIgbLAPEJSwy
mrjm4_sx49,vnLHIgLkAcaDLkHIaJLksScBbQKrLhBy
mrjr0_si1182,hcDcULkwtIwDLKyTPsLkwtATPclyUgLkynwU
mrjr0_si1812,wLirnLkywUDFLMgDLtaIrLArCwDsKDU
mrjr0_si2313,SnBLzKPDTrLlwLDwDvyLFDBySagDLwDCwULMIrvnDryLkwLDvyQwDLkPlbLSgB
mrjr0_sx102,ULhcKBLMbJLtarUwUIcJLATPvgaUwLzwUtrCLAwLDbLHrU
mrjr0_sx12,SwFIaLkcDSnrsTcBFBcBy
mrjr0_sx192,JLMIacvbLJMaIremctgbKwDwUyr
mrjr0_sx282,lwLzyNtsnrstrLkgaLMwLAaCSwDIgaLzrULMyLMNtnBge
mrjr0_sx372,lcLkgLuIbCsLAJnDUaBCBbtLArCcLHJLkcmwy
mroa0_si1307,lwUwUCDFcCwULHcQLCwKLCFQwDLMLHw
mroa0_si1970,lwLAPBPDlwLkwDtFLQwDwCIwELMPLkwLkaCwUcLCcSCFBULSrIraD
mroa0_si677,HCLurSBLAIPDULMLhyDFLkwlwBULSr
mroa0_sx137,AtrLkwKDCLAarULHIrCBLHIPCBtLIcCurPLkLHrLz
mroa0_sx227,lLJMwBNzrLkLAScLlMFLKPLr
mroa0_sx317,lcLAInCLhrwLhFLkPLzLIrPLHIrLkPDaDLC
mroa0_sx407,HBgctULhwbCLJULwDJsEwtaILzDCULCBULHaDTPE
mroa0_sx47,CaCJLAIaESyLkwUBSgLULnLHLMFrLzrU
mrtk0_si1093,ScDFCcUJcQaILhyvsQTrILkyJgwJy
mrtk0_si1723,wDTPSgLhywLkIwQLMwlbwDtICDFSr
mrtk0_si1750,AwlywCbJMrwCJaBtHwlwCbDcClwJgLlwLHIgCwDwJLMrtPyr
mrtk0_sx103,AaDbCwFcDUtrCnmwLAFcJwJLMcDJ
mrtk0_sx13,JSwETIaICwUvgsKzwLAsbnD
mrtk0_sx193,SgLCgDISrFSwDyaSyUzPwUCaDgwD
mrtk0_sx283,HBbDLHvrDvIPmrLwCwUsKDULHrCFCLhrNLAwDLMtrB
mrtk0_sx373,wChaIEDacQFwUwJwLHrLCJByLHwELHwcFB
mrws1_si1130,KiwlPLAJMFBrsmyEuIrQMwQLMrLCnBcLzvPlwDSaICcJM
mrws1_si1496,AbQLMrQbLlhgFQcQUtScUwLAUaBLMcDLHSyUMy
mrws1_si500,lrCaIaLtywJLCDwCtcCsmybLAJcCuwCyLHIgQrmgJMrPUM
mrws1_sx140,nLurLAFLMIFLHIQcLJtrCyQwCByLkwULMrLhyPLkP
mrws1_sx230,cSgFBySsvTwrCQIwIbKLcSgUaFSrU
mrws1_sx320,lwDwrJwDwLugrCswCDaLhySwNMwDSaLAwELkwJLMwLU
mrws1_sx410,uInLhgULtrKLCFLHyLMLSyLksrCaImrE
mrws1_sx50,AbnJLMIatrLAyLAwCFcCrLAcLhbLAJLCwLhBcLlcLHFar
mtaa0_si1285,twCByIbJLCwELHIaLSwSBLhyEDkcJLJry
mtaa0_si1915,hwSwUlnrBwLKPScLkvbgctLMIywDgLMrIwDcDJysKDELhsLtrLuwQDcJ
mtaa0_si596,aDlyUlytPwBsLAwDCFagk
mtaa0_sx115,lwbncBcDLMcLHAwLAJlcLAaLHBcJUaBLuBF
mtaa0_sx205,lFcLMryLHrJDaILAJLhcLMwLMPLhsLkFQrCwLhSIrU
mtaa0_sx25,ScEByBFGyPrUBFcLCFywlbrJ
mtaa0_sx295,lwQLAIFLAcDJLMLCagrFBLvbQrIswDztrCyEwLMP
mtaa0_sx385,lwKcQrtFBLwUctrPLSrLHIFLAwD
mtdt0_si1994,JPBtaByULhPyrUScULkwLuwLCywCLhnLDCbDTPLzwJLhcDBSamcCaDy
mtdt0_si2254,ASgBSyvyLkwLMrQcDLkctGFvr
mtdt0_si994,vrJLMcmyPQHwULMrIySFULHrJwULMcSyLHrJPLk
mtdt0_sx184,lwLAbLMLCIybeaGgwUArLzLCgTrU
mtdt0_sx274,ABctSFUJPlLhclcBScQrKzTrywJLCcJgLz
mtdt0_sx364,TyLzcDLMgCBywDLAcCBSaJLAFcUJglwLScNLlcLhrLlkFmcQwvyEJwJLMcCLHaI
mtdt0_sx4,zsECswrDCSaICgmyLhgSrLAHyEvaILk
mtdt0_sx94,TucEJLMIrUQBFQLAaQwDLAbLkyPwULMIyLJU
mteb0_si1133,yLAwDLHrLzbLABaEIsELzLAFBUtSrLJbeB
mteb0_si2064,vyPSwULuwtLMwLkSwtbDSFCbEwLMPwUcDPLbDcLHFCPDcBrtrScCsDnDQnDyIsJU
mteb0_si503,hwrykaJLMzwrynLIswJy
mteb0_sx143,lwJeDLkwLzwDctrULhTPLBJLAwrLhybBF
mteb0_sx233,vgSsywDtySgCyEwJsELNngwE
mteb0_sx323,lctaLHArQnDwDLkbCtcCrIgQwEagDLMgD
mteb0_sx413,ubtLyJSyLkwKLDyLkBLHaSwLJLAaItLCbLzLMrJLAr
mteb0_sx53,yQwDwJcCLHBSBLAbQIyPrsLAwDLHsEDJwCLhBU
mthc0_si1015,vsywDLHgKLKzraIQyclrLiyJaIUKcUcQSgLJLMaLAtyLk
mthc0_si1645,JcLzKULvaLMCwUcCScUACLHByBycDLzcJLMctgLk
mthc0_si2275,wkaBLkwLkFLAQrytwKDknDKwLAKs
mthc0_sx115,lywCLhBPcCELkPLHMrLAJlywLAIaLHBcJaBcLhSFB
mthc0_sx205,CcBLiKrLHrJwDbBaIwLAJLHnLMwLMPFBLhsLucQrCwDLMarmrU
mthc0_sx25,FCBywSBaGrUBFLCwBywDbrU
mthc0_sx295,wtLAwQrBLAcCJLiSarBLvbtrIyUtrCymyEbLMP
mthc0_sx385,vwKcBLkrtFBLMcUwtwSrLhIFLAwD
mwjg0_si1124,lcLCyLASFQAwQyLlwCSaItBSyLtrvwUwDeBcJwJlwUDCLHaILDLMLCgwLlwE
mwjg0_si1754,vyJngLlwLAIyUwLtSBLvbtHBgD
mwjg0_si494,lHsLAJtBFBywLByULHScDvbLHeFcBFELur
mwjg0_sx134,lwJwChIwDLzgDTwSrLAIcDgJLCcDULMwJLHnDLkwDCgsbQy
mwjg0_sx224,vFLAPmwLyUTrDLkPrDU
mwjg0_sx314,wLHyLHSPQSwLznDrwJULlPLHyDFwDyLtSaBtInr
mwjg0_sx404,haILHLhrDLkLHsLHIwDByUwDwLHwLhaCLHgr
mwjg0_sx44,hbJLMcLHaBLAwEQywDwDwLAwEAJLSr
fdhc0_si1559,lkPvKPwByQyUwLHIaLAUwCsQwLkSwmyPSwJltPByCSwLlwDwDJnBt
fdhc0_si2189,yJaclcCaSyULMwLunlPLhFwUyPrwJU
fdhc0_si929,hwLMJnLiLAsUwUSrwDlcLHbgJLMswDTPKPB
fdhc0_sx119,lwCwJLASFSwUIwLMIbLkwLSwlwDcLHFBwLzy
fdhc0_sx209,CgLAFLAFBrLkwLhnLkrCSaBcLAIrEegDU
fdhc0_sx29,vFBLuIsLkwLHwLAwLlknLHwQLHwLMsmkFCcU
fdhc0_sx299,KyCyELAIyCwUcLHgaLHPrgmwCgcDvFSyD
fdhc0_sx389,hsyFDwLhwEyvecJwDlrCFLAcDLMIyJgLk
felc0_si1386,wESyPLzKLDwLurKMysKwDUlywDLkwJLMtIyLharLAwDUwUwTPDwDLSwlcJwDuByTwDTwD
felc0_si2016,vyQacDFUIFLHJULlcLhFLJLAcCcDJLMFLA
felc0_si756,CwLMTrwBJULJrIwCDLCFSBwELABsyLSInLkSsLaILhcCct
felc0_sx126,arwtwKBwDLMnBcLzwDJwUtrIyB
felc0_sx216,cJCaBLhSFLHScLHcSrCcDvHFLA
felc0_sx306,cLiPFUDEtvTPSBLhyLAcDLznDrFBJ
felc0_sx36,BSwlwCFJLMcLABLHcKULaImcJcLMwELHacLHwBwrmQy
felc0_sx396,lwtMPwKLHwLuwnDLkPSyLHIwDLMwLASBycDcJrQcJcQlcJLCFcSBswDLA
fjlm0_si1043,DgLJcLHIgcUwECByLlwJwLHIFLzLkwLDgeSgrLA
fjlm0_si1673,SwDLlsELAvyLMgLDcSsDyDFUcLhbmwLTbn
fjlm0_si2303,wDKaILwDLMwLharcDAaILhrBLtIsULJtBgnKzLMyCr
fjlm0_sx143,lwJbcLkwDLzPDrLtryzLHyLuBALJLAPrLlksLbLkBgB
fjlm0_sx233,vgeSsywEtIySsCyECwJgCLMbE
fjlm0_sx323,lctaFLHrUQwDwLlywCLtrCFIgcQwEDgaDLMgeC
fjlm0_sx413,lbNLlyJSyKLDymcBLHSwLJLAgrLCbLizLMrULAr
fjlm0_sx53,ylwDwJwDLQBQBLAbLhTwBsryLAwDLMgyEDJwCBU
fmgd0_si1564,cULhwDvIyPSwULheDwLhgULDsLInBtbDUwUvbDQnrSrLuIsUwELHAbmnB
fmgd0_si2194,vyvnLtaBDbDLMPwJcaBctLzgaLCDbelwLzaLhSwULAaBaDwDvySwJLMIbDkw
fmgd0_si934,cQlaIvyJslwLkFBJLMrUarsLHIgDLMarLk
fmgd0_sx124,gaLzwLAJLCsmwLHAPrvrLhyTPmctB
fmgd0_sx214,lcCaDwELuPcDwULhgsrSbLABwJUwDQwDwJgD
fmgd0_sx304,iyLJLMkgaLAwDEJtIaCctrJLMgDnrSID
fmgd0_sx34,keCLkPLMrByJLMrmyLksKwU
fmgd0_sx394,AeJywDCsLAJLhFCUwDLMyLJLMIaC
fmld0_si2185,KyUJwLirLAMrQDFLhFDUwDKMIrLHJLSbCLhbrLAr
fmld0_si822,hBLHrLhrLAKwDCsLhywELAIyJLhgmDybLHIsLQnLMwLHIrLHIyUwLlwJLMIrLA
fmld0_si925,ScvySwUwLAcJLMwLkywULSgLMwLhaIrJLAr
fmld0_sx115,lywCcCLkwLHwLAJlwrLAILHScJUaScLuSFB
fmld0_sx205,lcSwLMrLHrJwDeBarLAJLhrLAwLMPSBLhsLucQrIwDarU
fmld0_sx25,SFCSBwBaGrJtBcQCsywDwErU
fmld0_sx295,wQLArLAcCJLMcCSaBvnLhrIsLztrCymywDLMP
fmld0_sx385,vwJKcBLkrQnBlcUwtMwLSrLhIFLAw
fnlp0_si1308,wDLMymywPwULHaJLhFcLMwJcLHPIsDymBcgLMacDLvHnrCwEDbDsytcCDwLAByIctLlbLU
fnlp0_si1938,BhgcmwQSwDLkFULABFwLzwFLhgLlMPLlwLkbCLHFr
fnlp0_si678,tnFeQgUJwDEIyLAwDJwLzrLk
fnlp0_sx138,lwLAHcDUyLAcwJLMwCrJLlwFLJcCyJLkwDUwQLHrtybwD
fnlp0_sx228,lcQyPLHCgwELFQrBcLlybwJMwD
fnlp0_sx318,HBwyJLMwCcCLlcLMswmFcUkcLhcQtactIgaDJLM
fnlp0_sx408,cgcLkHIgcLlwUtJcLhBsLknDcvbcQwDwDcQLMinsyELz
fnlp0_sx48,uIbnCclkrbeLuPvIbLhIyEwvwELHnmyLAvgwLMU
fpas0_si1272,SBaIQrLMrnJLMrtwUwLAJU
fpas0_si2204,HIrmyJPaCwLAywQawDLArmwtBlcCLhIFUcSaLAwDULUwLA
fpas0_si944,wvwtarCwUIcDLMwlcIwCcULtyLHbnDgsLk
fpas0_sx134,kwJwCurDLznDEIrDgUCcDJLUwULhcDwCgywCy
fpas0_sx224,vAcLuPUzrwDLkrDU
fpas0_sx314,wQLHyLHaSrCaILzcDrUlrLhwDFDyLktrSFBtrD
fpas0_sx404,harLhrDLHsLHIrCSByUwDcLhwLhaQtgar
fpas0_sx44,hcULAwLhaBLAwCLhyDwDLMwLMsEULhar
fpkt0_si1538,wLArLzLAIwDKLhgsLULkwCBgDLMlFLMIwELlPlwLuBPED
fpkt0_si2168,lsCsLAnULADtaICwJBcLuw
fpkt0_si908,SyFSwUlcSPSwLkgQcNrLhCPLJaD
fpkt0_sx188,vAPSaQlcIgUtyDBcCwmwmwLAJLhwUwLAe
fpkt0_sx278,MwtIwDrvwULHIwJLMyLiMywLAsUPwCIyUlcSaBJLMyLzrDB
fpkt0_sx368,BaIwULAaJLAwDymwLhBgDLuSFULMwLhyLACLHByBynBcLunD
fpkt0_sx8,SgynBFSIyFQrJwBygLkwDU
fpkt0_sx98,unJlwLAScQKwDtIcDybDLJr
mbpm0_si1577,hIeDgUgLhIbBCcJLMbKz
mbpm0_si1584,InLMrUatcCLArywJUhatwDLMcCLMwLknJLASnKLzDLJLHwByDnQrLkn
mbpm0_si947,tATPIrBrUcLHrLMrLMwLhcUcDwE
mbpm0_sx137,ArLkwKwDrLASgrJLHIBLHIPQBtIcDLkrsLzCrLz
mbpm0_sx227,wLMnBtTrLkwLAcLAScQbcLKrLr
mbpm0_sx317,lwLAInDLhrLhaLkwLMJLurLHrmywDamcC
mbpm0_sx407,SBbtLMknDLUDJsEwtaILicDJLBCgBUcLHgDTwQ
mbpm0_sx47,CaCDJLMaCBwLkwJtBgLMJbLHcLMgUrU
mcmj0_si1094,CDnrLAwCwULHwLHryQTPrULIgLMwLAIaFwULHswULDyFgwJLMw
mcmj0_si464,lwLHIaJLHrLArQLAnmwELhbLAJLhngDwDLvwUDrDLHgUwCSwDtIrDwLurQIDr
mcmj0_si602,HwLHwKwLJrQrJtIFDbeFCrnISwLkrcCLAnwLJwCwJnQrQUrDwCar
mcmj0_sx104,wJlkFcLkgCtICcLhbrLr
mcmj0_sx14,wtILHlrQrUrLuUIbrCIyQyrnQIytHaICwr
mcmj0_sx194,DswDzrsrLSrDgaILkrKwD
mcmj0_sx284,zbtLHrImTPIaILPQwDLtsQrQrJwDLMrLTPLzLHrLzwJU
mcmj0_sx374,zaICLAIyEULKatrKtIFQrQrD
mdab0_si1039,vwUDnQrvwDJnBLlclsyvytFSwLKLMLhyvsLScLzwQcJvbmcJU
mdab0_si1669,hwsLJgsmwLkwDLkFcLkwDctgrJaFt
mdab0_si2299,JcCLMcbJyLAacJgmcScQLhctaBnULhywvFE
mdab0_sx139,lcLhcDLkBFScJLHcUBsJwLiSwmPQwDwKar
mdab0_sx229,SycAPQtaFQHGcScLM
mdab0_sx319,wLhyLuFLgDFBybLhBLMSwNtaIyaILk
mdab0_sx409,ymyEwJLHwmwLzLCsByLAIyJwJLMIwLNIgnLMSFcJBy
mdab0_sx49,hnLMSgBgLMcDcUtatLlsSBvcKcLhBy
mgrt0_si1450,CyLMULlrIyKDLHIcDcJnJwElcQCyLkvFwUIyJMyQLkyLJLkwDUMyQwDwJLMwLusKwD
mgrt0_si2080,vyPBwLDcLArywLhIyLAsJU
mgrt0_si820,hgwlbcLkLScCtycUcLCsLwDwLtarJwULgrULzwCvFLcUwBbLMwLABtarJcU
mgrt0_sx10,gvITrLuAIyLzMgvgrcQrSarlcDbnDLJyU
mgrt0_sx100,HIgcLzwLkAwQnBCcDLScULHrJyELMPUBFByk
mgrt0_sx190,JrQUwLABJBacLvgbtKIcLHnDLlyBnB
mgrt0_sx280,lyPFBsJwULScUcCrawK
mgrt0_sx370,lcDCBwULHIacBScCLuIFULCSrcDaByETvyLzLksy
mjdh0_si1354,SwNwQvcBSaILzrJKJFKcJwJLMcCSaIQwJLMILAMIFDtaLkMLCFBLJcLHJwJLMcCU
mjdh0_si1984,wDScDagJlwsSr
mjdh0_si724,AwLMwJLAIyCgEIgtBtbJLMwSFCsLk
mjdh0_sx184,wLAbLzLhyeSwLJMrLMLCgyrU
mjdh0_sx274,lcQHSwJPQLhcQcQBPLzrIywJLCwJMaK
mjdh0_sx364,yLMAcDLMgaCBvyELAcCaJLAHFcDLJgmwSwLlcLhIyLkeDcQtwvyEJwJLMcDLHaI
mjdh0_sx4,AzsLCsETrDCaICgDyLhaISrLAwEvaILk
mjdh0_sx94,TcCLJLMPULBcQLAaCwDLAbLkyPUzLMIyLiU
mjln0_si1449,iAzytwDLMrJLMwDIsLkywJLMrBFUsyKPDIrUgLUwDwCcBcLMrJNrQrJwJU
mjln0_si2079,lswDwLJBbLlsrtgJ
mjln0_si819,lswrtaIJwUwCaICByLCPLhwDyPDCBnLMwJwLmyLbDPBsnJtwDwDCbEPwtMwUcC
mjln0_sx189,lwJLMIPGSywunQIytgeIrBsmwLMwCgamwLJ
mjln0_sx279,beBaJwQlwLhwBPDyLMSarLHSwlAeLJwLHrQyPLzwDPLvwUDFSrUy
mjln0_sx369,haLHsLHrmFQwlcQlPQyEPCwrSBJ
mjln0_sx9,SrSrTPScBSySrSswE
mjln0_sx99,CwLkyQBJcJgmySwNLhsULMaDvgraILAyJ
mjmp0_si1535,vyLMbCQFcQBbJLMwULHyKiwLktsB
mjmp0_si1791,DeFclcCbDSwUDgLMIecCLvyCBgwDLkrLvgyLuEbLMgLkbLHSwNJlwJLMIsLEUkr
mjmp0_si905,vwUSrLhwEvbDzwJMwLMLksUbLMwLkctBg
mjmp0_sx185,AwLzPLhgsDyLAarIsFQIrFBtU
mjmp0_sx275,JLMyQaILhIgsLIsLAbgKCnrJLSgDr
mjmp0_sx365,HwLkbCwCLAnLMwUQwLMwCLAarLbLAnCLHaByELtSwNIyberU
mjmp0_sx5,KywJLMnDrlwDgvPC
mjmp0_sx95,vPLASgDngUwDeBwLkusmrKirLMbLHcLAaIcLMgBU
mklt0_si1213,CgeFCwLAJLHwrLUwULtaFLJwDLHBrBgDU
mklt0_si1843,KPUIsmwtaQrLhIrmwQnLMirUwDLkyIacQcBcQrCFcSBLHaICDc
mklt0_si583,lwJLSwLAwDJwLHcNnmwLHBywDwJLMsbQ
mklt0_sx133,HwLMrIywUwLQyCkLtSrLASwLuBCcLz
mklt0_sx223,HwLAcLhwLicLhBaLMsLScLHrIagaLz
mklt0_sx313,uIatgctSBCUcDlcLhaLiLSctSIyLuPBe
mklt0_sx403,cSaILkIrQLADJPJLMcQFCSyJLArLJcCLhBFUDU
mklt0_sx43,hcQwQPLHyLQBSPcaBtcDhwLAJLASPLkPLk
mlll0_si1363,JcByULHwLAwBsKwDULlywJcQnInLclrUKwJcCBDwCLhwLvTPwJ
mlll0_si1993,KwLKiySsLAwC
mlll0_si733,MPEQGwLHcELKMIyDrLAHsDwDLMwCyLJLMnJlcC
mlll0_sx103,AaBnLDwlwDJtrCnmwLABJwULMcLJU
mlll0_sx13,JMSyETragaCwUHgUzwLAybD
mlll0_sx193,SgLhgLaGFnavLSwDTaBFwKPUCgD
mlll0_sx283,HBswDLkLHrLkvPwmwSaILuIwUsKwDULHCFLhrJLAwDLMIFB
mlll0_sx373,cLhaIwDaCBcUwJcLHrLJwLAwDLHnBFB
mlnt0_si1574,HBgJLScCLkrIeClcLhFBcLHCnDLMBULwESwLMvyCaLlwLhgLhrswLM
mlnt0_si1902,lcLHaJwDLuBFcLhcJrLrIwLM
mlnt0_si642,lnLHIaLULHrLMPDJLAbLHICgDrJLAwLisbrLvbDaLHaCLHbgD
mlnt0_sx102,JLAwKrLMAbJtIJwUcIwbJLATPvaJLMwLzwJUtrCLAwLAbLHrJU
mlnt0_sx12,SFIaLhwDSrsyTknBFBlnBy
mlnt0_sx192,JLMIaIvbLULrveErtLHbKwCLkwKyr
mlnt0_sx282,lwLMPLHrtrLugbLMwLAaEScEIgaLkrzLMPLHAnIBILM
mlnt0_sx372,lwLhgLuIrCwLAJbDULHAabESyLbLArCgLJLkgmy
mnjm0_si1580,vwuaGywJNsCLlcveCaDsbwLAwDvwULHaLAw
mnjm0_si2210,haIwLMrDbLAIcJULSaLJtBSgcQr
mnjm0_si950,bJMacLlnFScULhyaCLHaBcLltnLJcEvbLDFcCymwLMcJclcLAsKwELhgsCbNwLz
mnjm0_sx140,bHgLrLAaBLMFBLHIamcLJarvgDsPQBswlwULKwQwlw
mnjm0_sx230,cBgeBPSsvnrLhcQIgbLJSCagUvaBvr
mnjm0_sx320,lcQnrJcDcLAaLALCswDaLhPcJnFSaLAwElcQUlc
mnjm0_sx410,uIsLhgLUtIcLULCFaBLvyLiLSyLlsCagwE
mnjm0_sx50,AbmDctJLAIatwLAcLAcCaCgLAcLHbLAJLlwLuHBgLlcLHBar
mpam0_si1189,vyLkLtTPFLucDUrLAbLirLkPELHwUwKwD
mpam0_si1819,vTPIcLkwUgJUByLHcBySwNtScCvTPLzLHac
mpam0_si1961,cJcLkwLMHASwLiLAMwKrLJLCByQLwDytFLlcLhIyQLhrCwUcLhIarC
mpam0_sx109,KiwJLBcLMwDULhIywDLkrIgwELASacCwJLMlyLJLSFLH
mpam0_sx19,cBPDJFcQSrLAwDatDELhytBcCUy
mpam0_sx199,TuFcCLiFQrDLziwmcQarLkPLAKLhFwKrLMcLAwDLMPLzwJLMwUPUPU
mpam0_sx289,SclcLHrQLAcBaKwUrQrTPUtBwDUMygcmB
mpam0_sx379,HbCLkwQULkIcQwECcJDUBCLlrJLkPwU
mtas1_si1473,TFDyLkwQDctLcDy
mtas1_si2098,vyLuyQsKaILIvaILhBgbtwcBcLMwvrCDFSwEBy
mtas1_si838,vwELAIyJwELMnLhFQDPLHIamwLkwQFBLCcD
mtas1_sx118,AcCLhgsDaBlyELuIywDJULwDcSaILkLHB
mtas1_sx208,IaLhJbLhclcLHacLkLwDJLAubLzLlczLAIsLkyJU
mtas1_sx28,hsELlknLuaILktrScCLunBCLhcQLAbnJU
mtas1_sx298,gLInlcDcLhglyKPUlwLhyFQrLiIarLALM
mtas1_sx388,vrIgLkvbnDLsyLAJULScDnQrlwLkHrQCnLMrLHIrKrLisDLzwU
mtls0_si1370,SPCsUtslwLvwJLHIQcCScULhgLDFLJLMLChwLHnLHyIrLtTyULMIyLCw
mtls0_si2000,SyLAwELAywLHwQLtSwLhysLkLvyUMwLHsKwLlw
mtls0_si740,hPSwNbeLtsbDLUtyLHsLhBLaBctU
mtls0_sx110,lcLhnJLASwLMcCgrDLhwJLMwJaQnLAJLArLHIaLHcD
mtls0_sx20,KTPSarSrCLtyJMyScCcDcBtreBU
mtls0_sx200,IetLAwLMIFLkwJLMeLHaLrDlcLHyLMrU
mtls0_sx290,lwJLHrLKrwJLMrwLlwQtBCLAwtrLHrULHrLMcQLhgr
mtls0_sx380,SgLMIaILzMCIcDytrJtwLiLAarLHwLz
mwbt0_si1553,vFSFQclFBcmrIyCsyLkagLhCcLMwLhgLJnQBLkcUcEBcLzLMIrEDJcLHrFU
mwbt0_si2183,hScLAJFtFKDcLAJ
mwbt0_si923,MwCnDBynLAJLhrLJlwJLMIwEScUwDnQclcLhB
mwbt0_sx113,sDCcJLAwBcbLkcCcELwULuPwLtGTPLhbLA
mwbt0_sx203,lwLAacUSsywDLkwLkcLhIcLHByLkcLlwKPar
mwbt0_sx23,lFULDyPUwKPEUvgeDcDgwULCgeCBFJSGBy
mwbt0_sx293,ByULMsLlwUJLMPmyLMsLhBLAHaJLMclwLAByDwUtcCsy
mwbt0_sx383,lwLAIgaLHwLASyLzrULKsbDLHPQgerSaIycDLHFIaFLA
mwew0_si1361,ScmwDwULScDJnLKDEPSFLAcDacmPmrJU
mwew0_si1991,SgFQLyLHBSBIBFDwJLMIyLMwDLAcJlwEUwCbJLAJLwDnQwEcCaB
mwew0_si731,ctLvyTPUBsmPlwLkuFCLHMFcD
mwew0_sx101,kwDwLurDKiuFLkIwDLknLArIsLlrLASnKrCLztIaBaFLksJU
mwew0_sx11,vyPBgeFarIrBgw
mwew0_sx191,SwLkIaBtFDybLAyUsKwDUPScLU
mwew0_sx281,AaIywDLMIwKLHByLMnLSPLhyLzLhaBUtrIFrJU
mwew0_sx371,IsLDecCwDcLHylwLhcJLHbQtrLhPUDwULCrLzPU
