id,phone_sequence
fadg0_si1279,hrLAUarDnBLMrDwLMwQ
fadg0_si1909,tbLKnFPLuwDBPwJLIBULhwLhyLlwKr
fadg0_si649,wLJcQrJtrCBgLHwQHyDwLMywQLHrLHwJwDrJLhnLMtrvrIFwLAByrKnLH
fadg0_sx109,KyJBcLkwDJLHrgEDvrgELABaDwJLMyLHJBFLH
fadg0_sx19,cBFCwDcDJFQrSrLAwDatwDLhytBcDUwyD
fadg0_sx199,TnDLiBLkrDKwmcQaSwLkwLAJLhFKrLMwLAwDLMsLzwULkwUyUwU
fadg0_sx289,SwlrLHIytLAcBaKwUrQrTyUtBcDJybB
fadg0_sx379,HbDLuwLJLMIgLhyEBcJwDUaDLhrULMsU
faks0_si1573,vwJLAeLkcDFJLlwDcDvbLurLkwDwULhywDwtBLhFLMULarSarDwDKibLhy
faks0_si2203,lwIyJLwUtclwJLkgLJyELMtBwKLDeB
faks0_si943,HrLkcaLAKwDCstaBtaILhBSFScLAJLHwLMsKwDLU
faks0_sx133,HyLJrywUJrLAwDyETwDtrLASwLABaDLK
faks0_sx223,HSwLlcLhcLMrLhaLMsLhFGDlwLuraK
faks0_sx313,uIaLtgLJtaIDJwDlcLhaLAJLhctaIyLuFSgeB
faks0_sx403,vrSaILuIFLADJnJcQFDByJLArLMJwDLhBgeLJwU
faks0_sx43,nBlrByLHyLHBaraDLNwDwLAJLABPLkwLk
fcal1_si1403,wSaSsUNnDLkwLkwLHsKwDJgLAwLABLhSgDwJLCbDntnJUwLJnBt
fcal1_si2033,hOLhwLABaJBKsDLkwNrFSsnJLMaIwBgLlnJU
fcal1_si773,BnmaBLHIaLznLAJLMIgJBFBytrJnQIBLknsU
fcal1_sx143,lwUbDkwLzwDwtrULhyLhBJLAyrLkwDbDFBF
fcal1_sx233,vgSsywDtIySsCyDwJsDLlnsED
fcal1_sx323,lwtaLHrQnDwLknDtrCrIgQwDgDLMgC
fcal1_sx413,kbtLDyJLSywULDymlcLHSgDLJLAartLCbLiLMrJLArLM
fcal1_sx53,yDwNwLhBQwLAbLhyBsryLAwDLMsDJnDLhBU
fcmh0_si1454,crIwLzwBFBsyLhwCsDLMgLiKTPwULMSrQhnrywJLAcCLHwUsKwDUcQLHaBynJLMrU
fcmh0_si2084,SgmwLhbmwLMyCswDLksnD
fcmh0_si824,JnQBtrDUnCsLzwDLkgUyEnDUgDLHnLHrsKwDLMPyNhyDnDwQbLKrU
fcmh0_sx104,vyJLkFBcLkgDQrClcLhsLur
fcmh0_sx14,hytaINsrULMwUwLuUbCLIyQyPnQytaICyBc
fcmh0_sx194,hsywDLzGgnSnDgaLkwKwD
fcmh0_sx284,zntLhaLyPaILuTPLkwDQsLhrbLhwUwDLzwtTPLzLHrLzwJU
fcmh0_sx374,zaDLHByDULKnBtsKtaIgBnQwE
fdac1_si1474,vgbJLAybDCsbDwvyUJbLhBwDNLCgaLkwJLMbsyJLU
fdac1_si2104,vecvgLvyNgaLsLkBgKJLkwQGScJyLbQBgJ
fdac1_si844,lgLJLMbLDwLAFBFQtwKwDUJsywUwLiyQLbLlysLAJLHbDLMJnQbLiPSaBLHsLAJLHnrIywDLJ
fdac1_sx124,gaLzwLJLCsmwLHyPDrLhyPmctB
fdac1_sx214,lcCaDwELkwFBgaDlnJLhgLkwSbLuBnJnDLkwLwDlwJgD
fdac1_sx304,iyLMJLkgLAyEwULCgDlctrJLMgDlnQLhaD
fdac1_sx34,keDLkPLieByULksmyLksKwU
fdac1_sx394,AeBJywDCsLJLheFDUJwDLMyLJLkIgaD
fdms0_si1218,HBwLUCaIBQrLkSnBgDvyDwDLHbKDU
fdms0_si1502,TwCwUDgLUaLHBgLHbDLkvsLAstSgLMyLhwLHsLAwLhDcDLzwJwLAbr
fdms0_si1848,SyLAwDLkgLMyQLkSyLAwDkgBgLAIwBLHyLHB
fdms0_sx138,lwLABcDUwLHwJLCrJLkBUwDLAJLhwDUwNLHrtyD
fdms0_sx228,kwvyLHGwLkBQrBlcLHywDKwD
fdms0_sx318,HByULkwLCcLMsDwnUcLhytBtIaJLM
fdms0_sx408,gLkILkwJcLhSgLhervbQwDLkwDwtLisyELz
fdms0_sx48,uIbDwLkreCLAIPvrIbLHIwDywDLHsDLAbLU
fdrw0_si1283,lwQyEwDwKnBLlnlwQsmygLMPDymyctaBeaLkwLAsUQbLHlcLBynLMtgrJLULM
fdrw0_si1423,hbeLkFgDvyLkgDcLMwLhBgFB
fdrw0_si653,KzFBysQwJwUwQhyeBcmySyaBwLhDeBgLzU
fdrw0_sx113,nDcJLAwBgaLkwDwDLwULuwLktIyTwLhbeLA
fdrw0_sx203,lwLAgUSsybDkwLkwLhIcLHBsyLnLlwKFgc
fdrw0_sx23,lFUDyUwKwDUvaCwDgUDaDQcBwJBy
fdrw0_sx293,HByULMsLlwULkrmyLAsLkcLAaLMwlwLAByDwUtwDCsy
fdrw0_sx383,lwLAaLHwLASyDnKbCLHPDaraIwEnDnBIcLk
fedw0_si1084,hnLlsyECwDLCsLhyLhctaCsKnDLaQsKsLtFDLSyLiLcLhsKsLMUyQat
fedw0_si1653,vyJLhFLAJFPlwBgy
fedw0_si1714,AwrULSIFPBaLALSwDaDByJLMunLhywD
fedw0_sx184,hsLAbLJCyaBLaBSsUvryLMJLDgLyrU
fedw0_sx274,ABntLSwJwPULhaLkFBlcLAKywIwJLDcJagLiz
fedw0_sx364,kyLznDLMgeCPCsLAbELAaDBaJLAaGgDJgLksLSwLlcLhIgLkbeDLhcQsvyLkyDtJwJLMwCLHaLk
fedw0_sx4,zbsCsnrECaCgDwLheSaILAwDvaI
fedw0_sx94,DeDLAJLMzrJBFeQLAaCcDLAbDLkysJLMIyLU
fgjd0_si1179,SgLKnclyUwNtnLAJLhy
fgjd0_si549,lyULHIFLurDUwDLMwJgUNwLAJnLMrDUlwQLhgIsKBLAgbJULrDULHyULBy
fgjd0_si818,hFDUwELAarBwLzLMIwDUCwLHaIByLwDLMnDLMwIrtBgLkBLMwJaDwLAJwLhDBU
fgjd0_sx189,kwJLMIaGynIytgeIBsDwLMwDIeaLkwLJU
fgjd0_sx279,eBtJwUwLkwBLMyLzPSrLASwLknLJwLHrQsKwDwUDFLSrly
fgjd0_sx369,hgaLHsLHrLkFQwUcBwQyErCSwrBU
fgjd0_sx9,SnrSrTPvHaeSySrSsy
fgjd0_sx99,CwLkyQBJwJgLkySwULhsJLMrvgrLAyU
fjem0_si1264,lybDLUlwUaBNMwDsLkSwNtaDLurULhFLHwDwtrUSPU
fjem0_si1894,hgtalnIybDTwDCatvwrJwLALywUwLueB
fjem0_si634,vyrvywNLASgLHrJLSsNtwQByLhwQrywCLhgmwCnDwDCyDwtJwDUtBgDwDtJ
fjem0_sx184,wLAbLMJLCyeaBGsNHrLCgywsDU
fjem0_sx274,ABctSwNJPLhglcBwLAKTrywNLCctgrU
fjem0_sx364,yLzcDLMHgCyDLAcCBatJLAFcDNgDwLSwNlwLHIsLkegDwvymwEJlwJLkwCLHvgr
fjem0_sx4,zsDCsLrCSaICgDyLhgSrLAwDcvar
fjem0_sx94,TcDEtNrUtBFQLAvaCwDLAbLhynNJLiMIyLU
fjmg0_si1181,HIaLhrByULlwLHInUwCLhFcLAwUwDbLAJBgDLwDULMwCnDnDwDBgDCbLD
fjmg0_si1811,HInUwLBsyvwULSamrLhInDrJnLhInNLHcJUBy
fjmg0_si551,wUwCbLkrnDnDbaLMwJLHyLMvgeBLknLtaeLM
fjmg0_sx101,AwDkrDaILDUiFLuwDLknLArgLlrLHBbJNIbDUtrAaBvaBaLkbsyU
fjmg0_sx11,vySFBABgeLAarsnrBgr
fjmg0_sx191,hwULuIaBtaDybLAyUsKwDUwDSgDLU
fjmg0_sx281,AaIyELMIsKULHBgLMvbgLuSwtLhyLiLhaeUtrAgrJLU
fjmg0_sx371,IgDbeCsDaLhylwLhnJLMgeDtrLhwULDwJLCrLzrU
fjsj0_si1484,lraBUFaDwJLUyLArUntLMrLMIsU
fjsj0_si2114,JLMsLhyzLUnLCBcCybLhFULkgU
fjsj0_si854,wDLMrLzwDLkwnLJwUgUNrLhnDwtnDLU
fjsj0_sx134,wUwQrLzbDTPrsrDgULCcDLULkwULhnLkwCgbDy
fjsj0_sx224,HgLuwDUTrLzrwDLMUM
fjsj0_sx314,wULhyLhBSrCaILznDrgUwSwLhyEnDyLktarSFtr
fjsj0_sx404,haILhrLHsLHrSByUwmwLhsLhgDQHgr
fjsj0_sx44,hbULMcLhaLACLhyDnrLMsDyEAJLHarLM
fkms0_si1490,HvcLHJwScUIgLMLHvbLHJwLSwULMzcJLM
fkms0_si2120,vyLHagFULMLlnDbmwLkLhnQrNwEDgnKwLwUcScLHwD
fkms0_si860,lPUwEtBFPLkLlByQUwQbLUDUwULkFBcUwULwDBgetLJU
fkms0_sx140,nLurLABLMBLHIgLAUarcDyQwDByLkwULMwLhwmw
fkms0_sx230,cBeBySsyvTrLhFLIgKLBgULhaBnrU
fkms0_sx320,lwDyrJwDwLuaLAwCwDcLhySwNwDSaLAwDLkwULMwDU
fkms0_sx410,uIrLhgUtrKLCwFLAyLiLSyLhsCaDwEC
fkms0_sx50,AbmrJLMIatwLMLwQcDeDwLAcLhbgLAJULDwLhBnLlcLHBar
fmah0_si1289,ctIgsCSwLkTyUnLMsar
fmah0_si1919,nQIwCsPQCwJKyCsUJyDQnDnULNrDwDaGsUy
fmah0_si659,vwJsJLMIyFUFUwBFDLTFDyLMLCsCwUIwLAwDbBNwUnFDvyULMPywDw
fmah0_sx119,lwDwNLAFSwUIPLAIbgLAwLkQwtwDwLHaBLzy
fmah0_sx209,CgLABLAFILhwLhbLkIwCaBSwNLAIgaFDU
fmah0_sx29,vbLuIsLkwLHsLAwLHnBLAwtLlwLMsmrU
fmah0_sx299,JgCyELHIyCwUwLHaLHwrgmwCrDveBSyED
fmah0_sx389,hsynaDrLhyLAvbaJlwDTrwCFLAwDLMyJgLk
fmml0_si1040,DglwDPUwDLknBLzLHwDwDwLAJLMIwBwLksDLzrwJBcLKry
fmml0_si1670,HbDFLhwULDwJFQwvAwrLagBJLMsLMeaLwDyBgy
fmml0_si2300,CcCcLksSwULwJgLkrJcBtSwLArycJwLky
fmml0_sx140,vnDrLAFBLirFLHaDnLAJgrgDyCwDBywLkwULMwLhyLw
fmml0_sx230,cBeByPsvrLlwLIbKDMagUaBgrU
fmml0_sx320,wDnrwJwDwLhgLCwDaLhySwQwDBaLAwDLkwJLMwDLMU
fmml0_sx410,uIsLhgULtrKLDeLAyLiLSyLksCgDwE
fmml0_sx50,AbDcJLMctwLAnLHwDeCwLHLbLAJLDwDLhrLlcLHBgr
fnmr0_si1399,lwJwJgsDyIwBysLuUwJLMLbUwLHnDLMwLMyFQIDwCLhFlwLuSaCrsKwDcCbD
fnmr0_si2029,wDFLMcQLAaLAnCwDLMwvwUtaGsJ
fnmr0_si769,JFwJgLMwLkIgSwNBlwmaDKUrLrLhaB
fnmr0_sx139,lwLhcEuFBFScULHBcJwDSwJwLiPSsmwLDnlwKar
fnmr0_sx229,gyPlwLAwEtaICLHBSgCcDLM
fnmr0_sx319,cLhwLuFLMLgLkByLAbCLhFBLkLNIwlwtgCygrLC
fnmr0_sx409,yLAyEJLhwCsLzLDgLByELHIyJwJLMrEQrIgLAwFcJBy
fnmr0_sx49,lwLMSgBgLAcDLMASaLALksLScDbLKwLhBy
frew0_si1030,hIySyLkwtgrLArLr
frew0_si1280,lwJznBLMrKFeSwLHrQIgreCBUnLUByLtaBeLHrLAnLAKwD
frew0_si1910,vyBwLkwDLhIyLtwlwCgDwELAnQwDy
frew0_sx110,lwLhnULSwmBrULkwUaBQnLAJLMrLHIaLhBDU
frew0_sx20,KPSaBSaIDtByUwSBDFQraBU
frew0_sx200,IeQLADLMIBlwULMaLHSaLMtDlcLhByLir
frew0_sx290,lwULHrFKrULMwLATrBywDLHaICwLkwtrLHrULhnLhwQLhgr
frew0_sx380,SgLirILzCcDytrUlwLMLuaILhw
fsem0_si1198,vwUagDULhgwD
fsem0_si1828,bgKJByQsUJnLDvyLkwLkJByLhFLJwKIFBywDtnQSFLhnDTytrLkag
fsem0_si568,beIgwUwLAbgUBJLMaBgwDwLAIcKLMLhcCgDSgaLBnQr
fsem0_sx118,MwChgDaDwELuIrmwEnDLMJrBaILMLhFB
fsem0_sx208,IaLkJnLhgIlwLHaDwDLJLknLJLlwJLMIsLkyJLU
fsem0_sx28,HsLhwLkaILktBSwDLkeaDwQLubeDJLU
fsem0_sx298,cLunlcDaLhgLhyKPUJwDLhyFQrLiaFgLHJLU
fsem0_sx388,vrIgDvbDnsLMJULSwDnQrlwLhrCnLMrLHrKrLisDLzwU
majc0_si1946,lcIcJcDLHIaLhBcCScULhgDFCyEJaBtLM
majc0_si2095,CgLkbLkwmwLHyvylwQLMPLursLksLz
majc0_si835,JsFUCcDLiKwLlwUJLkFDcJwJnryLhmwLNwLkwtrDLhIgbCLkwJsFUIwDLiKw
majc0_sx115,lynCBcCLkwLHwLJUyLAIaLHBcJULaBcLuBcF
majc0_sx205,hclwLMrLHrJwDeBarLAJLhnLMwLMPFLhsLuFQCwDaILkrU
majc0_sx25,FDBwBaGrUBFCFBywDrJU
majc0_sx295,wtLAnrBLAcCULMcCaIBLvbQrsDKtrCymwEwLMyP
majc0_sx385,vwKFBLkrtFBLMLnUwtwSrLhrFLAwD
mbdg0_si1463,SwLAbDeSrQrCbLAJwCgUwLMwLMJLMnLlwLkgTyE
mbdg0_si2093,vwlnDatrkwUFDnJLMwDlclcSnlrLSwLMSwULcDwDlwDUybJLMw
mbdg0_si833,BnJLHrJKwDBJnBULCwDKn
mbdg0_sx113,cCcJLkrbLkwCwDwULAwLktrLrLhbLA
mbdg0_sx203,lwLAaUSywDLkwmwLhILHBywLlwKrar
mbdg0_sx23,lFUCyUwKwDUvaICcCgUCarQBULBy
mbdg0_sx293,HByULMsLklwJLMryLMsLhBLABatLMlclwLAByDTrUKtrCy
mbdg0_sx383,lwLAaILHwLAByDrKbCLHPDLkarhaIywDaIa
mbns0_si1220,lsaJFScDCcDyLHIwJLMyKzwDUwLATrLkUy
mbns0_si1850,cLuwLDCaIFLMyTPCaLhGy
mbns0_si590,hrLzwULMcDBUwDtrUclcCFJLAaCcDcNlwLUcQrLAIaJwDLU
mbns0_sx140,nLurLAnBLMIFLHIaDcLAJarcDyQwDByLkwULMPLhwLMw
mbns0_sx230,hcBeBySsvyrLhcLIbKDSgUaBnrU
mbns0_sx320,lwDwrJwDwLugLCsDaLhySwNwDCSaLAwELkwULMwDLU
mbns0_sx410,uIsLhgUtrKLDFLAyLMLSyLksCaIDwE
mbns0_sx50,AnmwJLMIatsLAyLAwDeCwLAcLhbLAJLDwLuBgLlcLHFSr
mbwm0_si1304,wPSwUwLAJLhFPULMPcvgLhcBaJLhyLubKLin
mbwm0_si1934,SsmcBlFSgeB
mbwm0_si674,lwJwULDlwJLHnLHsmrLHnLHwLAJLHrywDLMJULHnQwScCwULMcLhywLHLAwULHwD
mbwm0_sx134,kwJwCLhrwDLzbDwSrCgJLCcDULJLHnDwDCgbCy
mbwm0_sx224,vcLhPlyKrwDLkrDLHU
mbwm0_sx314,HyLHBSrCaILznDrJlrLhyDFwDyLktrSFtr
mbwm0_sx404,haILhrDLHsLHrQByLJwlcLhwLhgaDtgr
mbwm0_sx44,hbJLAwLHFLAwDLhyDrLAsDyEJLHar
mcsh0_si1549,TaFKwmwQScLCyLkPgLM
mcsh0_si2179,CgCclrDnQrSaLMJLCy
mcsh0_si919,gaQywKBylwLhIgLkBLHsrvnUCwDynLzcJLCcLzLMwCsLMwlrDPJwLzPSsKwD
mcsh0_sx109,KyKBnLkwDJLhIyDvrsELAFCwKLhyLHJSFLH
mcsh0_sx19,cSFCcDcCJFQrSrLAwDatwDLhytBnCUwy
mcsh0_sx199,TcDLizFQrDKwmwQGsmyLAJLhFKrLMPLAwDLMsLzwJLlwUyUwU
mcsh0_sx289,SclrLHIPtLucSgKPUrQryTPUtBSwDJybEB
mcsh0_sx379,HsbCLuywQULkIgQyESgnJDUcDQrULkyJM
mdlf0_si1583,trScDJIgmwLASwUcCScUrILAICwDLksKwQ
mdlf0_si2213,JcCLhcmySwQDFQBgJwU
mdlf0_si953,vwJLMaIwDUwQnLMPIyUwDUtrLHrJwJLMyDJFaDwDrCcJLMwLusKwDU
mdlf0_sx143,lwJeDcQLzwDrtrULhTPBJLuwrLhyrDLMFB
mdlf0_sx233,vgSsDtIyPsCyDlwJsDNrE
mdlf0_sx323,hctaLHrQInDwDLknCtrDvaIgQyDaDLMegrC
mdlf0_sx413,kbtyJSymyKLDymBLHGDJLuartCbLiLMrJLMr
mdlf0_sx53,ylwJcCLhcQBLAbrBryLAwDLMsyDULJcCLhBU
mdls0_si1628,lwUNCgvnDBgLzrvywDtacDLkwQwDwDwLhUaILuSsy
mdls0_si2258,TPDcCvrIySITyB
mdls0_si998,TnLNsNIgQNaBaDb
mdls0_sx188,vSaNrIgJycDBnDBwDwlwLAJLHnDLUwLAe
mdls0_sx278,kwtFlrwULHnJLMyLzMyLAsUByIyLkJlcSaBNLMtyLzrLB
mdls0_sx368,SGsJLAaNLMPQDymwLhBgLuBFQLMLhyLAcCLHByBynBwLwDLM
mdls0_sx8,SgynBFSryFQrJwBygcCU
mdls0_sx98,unJlwLASnJLiwDtcCybDLJr
mdvc0_si2174,aFLKcDeLHLvyJsnLk
mdvc0_si2196,vcLHrtIgKwDlcLhIaLCywULAwLkwDnDLAcCwUCagDcScUwDLMwLhyJLDyULMnbLMA
mdvc0_si936,cFBgDyDvaBlwLMyJULCsLMsLAyTraICar
mdvc0_sx126,aImwtwKBwDLMnBcLzwDUwUtrIyB
mdvc0_sx216,lcJLCaBLhBSgLHcLMcSaICaDcvFOLA
mdvc0_sx306,cLiFUwDtTPSBLhyLAeaDLznDaBU
mdvc0_sx36,FBylcCFBJLMwLAaLHBwKUaIwJULcLMsDLHaLHwBrmy
mdvc0_sx396,lwtwKLhyLubDLMByLHtIbDbLASyaDlcJrtwJwQlwJLCaBsLA
mers0_si1019,hnCDkPLMPlwLArDLMIyLSrtrLMPwULHFLhrCU
mers0_si1649,wLMUctcCeLhyLTPDeF
mers0_si497,lwJLhgLkwUSgeCLHULlcLHcLHcJLMcBgLlwLiPFLkrwDLbDkrLkrLArLkwQbLMJwD
mers0_sx119,lcCwJLAFLSwUrLMIbLMwLkLScNcDcCLHaBLzy
mers0_sx209,CgLABLAcBrLlcLhnLkrCSaBLScNLAreDU
mers0_sx29,vcLhIsLlwLHwLAwLHbLAwLwLHsPFDU
mers0_sx299,KisQwELAIsCwUwLHaLHwFrgDcCaDveFGy
mers0_sx389,hseDwLhwLkveJULTwDrCFLAcLMIyJgLk
mgjf0_si1901,cSrCLhIyULHsLAIaJLMwLCPQwEwBgLASsrU
mgjf0_si641,AlnQrBgLMJaCUtrAFQcBwLAaIwELMIbLzLAJaDULAcBwmBLMPCnBcLkrCbmwLA
mgjf0_si776,kwDaLMIgTaIDLMPLMbgsLM
mgjf0_sx101,AwDrLrDLiFLMwDLknLArsLMrLABbKrCUtraBvaBclsU
mgjf0_sx11,vySFBeInrBg
mgjf0_sx191,SwNLMIaBtFDybLAPUsKDUwSaDU
mgjf0_sx281,AHIyDLMIwKLHBsLMbLASwNLhyLiLhaUtrerU
mgjf0_sx371,IgDeCwDcLhylwLhnJLMgCtrLhwUwULHrLkrU
mglb0_si1534,wUwLhwLAnUcCgJBaQcCBwDnJlwLlvrLuIrUcCgtsJU
mglb0_si2164,lwLAnQwJnBNbD
mglb0_si904,vyLHwrLkwvnLkwDLuIbLkwUrInIFLAIbLAJLAwCwLkwQTPFLunDLhcBFB
mglb0_sx184,lwLAbLMJLCyeaBFSwUvrLMLhgyrU
mglb0_sx274,ABwtLSwJPNLhclFBwLzrwULScJgDKz
mglb0_sx364,TyLiwDLMgCywDLAwCBaJLABcDJgDLSwNMwLhIwLkeDyEAJwJLMwCLhaILk
mglb0_sx4,zyCswrCaIChcDwLhFSaILAwEvaILk
mglb0_sx94,TcDJLMwUBFQLAcCwDLAbDLkyULMIyLMU
mgwt0_si1539,twJLJLHvcCBLkvwCbUyJLHbLurLktarLk
mgwt0_si2169,cLHJLMsrULhwUwLtyLiKerwDCgLuIyDLkIgCLHULHbmrLkrIeDLkvrPcC
mgwt0_si909,AwDLHFJryIyLMgrCwDLkwLMJwLAJLMytgQPBPCUaDgrvrIgUwD
mgwt0_sx189,kwJLMIFGsnQIytgeIyBsmwLMwCgamwLJU
mgwt0_sx279,beFJwUwLhwBwLAyLMPSrLSwNeLHJwLHrQNwLzwDLwUDFLSrly
mgwt0_sx369,hgaLHsLHrLkFQwlcBwQwEDrCTrBLJU
mgwt0_sx9,hBvSnrSrySgSyCrFSsy
mgwt0_sx99,CymyQcJcJgbmySwULhyJLMaDvgrbaILAyU
mjar0_si1988,vFUwJLMIgLATPBtaBrtsr
mjar0_si2247,SyLAwJwDByrKnQ
mjar0_si728,HFLJNybLHBUwDwJrFLHtrLMFQCnDwDLJULMIsDeCwDLASB
mjar0_sx188,SaNrIgUynCcCwDLkwLknLAJLHcDJwLAaFD
mjar0_sx278,MwtrlrwJLHwJLMyzLvywLAsUCByIyLJcSaJLMIyLzrDFB
mjar0_sx368,haIyULAgJLMwDyLkwLhBgLABFULMwLhyLAcCLHByBynBwLunD
mjar0_sx8,SgTFBrSryFQrJFBygDcCU
mjar0_sx98,unJwLASGKwDtcDybDJr
mjfc0_si1033,lwtLkrLAsElySwQBPUr
mjfc0_si1663,vytaLkvyJaLHnBtsUvFmcSwDF
mjfc0_si2293,hFUrULhnKBylcScDUnLkFlwLhIrDcLJLBatLknLhBemwJLM
mjfc0_sx133,HyLMrIywUrLADQyDwDtrLASwLScLz
mjfc0_sx223,HSwLkcLhcLirLhBaLMsLhBwDwLurIaILi
mjfc0_sx313,kIaLtgQtaCUDlcLhaLiLhtaIyLuaSFe
mjfc0_sx403,vrSrLhrLADJwJwQFDBysKLMrLiJwDLhBFJwU
mjfc0_sx43,hFBLkPByLHyLhBratwDLJLAPLkw
mjsw0_si1010,lwJFLAaBLQnLiJPhagQIywUlcvrLknDcJLHrCwQLhysLuJgULMLJyLky
mjsw0_si1640,vaLkwLScDLzFwDwC
mjsw0_si2270,kaLuJLkwLkJcDLkyELkcScDUyLuFB
mjsw0_sx110,lwLhnJLSsDcBrDwJLwJaQNnLAJLMrLHIeaLhBCU
mjsw0_sx20,KTPSaISaICtByJySBcDFQraBU
mjsw0_sx200,IetLAwLMIFBlwJLkaLhSaLMtcDcLhByLirU
mjsw0_sx290,lwJLHrKrJLHwLMwLABywDtaICwLMwtrLHrJLHnLMwQLhgr
mjsw0_sx380,SgLirLzUCgDytrJnLkLugLhwLz
mmdb1_si1625,vwCyLJLhyDcDLAFLHrLhB
mmdb1_si2255,vyJBDraLkvgJLMHSrLkLhnLuIPcDJcCQNwtLAytymcSsy
mmdb1_si995,nLkwtrLMgDUyJrLkwULAByLABclcDLAHSgrBymrLwDwUtaIFLAwDwJLk
mmdb1_sx185,kwLzwLhgsDyLAaILkrGyFQIBaBU
mmdb1_sx275,JLkyQSrFLhIsLInLAnKLIrJLSnmr
mmdb1_sx365,lwLAcCwDLAnLkwUNwLkDLAarLknLkcDLHBwLktrNIyerU
mmdb1_sx5,KywJlwDrlwDcBycC
mmdb1_sx95,hyLuScDwUwDnBwLHymrUrnLMIcLHytABIcLMgBU
mmdm2_si1452,HBLMryLIyUBLJcQyIymyKDLMnJULNLHBLMIyvwLhwDLASGLJwLAJnJUtB
mmdm2_si1555,wJlyLHyQGsJUNnDLMrLk
mmdm2_si2082,vrLhGFBwECnBLAsy
mmdm2_sx102,JLhcKBLMbJLHrUIcJLTPvaJcLzPULCDLAwLDcLHrU
mmdm2_sx12,SBIFQwDSrTBFBwBy
mmdm2_sx192,JLMIavbLMJrImFtbKwDlwJLTr
mmdm2_sx282,lwLMPNtrytrLucLMLAcCSwEIgLzrULMPNtFBe
mmdm2_sx372,lnLhgLuInDCsLAJnDULvGBybLArCcLHJLMnmy
mmjr0_si1648,TFUwtrBwCaILDCFLMveBLSwNLASgwLhwmcQBcLMLABLkwULHBsDtIaCLMU
mmjr0_si2166,BLALJIyUaILJaDtBFSaFU
mmjr0_si2278,hkvyLMsLAKwDtagLAveDyULMPLhnLkrCU
mmjr0_sx118,HcLhgDaBlwDLkrywCULwvbBaILzLhFB
mmjr0_sx208,hIaLhJbLhglcLHaDLkLwDULknLiLlwKLMIsLhvyJtU
mmjr0_sx28,hsElnLuaILktrSIDLknBaDcQLAbJU
mmjr0_sx298,gLkIbLkwDaLHgDyKPULlnDLQyFQrLiarLzLM
mmjr0_sx388,vrvbDsLAJULDnQrlcLhrICnLMrLALHrKrLivwDLzwU
mmwh0_si1089,HrvbLHJlwEULSrylwDSrUlnD
mmwh0_si1301,kyDJLAwDtaIDwCLHSaILDLhIwLzLHwLMSyDwLHrUwDLwDtbLAcLMwy
mmwh0_si459,vytrlrLHrLHIFPULuIbDLJclcDcDULhcJUctgLkJFCtrLAJLhrCcLHBvaJLHcmBJU
mmwh0_sx189,kwULMrsQIytaeIBsPLMwCgamwLJU
mmwh0_sx279,beBJwUwLhwBLMyLMcSrLSlnBJwLHrQwKwDwULDFLSwNwy
mmwh0_sx369,haLHsLHrLkFQrLhBwQwErCTrBU
mmwh0_sx9,SrIyTPSFSySrSbgy
mmwh0_sx99,CwLkyQBJgsySwULhsJLkaDvgrLAyU
mpdf0_si1542,lwtyLSraCysKPUwDaQTwJLkwJiPLHr
mpdf0_si2172,JLkInELNLhyLubCLkwUwLHcLHcDLkeDvwULinJLU
mpdf0_si912,TPCsCsUKrJnFtwDwLASrIyFCbLAtaI
mpdf0_sx102,JLhnKBLMbJLAtaIJwULInJLATPvaJLMwLzwUtcCLAwLDbLHrU
mpdf0_sx12,SPIaLhwDPSnrFTFBFBwBy
mpdf0_sx192,JLMIavbLJramctbKPDwJTr
mpdf0_sx282,lwLMPNtrtrLucLMwLAcCScDIaLzrULMPtIFBe
mpdf0_sx372,hnLkgLuIbCsLAJnDLJFCynLMrCcLiJLMnmy
mrcs0_si1223,lrIsLAFLMIbDCgLAIbLhwLU
mrcs0_si1853,lnJULwQnDJwLArLkwDQwLkwDULisDUwDwLHwrwDULwDPSwDUrIgDLM
mrcs0_si593,lwLubBcDLkvbLJwmyTwULkgEDcDULyLk
mrcs0_sx143,lwJgeDwLzwDwtrULhTPLhBJLAwrLlybQBFLH
mrcs0_sx233,vgSsynDktIySsCyDwDJsDNsE
mrcs0_sx323,lctaLHIwQnDwLknCtrCrIgQwEDaDLMgDwC
mrcs0_sx413,kbtLDyJSyULDyBLHGwDLJLAartLCbLiLMrJLArLk
mrcs0_sx53,ylwDwJwLHBLhcLAbLkwBryLAwDLMyEJwChBU
mreb0_si1375,atnDLkaeDwLULMInJwCLHBywDwLAsLMwJrwEwFQwLMnDKwDaIyCFKwD
mreb0_si2005,vynLkBntLMrwDLhgQwLNwLAyEtwCFsyrmySwLznDLMFQrwDLMaC
mreb0_si745,HIsFSaILMnFJLMwUTPKPB
mreb0_sx115,lywCPcCLkwLHsLAJyLAIaLHSFJUaBQSF
mreb0_sx205,CFLMrsLHrJreaILAJLHnLMwLMIFLhsLunQCwDarU
mreb0_sx25,FCsCGrULBFQNCsyDwrU
mreb0_sx295,wLArFLAcCULMCaeLvnQrIsDktrCyEwLMP
mreb0_sx385,vwKFLkrteLHnUwtwSaILhIFLAwD
mrjm4_si1489,vcDkBaJLAPBLhwJgEC
mrjm4_si2119,DTwDULMwELMwLkwJcLHcDebULhwDCaJLM
mrjm4_si859,sCgCLkwLMrLhyLMrLHgwCTPUySBLHseatIDcSrLArCLMFrwLMgrU
mrjm4_sx139,lcLhcChFScJLHFUCSyJwLiPswLhTrQwKr
mrjm4_sx229,aIyQcLAyCtaICLHSaDCLk
mrjm4_sx319,wLhyLuFLHIgLBybCBLMIPlwtaICvr
mrjm4_sx409,yDULHwDPKLCgQyDAIyKwULMIwELCIgLATrJSwy
mrjm4_sx49,vbLHIgLkcDLkHIFNLksScBbDLKrLhBy
mrjr0_si1182,hcDcULkwtIwDLzKysLkwtATPFLhyUgLkynwU
mrjr0_si1812,wLMrnLkywUDFLMgDtaIwLArCwDsKwDU
mrjr0_si2313,SnBLzKwDTrLkwLhDvyLkFDBySagDLwDCwULMrvnDryLkwLDTyQwDLkPlbLHSeB
mrjr0_sx102,ULhcKBLMbJLMtaIUwUInULAyvaUwLzwUtrCLAwLDbLHrU
mrjr0_sx12,SwBIaLknDSnrsTBFBwBy
mrjr0_sx192,JLMIavbLkJLaIremctgKwDlwUyr
mrjr0_sx282,lwLMyNtnrstrLkaLMwLAaBCSwDIaLzrULMyLNtnBe
mrjr0_sx372,lcLkgLuIbCsLAJnDUFCBbtLMrCaLiJLkcmy
mroa0_si1307,lwUwUDFDwULHcQLCsKLCFQwDLkLHw
mroa0_si1970,lwLArBDwLkwDtFLDwDwCyLMPLkwLkaDwUwLCFSDFULrIeD
mroa0_si677,HCLurSBLAIPDULMCLhyDFLkwLkFULSr
mroa0_sx137,ArLkwKDPLAarULHIwDFLHIPCBtHIcDryLkLHr
mroa0_sx227,lwLJwBNTrLkLAScLNFLKPLhr
mroa0_sx317,lwLAInCLhrwLhFLkwLULhrLHIwLkyDFLC
mroa0_sx407,BgcNULhsbCLULwDJsEwtaILiDCULCaBULHaDTPD
mroa0_sx47,CaCULMAIaESyLkwUBgLULnLHLMcLzrU
mrtk0_si1093,ScDFCwJwQaILhyvsQwrLkyJgJy
mrtk0_si1723,wDySgLhynLkIrQLMwLhwDtrDFSr
mrtk0_si1750,AwlywCbJrwDJFtHwlwCbDcDLkwJgLlwLHIgCwDwJLMrtsr
mrtk0_sx103,AaDbLhwFUtrCsmwLAFJwJLMwDU
mrtk0_sx13,JSwEyraICwUvgsKPLAsnD
mrtk0_sx193,SgLSgraIFSwDyFGUTPUCagD
mrtk0_sx283,HgnDLHvrDvFDaILwDwUsKDULHrCFDLhrNLAwDLMtrB
mrtk0_sx373,wChaIwEDaQFUwJwLHrCJByLHwELHvwDFB
mrws1_si1130,KiwQlyLAJFBrsEuIrQNwtLMrLCnBcLzTPlnDSaIQcJU
mrws1_si1496,bQLMrQbLhgQrQUtScUwLAUFLMwDLHSyUy
mrws1_si500,lnrCaIaLNywJLDwDtcCsDybgLAJcDrDyLHIgQwmgJryU
mrws1_sx140,nLurLABLMrFLHIaQrLJtrCyQwDByLkwULMrLhyLkwLk
mrws1_sx230,cSeFBySsvwrLIwLIbKBSgUaBrU
mrws1_sx320,lwDwrJwDwELuagrCsDaLhySwNwDSaLAwELkwJLMwLU
mrws1_sx410,uIwLhgULtrKLCFLHyLMLSyLksCaIDrC
mrws1_sx50,AbgnJLMIatrLAyLAwDFCrLAcLhbLAJLCwLhBcLlcLHBar
mtaa0_si1285,NwCByIbJLDyELHIaLhSwSBLhyDnJLJry
mtaa0_si1915,hwSwUlnrlwLKPSwLkvegctLMywDgLMrIyDcDJysKDLhsLutrLuwQDcU
mtaa0_si596,aDlyUlytPwBsLAwDCBagk
mtaa0_sx115,lwnBFDLkcLHwLAJlBwLAaLHBcUaBcLuBF
mtaa0_sx205,lFLMryLHrJLDaILAJLhcLMwLMPLhsLkFQrCwLhSrU
mtaa0_sx25,SFDByBGyrUBFLCFywlnrU
mtaa0_sx295,lwQLArIFLAcDJLMLCaIFBLvcQrIgDUtrCyDwLMP
mtaa0_sx385,lwKBartFBLuwUwtrLSrLhIFLAwD
mtdt0_si1994,JPBtaByULhyrUScULhwLuwCywCLhnLDCsbDTPLzwJLhnDBSamcCaDy
mtdt0_si2254,ASgByvyLkwLMrQwDLkctGFvr
mtdt0_si994,vrJLMcmyQvwULMrIySFULHrJwULMcDSyLHrJPLk
mtdt0_sx184,hwLAnLMJLCyeagUvrLiLCgTrU
mtdt0_sx274,ABctSFUJPlLhclcBFKTrywJLCcJgLz
mtdt0_sx364,TyLzcDLMgCBywDLAcCBaJLAFUJglwLSwNlcLhrLkFDcQwvyEJwULMcCLHaI
mtdt0_sx4,zsCsrCaICgDyLhgSrLAyEvarLk
mtdt0_sx94,TFJLMrUQBFQLAveQwDLAbDLhywULMIyLJU
mteb0_si1133,hyLAwDLHrLzbLABaEIsDzLuFBUtrLJneB
mteb0_si2064,vySwULuwtLMwLkSwNbDFCbEwLMwUFDLnDcCLHFDcBrtrScCsDnDsDyIsU
mteb0_si503,hnryaJLMwrynrsJy
mteb0_sx143,lwJbeDLkwLzwDwtrULhyLBJLAwrLhybDBF
mteb0_sx233,veSsywDtySgCyDwUJsDNgE
mteb0_sx323,lctaLHrQnDwDkbCtcDrIgQyEDgDLMgD
mteb0_sx413,kbtLDyJSyLkwKLDyLkBLHGLULAaItLCbLiLMrJLAr
mteb0_sx53,TyQwDwJwCLHBQBLAbQyBrsLAwDLHsDJnDLhBU
mthc0_si1015,vsynDLHgKraIQyFlrLiyJaIKwUcQSgLJLMaLAtyLk
mthc0_si1645,JcLiKULaLMCwUcCScULCLHByBycDLzcJLMctgLk
mthc0_si2275,wDkFBLkwLkFLAlrytwKDLknDKwLKs
mthc0_sx115,lywCLhBwDLkyLHrLAJlywLAIaLHBFUaFBwLhPFB
mthc0_sx205,CFBLirLHrJDeBvaIwLAJLhnLMwLMPFLhsLuFQrCwDLMarmrU
mthc0_sx25,FCByBGrUBFLCwBywDbrU
mthc0_sx295,wtLArBLAcCJLMaIBLvbtrIyUtrCyEbLMPB
mthc0_sx385,vwKFBLkrtFBLMcUwtwSrLhIFLAwD
mwjg0_si1124,lwLhyLASFLMwCyNwDCaItByLtrvwUwDeBcJwUwUDCLHaILDLMCgLlyE
mwjg0_si1754,vyJngLlwLAIsUyLtSBLvbtHBgeD
mwjg0_si494,hsLAJLBFBywLByULHScDvbLHerBaELur
mwjg0_sx134,kwJwCLhIwDLzgDySrLAIcDgJLCcDULMwULHnDLkwDCgbDy
mwjg0_sx224,vFLAPLkyUTrwDLkPrDU
mwjg0_sx314,wLHyLHcSPCSwLinDrwULlwPLhyDFDyLtcSnBtnr
mwjg0_sx404,haILhLhrwDLkLHvyLHrwDByUwDwLHyLhaDtgr
mwjg0_sx44,hbJLMwLHaBLAwDLhywDwDwLMvyEDLULSr
fdhc0_si1559,kPUPwByLhyUwLHIaLAUwCsQwLSwmySwJltyByESwNwDwDJnBt
fdhc0_si2189,yJalcCFSyUlwLunlrLhFUyrU
fdhc0_si929,hwLkJnLiLAsUwUSrwDlwLHbgJLMnDTPKPB
fdhc0_sx119,lwCwJLASFSwUIyLMIbLkwLSwlwDcLHFBwLzy
fdhc0_sx209,CgLAFLABwLkwLhnLkrCSaBwNLAIEegDU
fdhc0_sx29,vnBLuIsLkwLHwLAwLHlnLHwQLhwLMsLknCU
fdhc0_sx299,KyDyELHIyCwUwLHaLHTPrgDwCgDvFSyD
fdhc0_sx389,hsyFDwLhyEyveJwDlrCFLAwDLMIyJgLk
felc0_si1386,wDSsLzKLDwLuFKysKwDUlywDLkwJLMIyLharLAwDUwUyTPDwDLhwlwJwDBywDTwD
felc0_si2016,vyQaDFULIFLHJULlcLhFLHJLAcCcDJLkeLA
felc0_si756,CwLMrwBJULJrwCwLCFSwDLABsyLInLkSgLkaILhrt
felc0_sx126,artwKBwDLMvBwLzwDUwUtrIyB
felc0_sx216,lcJLCFBLhSFLHScLHcSrCcDvFLA
felc0_sx306,cLiFUwDNvTPSBLhyLAcDLznDrBJU
felc0_sx36,BSwLkwCFJLMwLAvBCLHBcJULaILwJwLMwDLHaLHwBrLky
felc0_sx396,lwtwKLhwLuwDLkcSyLHIwDLMwLABywDcJrQcJcQlwJLCFSBgLA
fjlm0_si1043,DrLJwLHIgcUwECByLlwUwLHrFLiULkwLDeSgrLA
fjlm0_si1673,SwDLlsELAvyNHgaLDcLhgmyDFUcLhbDsTbn
fjlm0_si2303,wDKaILnDLMwLharDAaILhrBNtrsULJBgnKJLMwChr
fjlm0_sx143,lwJbcDLkwDLzwDrJtrULhyLuBJLuwrLksbDkBgB
fjlm0_sx233,veSsywDtIySsDCyECwJgDLMnDyE
fjlm0_sx323,lctaFLHrUwDwLkywCNrCrIgaQwEDaDLMrC
fjlm0_sx413,lbNyJLSyKLDymBLHBSwLMULAagrLCbLiLMrULAr
fjlm0_sx53,ylwDwJwDLQBQBLAnLhTBrsLAwDLMgEDJwCBU
fmgd0_si1564,gULhwDQIySwULhbeDwLhgUDsLuInBtbDUwUvbDQnrSrLhIsUwELAbmB
fmgd0_si2194,vynLktaBwDLMwSwJatLzaLvwDeDwLzaLhSwULABcDwDySwJLMIbDkw
fmgd0_si934,wNryJsLhnLkFBNLMrUarsLHIgDLMaILw
fmgd0_sx124,aLzwLAJLCsLkwLATPyrLhTPmwtB
fmgd0_sx214,lwCGDwEDLuPcDwULhgrSnLuBwJwDLkwDwJgD
fmgd0_sx304,iyLJLMeaLAwDtIaDlwtrJLMgDrSaID
fmgd0_sx34,keDLkPLMrByULMrmyLksKwU
fmgd0_sx394,AeJUyDCsLAJLhFDUwDLMyLMJLAraC
fmld0_si2185,KyJwLirLAtrQDFLhFDUwDKInLHJLSnDLhbLHr
fmld0_si822,hBLHrLhrLAKwCsLhywELAIyULhgLhybLHsDLQnLMwQLHrLHIyUwLlwJLMrLk
fmld0_si925,hcvySwUwLHcJLMwLkywULSgLMwLhaIrJLMwQ
fmld0_sx115,lywCBDLkwLHwLAJlwLAILHSrUaBcLuSF
fmld0_sx205,lcSwLMrLHrJwDeBrLAJLhnLMwLMSBLhsLucQLhrwDarU
fmld0_sx25,SFCSwBGrJBcQCsywDrU
fmld0_sx295,wQLArFLAcDJLMcCaeFvnLhrIsDLztrCymywDLMP
fmld0_sx385,vwJKBLkrNFBLkwUwtrLSrLhIFLAw
fnlp0_si1308,wDLMywDwULHaJULhFLMwJnLHIsylcgLMaDLvHnrCwEDnDsLtcQDwLAByrntnLU
fnlp0_si1938,BgmwQSwDLkFULuBFgLzwFLhgLlPLlwLknCHFr
fnlp0_si678,teQgUJwDCIyLAwDJwLkrLk
fnlp0_sx138,lwLAScDUyLAnJLMwCrJLkwFNJwCyJLkwDUwQLHrtywD
fnlp0_sx228,lwQyLHSgLcFQrBwLlyngUMwD
fnlp0_sx318,HByNLMwDCcDLlwLMsDnUcLhctFtIgeDJLM
fnlp0_sx408,kgcLkQcLkwJcLhBsLhnDcvnQwDwDnDLMinsyELz
fnlp0_sx48,uSnCclreLuPvrbLhIyEyvwDLvnmyLAvgwLU
fpas0_si1272,SBaIQrLMrnJLMrtcUwLAJU
fpas0_si2204,HrmyJPaICwDLATrQFaDLArtBlcCLhrFUcSaLAwDULUwLA
fpas0_si944,wvwtarCwUInDLMwLkrIwCwULhyLHnDgsLk
fpas0_sx134,kwUwChrLznDrDgUCcDUwULhcDwCgywCy
fpas0_sx224,vHBLuPmwUrwDLkrDU
fpas0_sx314,wQLHyLharCaILzrDrUlrLhwDFDyLktrSeBtrC
fpas0_sx404,haILhrDLHsLHrCByUwDwLhwLhaDQtgr
fpas0_sx44,hcULAwLhFLAwCLhyDnDLkwLMsDULhar
fpkt0_si1538,wLAnrLzLArDKLhgsLULkwCBgDLMNFLMwDLlPlwLuBFD
fpkt0_si2168,lsCsLAnULADtaICwJBcLun
fpkt0_si908,SyFSwUlFSyQwLkgQwNrLhPLMJaD
fpkt0_sx188,vPSaNkIgNyDBwCwDwmwLAJLhnUwLAeD
fpkt0_sx278,MwtrlrvwULHrJLMyLiMyLAsUDwCIyUlcSaBULMyLzrDB
fpkt0_sx368,BaIyULAaJLMwDymwLhBgDLuSFUwLhyLACLHByBynBwLun
fpkt0_sx8,SgynBFSaIyFQrJwBygLkwDU
fpkt0_sx98,unJlwLAScKwDtcDybDLJr
mbpm0_si1577,hIeDgUgLhIeBCcJLMbK
mbpm0_si1584,hnLMrUatwDLArywJUhaNwDLMcCLMwLknJLASnJLiwDULhyDnQrLkn
mbpm0_si947,tATPIrBrUwLHrLMrLMwLhgUFDwD
mbpm0_sx137,MrLkwKwDrLASgrJLHInQBLHIPQBtrcDLkrsLzLCnrLz
mbpm0_sx227,wLMnBNrLkwLAwLASwNbaLKrLr
mbpm0_sx317,lwLAIgDLhrLhaLkwLMJLurLHrmywDamcC
mbpm0_sx407,SBbtLknDLJDJsEwtaILiwDJLBeBUcLHgDTwQ
mbpm0_sx47,CaCULMaDBwLkwUBgLMJnLHwLMgUrU
mcmj0_si1094,DnrLAwDwJLHwLHryQTPrUCgLMwLAIagULHsULDyFgJLMw
mcmj0_si464,lwLHIaJLHnLHrQLArDwELhbLAJLhnDwDvwUDrDLHgUwDSwDtrDwLunQrDr
mcmj0_si602,hwLHwKrLJrQrJLtFDbeCrSwLkreCLunDLJwCwJnrUrDwCar
mcmj0_sx104,wJlFgLkgCtrCcLhnrLr
mcmj0_sx14,wtaILHrUlrUwLuUbCIyQyrnQytaIDr
mcmj0_sx194,CsDLzrsrLSrDgaILkrKwD
mcmj0_sx284,zbtLHrILTPIaILkPmwDLtsQrQrJwDLMrLTPLzLHrLirU
mcmj0_sx374,zgDLACsEULKatrKtrQrQrD
mdab0_si1039,vyvnUDnQrvwDJnBLkFsvytBSwLiLMLhyvsLSwLiwQcJvbcJU
mdab0_si1669,hsLAJgmwLkwDLkFwLkwDctgrJFt
mdab0_si2299,JcDLMgUyLAFJgmFcNLSctaBnULhywvFD
mdab0_sx139,lcLhcDBFJLHFUSsJwLiSymwQwlwKar
mdab0_sx229,SsyBcvAyQaFLHGFSwLM
mdab0_sx319,hwLhwLuFLgDFBysLhBLHNSwNtaIyaILk
mdab0_sx409,ymyEJLHwlnLJLCsByLAIyJwJLMIwNIgLiBFJBy
mdab0_sx49,hnLMSaBgLMcDcUtaNlsBvcKwLhBy
mgrt0_si1450,CyLMULlrysKDLHIDcJnJwDvcQCyLkvFUIyJyQLkyLJLkwDLUyQwDCwJLMwLusKwD
mgrt0_si2080,vyBwLDcDLAnrywLhIyLAsU
mgrt0_si820,hglnDLkLScCtyBUcLCsgLhnDwLtarJwULgrULzwDIFBLcUwBnLAwLABtarJU
mgrt0_sx10,gvrTrLuIsLUvgrBarlcDnDLJyU
mgrt0_sx100,HIgLzwLkwQnBCcDLHLScULHrJyELMPULBFBy
mgrt0_sx190,JrQUwLABJBaLvbtircLbDLlyBnB
mgrt0_sx280,lyFBsJwULSFUwCragLz
mgrt0_sx370,lwDCFwULHIaBcCLuIFULCSrcDFByLiLksy
mjdh0_si1354,SwNwDcBaILzrJFKcJwJLMcCSgQwJLMrLAKIFDtcDLkACBJcLHJwJLMcCU
mjdh0_si1984,wDScDegJlsSr
mjdh0_si724,wLMwJLMIyCgEIgtBtbJLMwDSFCsLk
mjdh0_sx184,wLAbLiLhyeSGyUMrLMLCgyrU
mjdh0_sx274,lcQtSwJPQLhcQcBwLirIyULCwJaK
mjdh0_sx364,yLMwDLMaCByELAcCaJLAFDJgDwSwNcLhIyLkeDtwvyEJwJLMCLHaI
mjdh0_sx4,zsDCsyrDCaICgDyLhgSrLAwEvaILk
mjdh0_sx94,wDcDJLMPULBFQLAaDwDLAbDyPULMIyLiU
mjln0_si1449,iytwDLMrJLMwDIsLkTwJLMrFUsKPDrUgLUwDwCBcLMrJNrJwU
mjln0_si2079,lsDwLJBbLlsrtgJLJ
mjln0_si819,lswrtaIJwUwDaIDByLPLhwDwDBnLMIwJwLkyLnDBnJNwDwDCgEPtwUwC
mjln0_sx189,lwJLMIFGynQIytgeQrBsmwLMPCgamwLJ
mjln0_sx279,beaNwlwLhwBPByLMSarLHSwDeLJwLhrQywUwDLvwUDFSrUy
mjln0_sx369,haLHsLHrmFQwlclPyEPCPCwrBJLU
mjln0_sx9,SrSrTPSFSySrSsE
mjln0_sx99,CwLkyQBJNJgDySwNLhsULMaDvgraILAyJLU
mjmp0_si1535,vyLMbCQBQBnJLMwULHyKwLktsB
mjmp0_si1791,DeFlwCbDSwUDgDLMIeDLvyCBwDLkrLvgyLubLMgLkbLhLSwNwJLMIsDPKr
mjmp0_si905,vwUSrLhyvybDLzwJwLMLksUnLMwLkwtBg
mjmp0_sx185,AwLzPLhgsDyLAarsFQrFQtU
mjmp0_sx275,JLMyQaILhIgsLIsLAbgUCnrULSgmr
mjmp0_sx365,lwLkbDwDCLAnLMwUQwLMwCLAarLknLAnCLHGByELtwNIyerU
mjmp0_sx5,KywJLMnDrlwDvwC
mjmp0_sx95,wLuCSgDgUwDeBwLksmrUrLMbLHwLABIcLMgBU
mklt0_si1213,CeFDwLMJLhwrLUwULFLJwDLHBrBgDU
mklt0_si1843,KPUIsmytarLhIsmwQnLMrUwDLkyIaQBcQrCFSBLHaID
mklt0_si583,lwJLSwLAwDJwLHcNnmwLHBywDwJLMsybQ
mklt0_sx133,HwLMrIyrUwLALlyCwtSrLASwLCcDLiU
mklt0_sx223,HwLAcLhwLicLhBaLMsLhBcDLkwLurIaLz
mklt0_sx313,uIatgctFDUDlcLhaLiLSctSIyLuPe
mklt0_sx403,cSaILkIrLADJwJLMcQFDSyJLArLJwCLhBFUDU
mklt0_sx43,nBLkPQwLHyQBSraBtcDwLAJLASPLkwLk
mlll0_si1363,JcQByULHwLAkwBsKwDULCywJcCnrgLclrUwJcDBDwDLhwTPDJU
mlll0_si1993,KwLKySsLAwC
mlll0_si733,kPQGgLHcDLKIyDrLAHsDwDLMwDhyLJLMnJlcC
mlll0_sx103,AaDnLklwDJtrChnDwLABJwULMcLJU
mlll0_sx13,JSyETragCwUvgUwLAybD
mlll0_sx193,SgLhgLaFLSwDTaFKPUCgD
mlll0_sx283,HBsDLkLHrLkvlwmkSaILuIwUsKwDULHCFLhrNLADLMIFB
mlll0_sx373,cLhaIwDaCBwUwJcLHrLhJwLAwDLHnB
mlnt0_si1574,hBgJLSaICLkrIeClcLhFBLHCnDLMBULwDSwLMvyCaLlwLhgLhrsnLM
mlnt0_si1902,lcLHaJwDLuBFLHcJrLrIgLM
mlnt0_si642,knLHaLJLHrLMPJLMnLHIgmrJLAnLisrvbDaLHvaCLHbD
mlnt0_sx102,JLhnKrLMbJtaIJwULInJLATPvaJLMwLzwUtrCLAwLDbLHrU
mlnt0_sx12,SFSaLhwDSrsTFBlnBy
mlnt0_sx192,JLMIaIvbLULrerthgKwCLkwKyr
mlnt0_sx282,lwLMPLHrtrLubLMwLAaDCcDIaLkrzLMPLHnBeLM
mlnt0_sx372,lnLhgLurCsLAJbDULHgESyLbLMrCgLMJLkgmy
mnjm0_si1580,wuaeGsJNsDLlcveCaDywLwDvcULHaLAw
mnjm0_si2210,haIwLHrDbLuIcNULScLUBSgQr
mnjm0_si950,bNJaLlnBScULhyaCLHaBLNnLJcDvbDFDyDwLMcNJclcLAsKwDLhgsCbNwLz
mnjm0_sx140,bgLrLAaBLMFLHIamgLJaraDsQFslwULMrQPlwD
mnjm0_sx230,cBeBySsvnrLhcIebLJCagUvaBvr
mnjm0_sx320,lcDrJcDcLhaLHLCnDaLhPcJFSaLAwELlcNcLU
mnjm0_sx410,uIsLhgQtIcLJLDnBLvyLiLSyLlsCaIgE
mnjm0_sx50,AnmcNLAIatwLHgLAcDaCgLAcLhbLAJlwLuHBgLlcLHBar
mpam0_si1189,syLktTFLucDUrLAbLirLkPLHwUwKwD
mpam0_si1819,vTIcLhwUgJLByLhBySwNScDvTPLzLHF
mpam0_si1961,ScJnLkwLMHSwLiLMwUKrLJLCByQLwDytFLlcLhIyQLhrDwUFLhIarC
mpam0_sx109,KiwJLBwLkwDULhIywDLkrgELASaCwJLkyLHJLSFLH
mpam0_sx19,cCFPDwDCJFQSrLAwDatDLhytBwCUy
mpam0_sx199,TFCLiFLkrDLziwmrQarLkwLAKLhFUrLMcLAwDLMsLzwULkwUPUwU
mpam0_sx289,SclwLHrQLABaKwUrQrTPUtBDUyFmB
mpam0_sx379,HvnCLkwQLkIcQwDCcJDUFDLlrJLMsPrU
mtas1_si1473,TFDykwDctLcDy
mtas1_si2098,vyLuyQsKaILrvaILhBgbtwDBwLMwvrDFwEBy
mtas1_si838,wELAIyJwEDLMnLhFtLhyPLHIemwLkwQnBLhwD
mtas1_sx118,McCLhgDaBlyCLuIywDULwDcSaILkLhB
mtas1_sx208,IaLhJbLhclcLHaLkLwDJLAunLzLMcJLMIsLkyJU
mtas1_sx28,hsELknLuaILktrScCLunBcCLhcQLunJU
mtas1_sx298,gLInlwDcLhglyKPUlwDLhyFQrLiIarLALM
mtas1_sx388,vrIgLkvybnDLsLAJULSwDnQrlwLhrQCnLMrLHrKrLisDLzwU
mtls0_si1370,SwCsUtslnLvwJLHIQcCSwULhgLDFLAJLMLChwLHnLHyIrtTyULMIyLCwD
mtls0_si2000,SyLAwELuywLhwtSwLhysLkLvyUtwLHsKwLkly
mtls0_si740,kPSwNeLtnDLUtyLHsLhBLaBcQU
mtls0_sx110,lcLhnJLASgLMcCrDhwJLMwJeLhnLAJLMrLHIeLHcDLU
mtls0_sx20,KTPSarSrCNtyJySBCcDFtreBU
mtls0_sx200,IetLAwDLMIFLkwJLMeLHaLMLtrDlcLHyLMrU
mtls0_sx290,lwJLHrKrwJLHArLlwQtBCLMwtrLHrULHrLMwQLhgr
mtls0_sx380,SgLMaILziCInDytrJnLiLHrLHwLz
mwbt0_si1553,vFSFQclFBwDrIyCsyLkagLhgLMwLhgJnQBLkFUwDBcLitrFDUJcLHrFU
mwbt0_si2183,hFLAJFtFKDFLAJU
mwbt0_si923,MwCnDynLAJLhrLJlwJLMIDScUwDnQclcLhB
mwbt0_sx113,sCcJLAwBcbLkcCcDELvwULuOLktGTywLhbgLA
mwbt0_sx203,lwLHgcUSsywDLkwLkcLhIcLHBykcLlwKPar
mwbt0_sx23,lFULDPUwKPDUvgeDcDgULBgeCBFJGy
mwbt0_sx293,lyULMsLlwULkwmyLMsLhBLAaJLMwlwLASyDwUtcCsy
mwbt0_sx383,lwLAaLHwLASymrULKsbDLHPLkgeFGaIycDLMFIFLk
mwew0_si1361,ScmwDwULScDJnLKDEPSFLAcDalPmrU
mwew0_si1991,SFNLhyLHBIFDwJLMIyLMwDLAcJlwEUwDCbJLAJLwDnDwEcChaB
mwew0_si731,lctvyTPUBsmPlwLkFCLtFcD
mwew0_sx101,kwDwLunrDiwFLkwDLknLArsLlrLASnJrDUtIaBFLksU
mwew0_sx11,vyPBeFrInrBgw
mwew0_sx191,SwLkIaBtFDynLAyUsKwDUwScDLU
mwew0_sx281,AaIywDLMIwKLHBsLMnLSwLhyLzLhaBUtrFrU
mwew0_sx371,IsLDecCwDcLHwlwLhcJLHbDtrLhPUDwULCrLzrU
