id,phone_sequence
fadg0_si1279,NIjALmcdImIojNrIwjNsj
fadg0_si1909,vIgnjJsmwjkyPwLNIeoLjlwQyjNjJNPrj
fadg0_si649,wjKlnjtIjLNImcoIgbjkcjNJymwjNybjHrjlwLwImIjLjkbjNtrBIcjABwyINJsj
fadg0_sx109,NyLBnjNwpLjNIyDyIyjAoQcmcLjNyjLBcjA
fadg0_sx19,AFBIpLnBCdIrjAyEcacjwphyKBcpQLwJQ
fadg0_sx199,lyIDjNIBjkIyJwmPQkGBFmxjNjkesjNrjNPjkwQNPsjzwLjNwVyLwL
fadg0_sx289,kGbmwrjNIjNjABgjJwVwPRuIDyLjkoIpKyGgFoq
fadg0_sx379,NBCphywVLNrIsmyopdcKpmpVaBjNrIyLjNsL
faks0_si1573,jNwLjNgjkcwFVLjtwnmjkgnjuwmsmwLjkymwtkoQkBjLvxPIFImxjJmgQhy
faks0_si2203,knPImjwLwLtwQkwLjkagsQLyQkKIoFwjJxGIgQ
faks0_si943,tKHImcjwJwIwjtaGojtBarCpFGcjALjvlwjHmsJxL
faks0_sx133,wjLIjwVcjNxmyDmwtrjvAGnjvABFcxjwJ
faks0_sx223,cjtwQkcjNIjkBgjNmyQkFcmwQurIagsJ
faks0_sx313,uIgjtIgjLtInIDLxmcQkagjALjvkBtGImyQkcGgo
faks0_sx403,ArFmFncjkIFojAxLIxLwQhFwjLjArjLxQkBgeBjLwL
faks0_sx43,zbFokIyjNyjkFGcIcjNxmwjALjAPmPmwQhw
fcal1_si1403,mxFBGDjNbEpbEuxjHvGjNpbwLcgjAjAGdQkFgbmxLmbjlbxLxjLtbc
fcal1_si2033,lGEQhwjAqFcLBJbmxjArFGbLjNFEFgjKlDbL
fcal1_si773,lcjHIcjlwbxjALjNrgxLBFBwjtIxLxrIFQlbxL
fcal1_sx143,lpRLpbCmwQkNbtIlQkyQuFDLjNyrbQhnbDbFBcBj
fcal1_sx233,tgBGsybQtIyPBbxmxDxLbxjAbDQ
fcal1_sx323,lftcQHrRlbQhbjHIrSIgblxDcDjVvcIQz
fcal1_sx413,hxbjpyLvmGyjwkcjNqdgDjNjAarKlbjJjNxLjArjz
fcal1_sx53,hyEbLNbQkFPcjNbQhyFwrxjwJxjNvbDLxEdL
fcmh0_si1454,caIwjNPcsyKlcEsPApgQkJypVLjivSrjlIysLjAcCRlpNsJsxVejHBcDbeKNsjL
fcmh0_si2084,hBebQhgnjNyPuwBpRwebE
fcmh0_si824,VeQhGQtrxVcCIsjNpkgsRNyByDpVcgDjHrjHIsJDNwjlyDwgDxjgjzHIxL
fcmh0_sx104,JyLjkeBdcQkgQtcCdQhsjurv
fcmh0_sx14,hyjABFnjlsLNxjNyQLIgCvKuIyBsruIytBaCydBg
fcmh0_sx194,hwsyDjNeBeseBIgjhDJsEv
fcmh0_sx284,NEbKvkesyPBaIyjNDjNsQureQlfLpEJjNyjJjHIJsL
fcmh0_sx374,NegEPABsyDNjNeBvtsJjHBcQksDN
fdac1_si1474,vgLNjAybEwJaEvDLlbQkBwVKjEageKlxLjAsjL
fdac1_si2104,tgtgvJDKlfgjNsPBgKjlwBQuBcLNyJzKzbBgbLj
fdac1_si844,kgcjLjNkbjEcjAdcjNwJePVsJwVjKJyjKHajNJjALjAgjLcFgbjNPSdjzsxjLjAbagJnEjL
fdac1_sx124,tcQJNjNLusjwjNyBPrQhwBmcjKfd
fdac1_sx214,lfEaEyPQkwFcEPxLjHgsjTPBbQABwLcEPQkNjKlbElxLgE
fdac1_sx304,JyjLjNgjAJDVNPIgeEcjtIxLHgbElwcSdcpV
fdac1_sx34,lnalQlPjNgadFsDVjNwyQkwJxLKj
fdac1_sx394,jNgcLwJxlksJjNjQhcFDVxjNyNLjAPaxD
fdms0_si1218,AcBjNPBaBRrjNEBgEJBSpQHbJxL
fdms0_si1502,wCxVEwCslwcjHBsjvbsjHJjzsJtEBexjNyQlfjHsjNQhbVxLxjNb
fdms0_si1848,SpyjNsSybgsjNyPCyjNSygeBgjHCyPBjNyjHBv
fdms0_sx138,pwjVcpNOjNxLxEcxLjNnoLqEcjKNjwxLpjAItJBpSz
fdms0_sx228,NpRyjAByeBRcPVcjNBesJsCz
fdms0_sx318,NIyjNjAsQEcjNjAseLpcjhytqStagLjV
fdms0_sx408,tgmPIcQuxLcQhdBbjlbvqSypbKNJsJSJ
fdms0_sx48,TIGbDmbmwIbcjwPpqIajHIBDlzsjHbj
fdrw0_si1283,lpwDwjVecjlwQwEsyegjNysceKtaeIgjNxjwJsDVxRIgjknSwJbjKtcjLjN
fdrw0_si1423,NQhgesQkeaeJyQhwgjKwQkBgeBQ
fdrw0_si653,VweBsmwjKwVwIysgnEDSyaFxQhDgFxQ
fdrw0_sx113,ksEcKNjAyBgQksEQKwDVjkyQwKtsyQhgjN
fdrw0_sx203,lwjAegsVLPBsDujhcQuIcjABIsyjKkajwjJeBg
fdrw0_sx23,kwVpyVwVyDNaEgsVEagkBxLBsJN
fdrw0_sx293,wDKjNsjwLjksyjAsQkfRtcjAwjARIxEwVKxEJj
fdrw0_sx383,AjAvajkxjAtIGEsJvaQkBsmgdIseFBIgjN
fedw0_si1084,QhbjKkJDRwCxjlkJyQhyDQhcKAdgRgJsjVnenjtgjwJjLJsjtgsjvBxjNjkgEwsJjNDRta
fedw0_si1653,AJDjNjtGcjcKtcQkKnsj
fedw0_si1714,jJIwLvuFBcjAjwBspngBkxjKjkJbjkJsL
fedw0_sx184,ksjkJgbjKlmyGgajtadFGsjNjvIyjxLEgjJywjL
fedw0_sx274,jAInjABxLpGPojtgQhcBjKJyrIGsKlBcKtgjKz
fedw0_sx364,hJjNbsjNIgmcIGJjkJcjwbgFaLjAFgspLtgjksQSBwjlxQkIsDjkbgjAmcmsJDhxLxKjlwQjyvFdbjN
fedw0_sx4,QKVJmGsgsBGBFgsxQhgcdIjkxQvdgjN
fedw0_sx94,lygIpwLjNwjNBcjArEIpjwJEysKjNIsJDj
fgjd0_si1179,dbsJwbQhwyNwjtbjALjlhyJ
fgjd0_si549,hwjNjHIGBrxLjwLIgxKxjANIbjtwIxLwRTcgIsJcjAbxLNIxLjNDNSdFxj
fgjd0_si818,lcIxLwGjAvrarmSFwjJjNIGxLEwjNvoGFnDzjtwsjNsQNPIjLcgjtbvcjNxLrIxjxNxjhcdL
fgjd0_sx189,VwLjNrFGjybIyKvaIBmGEwjAVwmcIbacmwjL
fgjd0_sx279,tbcjNwQhwFjAyjNPdFrjHcjHbxLxjNrQuwJPwVSbeBKdIxjwD
fgjd0_sx369,jkgQHsjHImcRqcmyPurCyrIdSV
fgjd0_sx9,tGArIyPvadGyPBFrdBbGDj
fgjd0_sx99,lpmnjkyPFoLwLIgsmyPBwVjksVIvgbrjtsDN
fjem0_si1264,kybCjNpjLcajNpRsQzmxjNLcPuIjVLjHBjkxtIjLP
fjem0_si1894,tIgjtaemIwJbPybEagjNyxjLNjwKyxVcQkcdQ
fjem0_si634,NyjywsxLjAvBgsjNIxLtBsxjNlfRSByQlxlrsCQhagmylbmxCphJEwsKxKSgxKNj
fjem0_sx184,lxjAvgnjKpyJgagBFsLNrjNCgwyJxEj
fjem0_sx274,AvnjtcjLwypjNjhcPBxjKJzmyxKlfLcEJ
fjem0_sx364,hyjKwcCQkVvCgsCGJjJxjACcEFgKjAvFbEDLcsmPcjLmfQtIxjkbgmyJxLcRLjtxPQvcIj
fjem0_sx4,NsyDmwsjrbEmcCRagEJQhcFrjNyACgIpQNjA
fjem0_sx94,TycEDjLjNIwjLPFjAIgmwNQkNJbQhybxLjzmy
fjmg0_si1181,HIgjtcwJyjNxjHIxjNwPknjNjhwEvbjNSIjhyjLjNwmbmbEwIgEgjxCj
fjmg0_si1811,HIAbcjNwcsyxjNjkGgIQhIbsjLNsQhIxNjNcjLVsQ
fjmg0_si551,JmwLwCIjwIbmwEbjNxjLjNwjNCbcjknjKtcjN
fjmg0_sx101,wIAxjCVNnpmyCjkxjAIGijNxjHIgjLNIbEjKtrvcQvcQhxgJDN
fjmg0_sx11,JyIdmdIcamcrIbcgQ
fjmg0_sx191,lwjKjNrAgcFojAaIyJvbjNwLxGJNCDVNwSdgj
fjmg0_sx281,vAdIwyDjNIksjLNjNIgJjNCgGQkwjhyjNjkcLjNrvAb
fjmg0_sx371,IgDbIpGoEIbmwJoQhwQhGbjKjNCIgEtrQhGjNDwLNPbxjNPxJLj
fjsj0_si1484,lbrFVFgExLjVyjAIxVbjNrjNjIxU
fjsj0_si2114,jkGJjhJNVwbjxFbmGbjlwVjkngxN
fjsj0_si854,xjNIQJxQkbjNxVngbUjlwrQhmwjNlnjVQ
fjsj0_sx134,NxEuIwQkJmPIPxgxVvhxjLjVjlxmxRFgJxmJj
fjsj0_sx224,AjwVyIwjNIxjV
fjsj0_sx314,lxNjNyQkFdIucOQkJwIxVwIxQhJmxmJQNxdISFRtwrKA
fjsj0_sx404,QhGrQurxjNmwQuIeFwVxQhxQtFgQtcr
fjsj0_sx44,QhbVjAQhcjAQhJmJxjkNJDwLjHSIjHQ
fkms0_si1490,HEbjNfBmBeVNBrsjAKjHvcjNxjScxLjNeLjA
fkms0_si2120,NyjABacxLKlnEbEbQzKhAbrRPjlIxPcgJwxjNjlxlfBcajHcQ
fkms0_si860,jAywPKcEkjKlPLlwRIbjNCxLpLKlkFxLpLjAEBcajNL
fkms0_sx140,jAsjrjABjNcajHIgjALfarevcCyPlwSkDlLjNxQkjpQ
fkms0_sx230,tcBcBwDBIxDJyrgKjQhcIsJvEcFcxLjcBemwrIpL
fkms0_sx320,lxPyPrpLNImcEIcjAPxEcjhyBxjNxIBAxSlxLVpCxL
fkms0_sx410,tcsQhcxLtIsJqlcBjAyjJqSByjNxSBcExQ
fkms0_sx50,NcLNajNxjijhbjNBcEBbjHcjkbjAKNCpbjlcjlfjHBr
fmah0_si1289,IKIDCIsQyDjNIbjNjGIj
fmah0_si1919,hGkIwpwjpwxLypyGsjKlypyGpyxjNjKkmIyDpIFGjNOy
fmah0_si659,mojNwLNwBojNwIpjJyoGBDjNpmopwjNPGjhxspCGKxtIpJoLjNPyExjN
fmah0_sx119,uwpwxjNjAIFBwjNPjNmbjNPQkwjAyajHIcocsQkJyJ
fmah0_sx209,pICjucjAIdImsjwQhGFsmICoaoGjNjHIGagEp
fmah0_sx29,gRCjIDjAOjNJBjAxjHksjHIjNxjAks
fmah0_sx299,VIwDpwNmympwNxjHIgjHwmdIgmbEBCIFImoJDpj
fmah0_sx389,ksBIbQhwDjJyILwpyIPBIcjAIjNyKVIgsj
fmml0_si1040,ScjyDyPVjNdSkbeBjNjhdEgjNLjNycEheJEzELBgjKJsJ
fmml0_si1670,HgjEcQhPLvIxKVeBmxJbKrgvLjkxjzgjJopydBgv
fmml0_si2300,CcEcQkeBxVjxLgsmxJVxgtxNjzJwsbgLwjhJ
fmml0_sx140,vsBrjAcjkJmrecjHgmbjALgSBEcBwQkVjJxQhyjsQ
fmml0_sx230,vcBIcBwyPBsJxIvKlwIgjncgxVcagdIJV
fmml0_sx320,hxEBbLwEwQkgSCdEgjhyPRSdgjNJDkxLVxjALV
fmml0_sx410,AIGypjHgxVKtIJvErgjzJjNAByjNQksdCdcgEdv
fmml0_sx50,vGcLjzgtxjHxjHgErdEcjHbKHgjNVSgQkcgKlxjHBdag
fnmr0_si1399,jlxLcmyPIcBwjNxLjNjNxLxjNPNQkNymFqImcOQkclxjAdaIrxJVbEcPkbEQ
fnmr0_si2029,vxmcjlcRfjvajAvbmbEjNPvlxVKucxLN
fnmr0_si769,xmxLcbQhNQuIgcBxlBRcEJwErSdv
fnmr0_sx139,NQhcgmcBFBcRLjAcLPcwNxjNcbmwQuxJcIg
fnmr0_sx229,IyPcjAyPtaIPkBgIjNQ
fnmr0_sx319,tvcQhyjAFjNvAgsQkPBwjHgEBQkKNImwjNIxJaIPR
fnmr0_sx409,lyjNyPNjhNmGQNjEgsPBwJPwLxLjAIyjNlrgjNPcLBwv
fnmr0_sx49,lxjNvcPbjcPcQtcjAjlxyvhFBbjJcQPByJH
frew0_si1030,uIyPyPmxjtIgrjAbjAw
frew0_si1280,wVNmcojNIjJpecQtrRrgIaSFLwbjLFwjtacjtIjNbjKJwQ
frew0_si1910,yBwnjkPIyjKcErbxvbQkxExDJ
frew0_sx110,lwQhbLIsmBcImxLxLFlnjKtrjHvaRSQL
frew0_sx20,JyPodwdIjNBwjNyPScRBrd
frew0_sx200,SrcjAptmrGQuwLcjtcjiEnQkBwjNwL
frew0_sx290,wLjtIjNPrGjAjNPjwIBGyEjAdaCxjNxQtIjAxVjlnjkyQhcbr
frew0_sx380,kcjNrcjNIyjAxLwjNjtrQhwj
fsem0_si1198,jKwVagkpLjHIgEv
fsem0_si1828,HgjVIPQkPKwsyJBQhwjLBnsyQKhBsjVIVNIdFBspjNInsVBEcsyjNPQkaIg
fsem0_si568,HCdIgswjHBIsyIVIaEcjAIjNxjHrpPrIEBgEBcQkIv
fsem0_sx118,AICpIwBpwIPBcpjNIBIjNjHBadv
fsem0_sx208,SIgpKwnjCcElnjHIpcpKNjksjLVNIsQky
fsem0_sx28,jKHInjuInjpIQNBIpycmcjNBg
fsem0_sx298,IgpmIjVIPSyVwPNkspkBRIsjJIsjKV
fsem0_sx388,vIcjyIpjkFsjNjImdIwjksQhInjNxjAjHIsJsQKJIBEJE
majc0_si1946,hOPSFfLfdOjvcaQuFVvuagPxLd
majc0_si2095,haOQhsQhsmsjNPJPwjNPQurwQmwyQJ
majc0_si835,LwBLuOQJwOjAxVLjAOBcfLfLurwPKvcmwjNQuftrPQurgPmfLuPFVPjJuej
majc0_sx115,jNJsQuBOQuOQNjALNjArajAFxLjvFdFQuFv
majc0_sx205,hwBOjAurjHrxLPrdrjAjtcjuOQNPBQuwjuOuI
majc0_sx25,vFPCoFIxVBFCcBwPmIx
majc0_sx295,jNjAVrajAaxLjAfCaravdRcIsENtrCymPmNQAwjA
majc0_sx385,mwJwFBQurKwBjAmfVfKwSOEurOQAc
mbdg0_si1463,hBjNsEedFrSBCbjNfCacpVpjNjNjNbjAQhcyQ
mbdg0_si2093,NPlbEatrHpVcEeLjNPRfBeVnEKSjzfjLjVcEjNElybeLjNj
mbdg0_si833,NjSxeLjHrwJEdGLxedsNQEJzej
mbdg0_sx113,vfCdVjNPreaQhxExEpLjlfQKprQhejA
mbdg0_sx203,lNjAvaFjNBybElpmPQhrjNByxjAJNrj
mbdg0_sx23,lfVDplwJzxEVKvarCaEagjCdrSjVvBsj
mbdg0_sx293,vByJjNsjANjNrIyjNQhdvdgjAPlxjNqcyDEJtrCNj
mbdg0_sx383,NjAarjlxjAyIjJbfjAEarRmdIybCdBcQ
mbns0_si1220,lwaLBcmPcmwjHIeLjAyDzxVNjzuIjN
mbns0_si1850,fjuOQyPaIFBjANyCcQhSc
mbns0_si590,HIxjzxLjAfBdVPjtwIxLPcQfCFKjAfgEcfjAfQVfjHICrtIfLx
mbns0_sx140,NQurjAFBjNBajHIaBcjLcIcmJQuPwQlfLjwQuxjNQ
mbns0_sx230,HBaBwyBoOwyurAjHcQImxKJvEdaxVBdFnrxLjA
mbns0_sx320,lEwIxLPwjNagjCmfajAyPSOjNfEGaQAxjNxLjNxjV
mbns0_sx410,tIwQhaxLtIxJjpPFjAyjNQuyjlwCEaIx
mbns0_sx50,NmxKiIatwjAyjANmPagEwjAfQhwbjAVxmwjABxjAfjHSdSrt
mbwm0_si1304,TwCxLwQKNjlfBxKPaefQhBLQhyTwsKJzUwxjb
mbwm0_si1934,hPwPBdQ
mbwm0_si674,lxLwLEmxLjAwjNPjHwQuxjKjHImxQjKwICcCxJjNQhyfjHjzlfLjAcPj
mbwm0_sx134,lLwPClIQzwPTPSICcxLvCBKjHwCxPcmcCx
mbwm0_sx224,bgfQwyUwIPCmwIQ
mbwm0_sx314,HyjABdICdIQzwPIxLwIQhyCmPmyQkKSFBKtr
mbwm0_sx404,hdIrQurICjAsyPjHIxCByQKfQhwyQhcfKvcr
mbwm0_sx44,tceLjwNjHfBQlfQuwmrjAsyDKjABIjH
mcsh0_si1549,TPFjNwmFBFcmDmJQTmBxjN
mcsh0_si2179,CgCFBcImIcOoFajNjCmJ
mcsh0_si919,vgQuTxLFwlPCuIcwQkOdjHIwIxlEwmJsQzwxJvCcjLjNxCmxjKlxlnICmwLxjNwFxjNxE
mcsh0_sx109,JmOjKlEKNjvcmJEcImJjAFdgEPxLjNJjALvBdjHfj
mcsh0_sx19,hBFCcQLFcIdBuIrjAnEFgtxEQhJtBcCxlsDJ
mcsh0_sx199,TxcEjNwcIENxmwCFwmwjwLjhFxUIjvNwOjlxDlsJwLlwJlEl
mcsh0_sx289,SFxRucjHCxjAQuFBgUwVxIRcIwJTzLFBFEKLJbcGv
mcsh0_sx379,HmfCDmTwlNuImxuydFxLElFEHcrIwjTyJL
mdlf0_si1583,tIsFxKNIgrjABRFRIgjHgmwJzPR
mdlf0_si2213,LFSFmwPmFRxmFgxLwL
mdlf0_si953,xLjuIcwElxRIwQKwCIwlOPLtIcjtIKxLNJxLFcmwmICIxLwUmTwjzxPQ
mdlf0_sx143,gPQzwmrtIlQTPBKjATwIwQuwJbjHBG
mdlf0_sx233,tgFwJxtITPIPmJmwLwPKwIPv
mdlf0_sx323,QuxKtBgFQtIlIwmwQuwEtcIwymIEjtIRA
mdlf0_sx413,lIgKJKwCBwmTJEmJmxjAxFxKjuIKIgjKjAtrRKjtr
mdlf0_sx53,hTuxLwQhBFojNwmIwOFIxjNxjNsJxLjKwCSd
mdls0_si1628,lxLjEagJwBwQNIHTPtdFEuPmfQVBIQHBmPv
mdls0_si2258,vTPmaIwTPBaImTPc
mdls0_si998,TwQkwjNIFgfjVaFbj
mdls0_sx188,CdRtIcxLTmeBmOjAjhxLxjHba
mdls0_sx278,NxtuFBmxLjAIxLjNJTfjiwNBmPmTQALOBdKjATQzNcCd
mdls0_sx368,BSIxLAcLlwmJyQkBgsjABFBLjNQhwjAfjlwJTmdBOjtbjAQ
mdls0_sx8,dgJweBadImPBSIxLwBmamaQL
mdls0_sx98,ATxLxjAcxJjNxftFmxLvr
mdvc0_si2174,vavKJxedFjKDVsQH
mdvc0_si2196,fjHBKtIxJFQhdIaEkJsVLjAOQuFbEjHdExVEdagEFLxEjNQhyDLjEJDVjNejN
mdvc0_si936,vdBagEJEbvadlfjNjyLKksjNsjAyurdICdr
mdvc0_sx126,varRLxJFdFbEjNvdBjNxEVNjlVijNBIwed
mdvc0_sx216,ALEdSoFOjAxjABdFEdEdvFjA
mdvc0_sx306,HxjKJuFVFEKJuCBQhyjAaEjJnEeFo
mdvc0_sx36,dFlfEdFLjAxjAvajtBsJwvdIxLjAOQvNJEjHdjNPBImy
mdvc0_sx396,lxjNxJNjlyQkJbEjAByQtIgxjASByaEBxLBrgtxLBQlVQEdBsjN
mers0_si1019,QhIExjNPxjAgjtIyKSItIxjNjEVNjAcBSIcj
mers0_si1649,lxjLxtIgcQhyJTwmg
mers0_si497,vxVjHBgDlxVBgjKfjHgjLjAcBgsjKxQzIBNPgQKJbmgQhgjrmxRIgjALxg
mers0_sx119,wmxLjASFojKSFjNIjztIgjAxQzKSBjtcEajHvdBQzy
mers0_sx209,CgjtBQAvBcQkxQhgQkImdnjFfRLjtIgQV
mers0_sx29,HcQDuImxjAjHxjtxjHbjAfjAjNmFV
mers0_sx299,JPwjAIsCxVxjHajtIbgErCgdFmDU
mers0_sx389,hmcmcQhxjHgagLKTxmnIcCFBOjKjAvgjtIxLgxQkn
mgjf0_si1901,vScEcIELjHcwjAvraxLjNjHuPuwSdgjASI
mgjf0_si641,AvcBcjLvdgKvrFBwjAFxQtIjNjLBdxLjFBvBjANCIeBjNrCcmfjN
mgjf0_si776,NxEcjNrcEuFaIRKNjNesjN
mgjf0_sx101,vwErlQtzuPcjHxQkcrjArwjNrjAceJrCxJtcdvdFmx
mgjf0_sx11,zTPSFBaIBIrFBab
mgjf0_sx191,SxjtIadRFmbjtwlwJxLPSdcxL
mgjf0_sx281,vAFcIyQtIEJjHcmwjNewQASxjNjuwJjzjuFdFLjvrarRJ
mgjf0_sx371,SIxEbcuEcjuOQueLjAvgQtrQhxRxLQrjUI
mglb0_si1534,hxVQhwjuxVfQFeLBEBbQnLfjlwrQuIFVBgKwjL
mglb0_si2164,lwjNPRwLFBjAbQ
mglb0_si904,mTjHTwmxjNQuIbQlVNIcjtIgjALjNQIbQlxjNTPcQuTbQkB
mglb0_sx184,lxjHbjLvCybeBdSxjNIjNQhgsTx
mglb0_sx274,MSBftBLwPjNjtcBjNELQeLvcsz
mglb0_sx364,TjNfQlcQByQjAfSBLjABjLcPScjNQuIwjleEcEwyQLxVfQHFacxjA
mglb0_sx4,zEJPusrCdSCBcENQhcFdrjHyQxcxQzx
mglb0_sx94,TnQLwVBjAjAfaQjzbQkyLjzUIyjL
mgwt0_si1539,lxLjKfvdmBQHmPmbeVjLjNbjurQtdcrQzxj
mgwt0_si2169,AvfjKjwjNQhwVNjNJQzIaIxDCdgjHImJQuIgjKJKjHbrmrBIcEHrcQ
mgwt0_si909,zKlfCQhvBfLJrwPIwJjHgICmsmwjNjNjNjtagbQPBCLBaEagrBIgsVcEQ
mgwt0_sx189,lxLjHIFwQuwjKtagaBImsjHfCagJemdembjV
mgwt0_sx279,mbeBeVfQhwBjHyjHCdSrjvScjAcejLxjHrjlwJxQzKhwVLEcBQwRSFxQlsJ
mgwt0_sx369,QhaQjHsyQuImOjHxQkBwQuPIOCTrFdLj
mgwt0_sx9,zKhdurSIwyBSdaeBurFsNjNz
mgwt0_sx99,ThJQFjLVfgbmyBFVQhwJLjNcEgmnrjAJV
mjar0_si1988,vBlwLjAIxjwCSvtBItwI
mjar0_si2247,SxjAlxLcSwTxJmcj
mjar0_si728,AvBcjLxJsbjHBLcELrcjtrjtBQkgxjLKzgJEgScfQASdBd
mjar0_sx188,SFgjHIxRlwgSuxmwQkwjAjHgQLxjHaj
mjar0_sx278,HxtIcRBELjHIxLjATJTxjAJPBwITjVBLjAIyQzuIEdQ
mjar0_sx368,hBIxLjHgLjAfPJlPQhBgjABFljAOQTJjAfQtwByeBwQhwj
mjar0_sx8,FBgsTeBIdrIPFuIxLwBmgEcQV
mjar0_sx98,AxLOjAcxJsQtcgmJxLcQ
mjfc0_si1033,lTxKlPrjAsCmwPSwQEjJvr
mjfc0_si1663,wTjNfOQzvTjLvBFjAwBtwjNxPSxCmPv
mjfc0_si2293,NPjHIJvIRJvBwQfBcCjLcmPBwQuICcjLvdcjlxQkBcx
mjfc0_sx133,wjNIwjNPIjAxClwyjtrjASIjAdxQJ
mjfc0_sx223,tfQhfESOjNrCQhBdcjNwQhBxDxQrIcjJ
mjfc0_sx313,HIaQtdcjASCjJxCcQhdajNjHftIwQuPBjAQ
mjfc0_sx403,HrCdIQuCjAxLxLPSsjHrIjKxChBKJwJ
mjfc0_sx43,vfBQuPByjHyQhBIdvtxCxjKCmwQ
mjsw0_si1010,lxLFQuAFBRwjKNPBdabrQuIyxLlfvcrmwbEmFjLjHrCwQhyDALcbjAjLNyQkJ
mjsw0_si1640,vcQkwQCdFDQzNxFmDpcQ
mjsw0_si2270,jlcjALjNpjLcjlwDjNFEVNjyFd
mjsw0_sx110,xQhxLvFbmFrELFjlbjKjArjHIFQSQ
mjsw0_sx20,zJNCFSKBjNyBFEFqIFL
mjsw0_sx200,SIcKjANjtuFBLjlnajAdcjtFQlyjNIJ
mjsw0_sx290,lNjHIcjNrxjHxjNjNPBpDbjAFCxjNwQtrjHIxJjtbjlxjhcmbr
mjsw0_sx380,hFNjNwIjNCcjDjHxLnjzjNcrCwQkJKtxKxQ
mmdb1_si1625,yPwDNQhycEjAcjHChBd
mmdb1_si2255,xLBdCcIcmgELjASFIQuOQhcQIBQkLBlxjAJDtyCBesJ
mmdb1_si995,hbQkpxtcpjlgElNDVErQhEVjASyjAQBEjAvBFBymIbjhbEVIxjNmeVQ
mmdb1_sx185,ljlTPQhFeEyjASIPBSIBLQ
mmdb1_sx275,LjlDRSICQuIPIjzJEsNIxJvBErg
mmdb1_sx365,ljAcCcCjHefjKlwVlxjhNxjAdImejAcQHBgQtIxjHImTeBIxL
mmdb1_sx5,NELjlcIwmwEcybcCc
mmdb1_sx95,hytABcVpmeBjAymxJcjHIajlIxjABIcjHeBdLg
mmdm2_si1452,kojNIUxKSIxVFojLOQurSIwjTJjxjNxKtfjAjAojztIwjHfQuxjFwQLxjAxKAd
mmdm2_si1555,xLuwQuTQuwxLjtxLrjx
mmdm2_si2082,iTrQuFPCIFajAUJQhyUP
mmdm2_sx102,juwjNfjAxLvcIKVvIxKjNPvFKQzxKxtwQxjAr
mmdm2_sx12,SIFOCdrIwTwBx
mmdm2_sx192,tIFgfjLurIOKtxKxLNwr
mmdm2_sx282,fjAwjKurIwtrjmcxjNjAvcSIcOjNpwJjNwjKFBdOj
mmdm2_sx372,lxQhcwPIcIxjALcPxLvSwxjAISFxjKVxjN
mmjr0_si1648,wTOclfKIBwCdIpCBjNedvKSxNQAvcmfQhcvBcjNjACBVxLjHBsjtQIaji
mmjr0_si2166,SdOjAjLImJuarjKLvBgjAdBVLj
mmjr0_si2278,QHTDNjNsfjNEjvafjAHaEPjNfQhcRIQJij
mmjr0_sx118,AfQkvaCdlsCIyPDVLijHeBdIQzQkdJ
mmjr0_sx208,QIaQLNefjHaclfjHaENjKxVNjHcjJjAxJjtIxQhTJL
mmjr0_sx28,QhsxlbjAcrjtIdbCQkAEdgCcjNseL
mmjr0_sx298,cgQuIcfjNfEajHdcETJTCjKlfQzTPFcjNcrjzjij
mmjr0_sx388,rIsbEbsjALKlxvmcQhfQhrCIjNwrjAjHIKNrjNcQzf
mmwh0_si1089,HrgajLwsBKtcIyPSrUJLjleN
mmwh0_si1301,HyDLjNQKAdSBPjAdImfjHBIpQzjNQhNtfByfjHcVBNjNeBKvfajAfjlwj
mmwh0_si459,TjHIfQurjHcjHcLjArIbjLBLjhceLfjtcjLBSQtrjKLjlrScjHBvdBLjABvB
mmwh0_sx189,xJjHBcErCIxtfFIBwjNfCcedBnjKLJ
mmwh0_sx279,HedLVfQhfBjNyjNSrvSBeFLNfjHImwzPpxJvcBjxSxjNJ
mmwh0_sx369,fdjHwjHrmPjtPBkdBwCcCTIFBKJ
mmwh0_sx9,SIyCdBCdeNJ
mmwh0_sx99,fCwQlydLcsPBSCVjhwDLjNFdcrjNyL
mpdf0_si1542,lxjKJyQwCFCJuEVjhsEaEyxLlxKNxjurg
mpdf0_si2172,LjtIbjNjuyjubEjlxVlfjNtFajhxEtcEJIeL
mpdf0_si912,TPubPmDJNxJLFjtxEcjAFrCFEgjvAFcj
mpdf0_sx102,LjhxsUzfBjAvbeLjAtFxJVxVtIxLjAyQvaeLlxQzxVztIcCjAxQubjHIxJ
mpdf0_sx12,hSFBIaQhxEurFyTweByN
mpdf0_sx192,VLjtIagjLraIcjtxgsJExVJur
mpdf0_sx282,lxjNwjKIxtIkgjNjAcCIcjUIxJjKxjNtIeBaj
mpdf0_sx372,lnjlgQuIgCmgjALxcjLFSmfjHPCcjJLjtcmyDj
mrcs0_si1223,lfCIwQufjNHIbfEdgjAIeQxjL
mrcs0_si1853,lfLjwQuxLNjAurUmwbQuOjlfljzsJQlxExjHuIxLwQTCSxVcIag
mrcs0_si593,lNjAbdxlHfjLlmylVjvlegNEcxLHyQN
mrcs0_sx143,lfLclfQzxEfjHIyQHTQhBLjAuIQNybeHdBj
mrcs0_sx233,vadcsNxEtIBwQxDlxLlsfKlsPHv
mrcs0_sx323,lfjtBdOjHIQuxlQlmcQtcCcEyPuaEQkVvagQg
mrcs0_sx413,NsfKlDLvSlyJjvuDBjHvcxjLjAarKCxbjKjzHIxLjArjN
mrcs0_sx53,lyQlfLlfjHdQhOjANQuPBIxjNQNJQLlfCd
mreb0_si1375,vgtxPKtrgmxjVtIxLxjHSmwjJjwjNxjViIxjtcxjzmQzxmPaIjNxP
mreb0_si2005,JTmxQBxjAtrImPhgeBxjKwJxjHImImwCxQzxjHBarImDkdIQ
mreb0_si745,HcImFBdSIjimwjVwjNTUHIn
mreb0_sx115,lTJmBmQkxjHwjfLwjAvIajtBxVOjvgdFjvSF
mreb0_sx205,hFjNIwjtIKVIdIjALjHxjmwQNIQhmwQurRI
mreb0_sx25,vImwCBsIxjNVBQKfmI
mreb0_sx295,hxjAuIajAvIxjHIaKtAImDztImJxQkiwP
mreb0_sx385,mwJtIBQItIajumxlxjHwSQuIQkxfQ
mrjm4_si1489,jNcmBdFKjcBdQkEKbQ
mrjm4_si2119,lybEVjlbQAfQhmfVfjtcCbjTxEdQ
mrjm4_si859,HsEgQNjNrCxjHrjKvcmbEyzyCdjHmaKvudcjArIcQuFIxQucr
mrjm4_sx139,fQhcCBSFLjHFVCgxLxjNumwQhwIEziIc
mrjm4_sx229,HIPcjyPtdCQkvcCQz
mrjm4_sx319,NQhyQuPBjHcgjByJbCBQkiPfjHIrQ
mrjm4_sx409,yplLjlIEKjCcbQIyDPujNjJHIbQCIgjNPKuH
mrjm4_sx49,HbjNvIacmcaEPQtIFKjAmPSFBcjJurQhByQ
mrjr0_si1182,vcmxLQkxtIeEwJsymxKJTxFBRlypVeQuPseVJ
mrjr0_si1812,hJjNIemywVpcjLgQKtBdIBIxjvAIExEesJeExLV
mrjr0_si2313,hFBQkzbErgKlwjEJDjwFdSEdgEbKvbExJjHIvbEIyQhEDylxElEemBed
mrjr0_sx102,LjhcjNBjNvbeLjvKxGIxLBVJPIeLjJyEvaeVxElEVJtIEjAJxjHpgjHrIxJ
mrjr0_sx12,SFBIaQeScImsyeBFBsJNQ
mrjr0_sx192,LjHIgvgejLvcIemgemcRLtgJeEVybr
mrjr0_sx282,lpjNjNtnPIxtIxQkgjlxjwtaCdcEBIgEwJjAJxjNted
mrjr0_sx372,lbQkgjvIbEsjwVbeLRFdSeJbLjNrBCcjLjknesJ
mroa0_si1307,lfLwVEcSxLjKvcjNjCIjzvPjhxEtjHUH
mroa0_si1970,NjAmPBCTCQhxCftvcBQuPITQzQhNTQTxQuvcCxVxjHPdSfQKvCcN
mroa0_si677,vNQHISQtIPLjNQhTPCQmPBKiqSrAj
mroa0_sx137,tImwzvCjKcvSIjHICSjHqCSKvcPIwQzjHcxQz
mroa0_sx227,ljLfBQKNPQhwKPjKAjucjKPCrAH
mroa0_sx317,jtIbCIPQhSQhNQKlIPjHIQuTESQH
mroa0_sx407,vBcKQhxfjKvlfLwPtSQKzQLjHdoVvdCTP
mroa0_sx47,jKhdSQJvtIcSCQhxLNdcjLjxjAjNxjJQKJ
mrtk0_si1093,ScmnFBEcVurQhyHsurmyLcxLj
mrtk0_si1723,NDuCcQhysQuxNjNxQusEtEFrA
mrtk0_si1750,AlyubeLELFKwsEFcElxLcjlfjtIcImwKjNwKwQ
mrtk0_sx103,jAFEbCxFKInmsjAFLfLxL
mrtk0_sx13,VIEIxVvgsJjNsnj
mrtk0_sx193,ScCFcFEwFjNyVECcxjN
mrtk0_sx283,HcbEjHIEHcrIxVBsJEKtIFCcLjAxEtIF
mrtk0_sx373,jHCuIuFxVjLfjHrCLVcyjAyPjHnF
mrws1_si1130,zfRlwjAVcBImPcIfjNxjNcPdBQlylfCIBLV
mrws1_si1496,hwdnjHIPdsQudBKvFVwjAVBojAfjwByVNy
mrws1_si500,lcICaIajNyxVSBfCjAfCIsdjAVcEyPjHIcImdcxVNrwV
mrws1_sx140,tcrQcrjAvBQNqBIcjAtIaBrjVrIPyuPByQufjHIQuyQk
mrws1_sx230,HBaByCIyIrCSIPIdgJHdeVBrIkJ
mrws1_sx320,NCuIxLfBwPueIPecjhyPlfCIdajAPClfLjNjV
mrws1_sx410,vcIsQhdefVtINQIBjHyQztvSCjNPCICP
mrws1_sx50,HeLjHIetwjAyjNPecCIjAvcOjhdjAVjfBwjSBcjAjHfjHvSrj
mtaa0_si1285,lwfByPIcxJvSxjHdSCSQhydfLBIw
mtaa0_si1915,lCSxVlIwjJwCSOjvcdfKjNwymcjNCydxLNTwJxQKlwsOQuAIpmTwfjNOfL
mtaa0_si596,dcxwLwQKCOBdBwjNCySdb
mtaa0_sx115,lOemwdfQkOjlwOjALOjtASajHBLjdBjABQ
mtaa0_sx205,TPBjAuICjHIKEdIjALjHcjNQuCQhwOQhNPBSCwOjAoBr
mtaa0_sx25,SByBIwlNdoRvSwOwIj
mtaa0_sx295,ilfNjHIBjAcQLqCdIBQKtgclrCIsQztCymxjKuwPv
mtaa0_sx385,hwJPBSCtfBwVBjLOjVpCjHBQtAxQ
mtdt0_si1994,VBtBdBjNQhwIxJBjuwjuwPyJnQhwEsQhTjzxLjhnBaFSBcmJ
mtdt0_si2254,FeByQuxjNIcEftBdr
mtdt0_si994,rxJjNnmwlxjHBIEPFoBjHIJLxjAByQHIxJLBQzx
mtdt0_sx184,hxjAsxjLjSmeBeBFxJtrjNvCBgyrjJn
mtdt0_sx274,vASBjtBVLwPcjHQhFBFEUrIExLQBKBegjz
mtdt0_sx364,hJjznEQtgSBmJEjABvSBKFVBgmyQSxjKfQhIxjhnBQhwJyDLxLjAfCjHvarQz
mtdt0_sx4,JsPIsrCBcCBmyQhBnFBcjAyQvgaImn
mtdt0_sx94,lTPFKzwVQhBQAeBjNJmyjJvtIyJjLn
mteb0_si1133,hJjzJbEtIQzsbjABgBgJjNjAFoKqIjLeB
mteb0_si2064,yPBxLjATxKjNsQkBxtgEBgFwjlxVcEjKtbEcjtFByFBPrtISFusJPIsJL
mteb0_si503,lwIyeFLjKwrImxLwyQ
mteb0_sx143,lxVgEwQkJsmctrjNQyPBLjAwQhyJvFBj
mteb0_sx233,tgeBsEjtyPBgPyxVgsEjKgxv
mteb0_sx323,lftvajHIQksEsEsjtgEcBgmJugEtgj
mteb0_sx413,lwbjNjFJDLwByJvEJBdjAFgjLjABarKEgjJjiEJjtrjA
mteb0_sx53,ycmxLcQkdBjAJsIwBIwjAsEsxLgEkB
mthc0_si1015,sJTbEjHgxJzUrIRlxBrjJTjLSIgJfVBQkBxjKjHBajAtlyQz
mthc0_si1645,VcjwJjvajiEmfVBESFVAfjAByPByngElBJQtFgQk
mthc0_si2275,lxmFBQlfQkBjAHImjuxJDmxEJwjAJwj
mthc0_sx115,lwJcSBcDQlyjHcjALlwjtIgjHBVBQhBd
mthc0_sx205,uFBjicIwjHIRiEeFBdIgjALjhcjlwjNPQhmyQhxcCcEtFaIwJ
mthc0_sx25,SwCBFIwNBQumFmnEnI
mthc0_sx295,xtIFaQkBgjHgIavKgjtrCIgJLcCyJbQKPv
mthc0_sx385,lxJPBQkBItIBQktxVxtwSCQuIgajAnE
mwjg0_si1124,uORwyjASjNPwjNfStSFwKHIxLxEfBLVQjASIxjNQcxjAxDNQ
mwjg0_si1754,TxLxKNjAtIwUjASdvtvfjHBcj
mwjg0_si494,uxjLSBuwQuwLjAvxFEHrejHcISI
mwjg0_sx134,xLfCuICjNxSwtcEcxLvCBQKjNxLjAxScx
mwjg0_sx224,vajACOQwjxjNTPICQuPIx
mwjg0_sx314,TxjHTjAdSwQzxPrxLKwCjAyExTQKSFBjHIrev
mwjg0_sx404,haQufjuIxjAvwjHrIQwTxLxjAxjHcKcr
mwjg0_sx44,IeLjAfQvdojAxQuTxjANxQKAdSIj
fdhc0_si1559,QhwJPFByQhylwQHIgjAVpIsmPBsyBxLjNyPByBcjwEbELcB
fdhc0_si2189,hyLIcEeBFByDVLjNxQhybRwQhcxVyIxLji
fdhc0_si929,hwjNLnjNjNksyLxVBcIsEfjNgeLVsEyPJNPBdQ
fdhc0_sx119,lBCmwLjABScVNPjNIgsjNPQucjNEcjHBFwjNyQ
fdhc0_sx209,lpBgsjkcjAFBsQhfQhwsQzPCdFBjNjAIsgQLj
fdhc0_sx29,HkdBjNjHIsQNfQhksjNfjNbjNBNjlfjNsBeBLj
fdhc0_sx299,VwyQNIsElfjHBgQhyBwrgsBgEQFBGJQ
fdhc0_sx389,lhGemcQhyDbeLElrCcjNpbQNfgsQN
felc0_si1386,kyBmyjNpQkIBsNJysJfQLjNyDlpLjNPQhBarjNbpVjpRwyEswoQcELxEcBysBbQ
felc0_si2016,yBdCcVEreBjKLKlfQkBjLjACaEcQLjVcjA
felc0_si756,pQNPIsBLbLIbCpjKCcBpjABgsyKSIbQwEBgsmPcQtIg
felc0_sx126,HIjNwsNPocEHpBjJweQLpLrCIyeBdv
felc0_sx216,lpLNpBQhBcjAjHpBdICcEQBjAjA
felc0_sx306,tcjKJpBVpCjNyPCBQhyjHpCJEIaSLj
felc0_sx36,coCjkPBLxjARIojkBjJjvfaIsLfQHEsQcQkyBbCEsJ
felc0_sx396,lpNPNjNyQwsQkbEByjAIbpjApjASBeLrRELBlxLQdBgsjAb
fjlm0_si1043,NPrcLnjAIgLNDCcyjKNVxjArecjKyjucBgb
fjlm0_si1673,SBwjAsDQJjHgKuweBsPkecVnQkgsjys
fjlm0_si2303,xDjKJNPBrjksjNQhBcIsCnvajmIoKIsVLKLBgsLjNsPr
fjlm0_sx143,wLwEwpNjNsmxjNmyJjNycBLjAsQksbEyQdgeB
fjlm0_sx233,vIeBsPKIyPBgsPyPxLgGPjAgDQ
fjlm0_sx323,ApKBjAIwlysQuycPKNrPcIgEsqycEjALgN
fjlm0_sx413,ksjNkoLwPByjVqIsycjNFxjxLjAgKPgjVJvsJLjAb
fjlm0_sx53,kypwIwLwjAoQBjAsQhyeBsjNPtgsPLyPSo
fmgd0_si1564,vcRwpuIyPBxRQhbgeEwQhcexLpsjtIeBKHbELpVbgEsISrQSIesxNDBwvgedj
fmgd0_si2194,sybjHBdBeDQNPBxLBajNBaQNjKfDgecjNPaSxLjABgDBPBxLjtIgEsQNj
fmgd0_si934,vpnjlcyLwsDjTpemceBLjNPIVrIxQtIgEjNvarPbjN
fmgd0_sx124,cejNjNQeBmxjNJypmrQhyftdQ
fmgd0_sx214,lfBdeDhPBaeVxLjhgsPSBbQxLSlxLwPuDxLcgDV
fmgd0_sx304,JyjNjkbgjADBNIcEVxtrxLjVgEdSD
fmgd0_sx34,HecjlyjNraBsxjNIyQhPJPN
fmgd0_sx394,tvgLNPsjNjhcfVPjNDjNjtIaSQj
fmld0_si2185,JxLwjLNrjNxlweBQHBSxVwEwJNIsjLEBgPhbjdIQ
fmld0_si822,hcojNImcjNEsQhyxmwgmIyLjHcDbjHIgDtxjNxjHIrjHIDVxjVxVjHIcjA
fmld0_si925,lfgsBxVxjHIKlwjhDVBgxjHxQhdImJLjksj
fmld0_sx115,ABeBEwjHExjNxjAIajABxNeaBcjcBq
fmld0_sx205,lBcjNBrjHIjVIaBdIjALjhIfjNxjNPBQhIsDQkcRurIdIUJj
fmld0_sx25,hBsBsIxLBRwsDEPI
fmld0_sx295,TxNjNrQcEVLjAcEavbErIsEjNrEyDbjNP
fmld0_sx385,xVJFGuIRtcjNxVxNxRSQuIfjcEx
fnlp0_si1308,iKhwPvwyPwLjHmcLQhcjNLnjNIsjyEnsjNmcjHpbcmbyEbsjAcEjFBwIcjbj
fnlp0_si1938,kcsmwjkwDkbRLjvcQKmOjuIgsjNpQkwQkbcCvBxv
fnlp0_si678,kcRtbsVnjwjNxjLwRnpQkj
fnlp0_sx138,NKlwjAkFpVwjNpnLxCwLjkmFjLwmyKjkwjNnjAIjNymQ
fnlp0_sx228,lwQNyjHvFwjkcQuImEwjNysjVxQ
fnlp0_sx318,lnwjLwnjCFcjNwjNpbGEbRlncQhBQtGjIvcvLj
fnlp0_sx408,lcjwtIcQkwLnoQkBsQlngvbmnPysjLsJQKL
fnlp0_sx48,AmjFjknbcjAmcQhsJwEbPjHmwQ
fpas0_si1272,kBcIjNIsxLjNxKcxlwjAL
fpas0_si2204,jHImyjNIBwjwNyeBIeQkAyIbQKBeaCQkrFBcVBgjNQLVwjN
fpas0_si944,hypjtaIwVNPBIbjwVPQhcBIwLjyQhNsyQNJ
fpas0_sx134,NxLIPIyQkysyIeEgsLEcEKLxLjHIeEcgsEwJQ
fpas0_sx224,ABQkIwyVyIeEurIcpL
fpas0_sx314,hwjHyjwdIpmdIQJEbEIxLlcQhyEIEyQtIBtIQV
fpas0_sx404,hBcQhIEjHksjNIeBsyVEcQhsQkBcjtaI
fpas0_sx44,lcIjNQkBjAyPhysmwENxQJsGLjkdrj
fpkt0_si1538,txjNwIjNjvAIjJvcgsjLjkwjFgjNjkcjNyjwQuFDj
fpkt0_si2168,hwkGjkbjLjAEjNFCwLByQkwj
fpkt0_si908,mGBIwjNjkceBmPwQkbgGBjtrQkImwjLFE
fpkt0_sx188,AcRjkIcjNyFwpwjxLjhwjLwjAIj
fpkt0_sx278,NxjNIcwIyxjLjNIsjLjNJDjNyjAJwPIyjVwBGjKjNwjNrpF
fpkt0_sx368,CBIxjNjAgLjNwmyQkBgsjkBcjNQhyjAcjNBmPBsybcmwbj
fpkt0_sx8,kBgJbFIGFIjLwBsgmxjL
fpkt0_sx98,kwLjwjABcjJwpKcpmJIjLwIp
mbpm0_si1577,lIegxVegQuIeBLjAgJz
mbpm0_si1584,lIrjNrxVBjtxPyjAuIwxLjtajNxjleBjAxQknxLjAIxJBkNjtOmyhnrmsQ
mbpm0_si947,JTPCIBcIwlwfjHrjHsjNxQhcVBsP
mbpm0_sx137,wmwsJErjASFIxJjHIeBjHIPFBKtIFgBurIwQzQIxQz
mbpm0_sx227,hwjNecjtwQkxjAfjSxRtcjzr
mbpm0_sx317,lwjAIbErQhFEUhwjAQIrjHImJsvFQ
mbpm0_sx407,BejAweQLBLsPJxKHItJBLvBeGVBjHBgQhwQ
mbpm0_sx47,QhaBKjHBwQkxLBgjAtrQhxjHexViwL
mcmj0_si1094,uIrjtwETxLjuxjHIwlTPIRJVIgxjurjAIaxLjAcxLucxLjNxjN
mcmj0_si464,hfjHIgLjtgjuIjtIxQhIbjALjtIgExRTxVEIxjHcxjNIxtIgUuIr
mcmj0_si602,lcjuxJxjLIRIxLcEIgwQhrcjwxLIEIxLIxVImar
mcmj0_sx104,NTxLcQuagxtIQhIr
mcmj0_sx14,vcjuIxRlxlwQlIbIwlmTIxjAaIg
mcmj0_sx194,lumxElImwjyIgrQuIxJxEA
mcmj0_sx284,lgjNjHImIrEwxjtIxLNxjNxKTIUQzjHIjzxLjN
mcmj0_sx374,lIgjAuPxlNjwJIatIJtIRIQ
mdab0_si1039,TxLEcgcElLcjNcmyJvJjASwjJjNjTyJwQtwSIjNPFLcL
mdab0_si1669,lwLcQuxjkcjuxtcIxVFx
mdab0_si2299,LcRHcxNyjNSFLcBFjScjHBFxLjhwDxvFGS
mdab0_sx139,hcQkcPCBFLjHBNxFxLxjNPwQhwjNPSr
mdab0_sx229,vcEyPBFmDPtSjAcjA
mdab0_sx319,lwQhwOQuFBFjvacBwynSBjNLCxjHFybIjN
mdab0_sx409,TyBxLjuwjNDFsFyjAIwLxLjNIxjKvIcjNFjVBwJ
mdab0_sx49,vcbjNvadcjAcjLvFvjABsFcjNfQkSFy
mgrt0_si1450,lCDjLKlImDyJxCjAbceLnLxDlcQCmDyQkHnjNuIwVEwjKjkEVECmxLjNQzJpC
mgrt0_si2080,JPBwQCdejNImwQuIEjJwjL
mgrt0_si820,QhcnEbQkKScCKEFVnjlCbxjlwyQtSFKLcVKcIjJxCIdjKcVwBgjAxjLFtxouIxLV
mgrt0_sx10,cIywICjwImwQVgrFIBFlnCbjLwVL
mgrt0_sx100,jHcQlwQkwmnFCnEjKSFVvtIxLpyDjNELBFwJj
mgrt0_sx190,LcVjABVBFbgjzxIbQkyFnF
mgrt0_sx280,jAEPFsjLVjFjLxCIFdgjz
mgrt0_sx370,lnCFEjNjHIFBFCjSIFVvCSIFEFnDjJjkwJ
mjdh0_si1354,hSwVxQBdIjNIxJLFjKxLxLjAfCnacuxLjArQtcvtgQtCgKFBQkLfKQJ
mjdh0_si1984,lcmFIagjLuwCdF
mjdh0_si724,wjKjtIwEdgEIgxKFBtbeLjwfCFEmwQzx
mjdh0_sx184,xjNbjKjuJbeBFxKrjzjCgyrEJ
mjdh0_sx274,VtfRtSwKPjHcQuFSOQKNrcwKQKvgj
mjdh0_sx364,TJNnEjAvgJQAvgEeKvAvcEKcmPSxjAjHcIxjAgtxJDKxKjxQkdrjx
mjdh0_sx4,zTwEIwrICdICmcmwQhcdcjAxQvdrQz
mjdh0_sx94,hwcQKjuEKBNjAvgQmwJbmJjNtIj
mjln0_si1449,jkJwjNIxJVwEIwmfLjzIBVwJmEIcRmcQlEwCBjuIxVurIxLmE
mjln0_si2079,lwQLBgjlmxKtagjL
mjln0_si819,lmrjAOFKfVcmIBmJDpwpQkwEwEFwjNxVwQuyKHbEBmxLtxEmECmDjxlcj
mjln0_sx189,lxLjHIFwCIxtvaIBmwmwjNEagamwjLj
mjln0_sx279,gFlOQhmFmyQwCdFrjuxmbajNVNQuIwJxEwVEwFBdSIlyD
mjln0_sx369,jhaQjHmwjHIFuxQuOQmwPCId
mjln0_sx9,uFwJPFyFw
mjln0_sx99,TmwQhyQkBLFgmyFxLjwLjtcEvgrjKJL
mjmp0_si1535,JjNHIeBQBcvLjlpVNjHTJxQzKtsed
mjmp0_si1791,leFQuOEIbeclVEeEHcKTCdgEuEHgyTbjHgsmcQuxjVxLjAbsJEUr
mjmp0_si905,lfVBrQhTJbElEeLNjNjAslbjHElfLvBFcQ
mjmp0_sx185,NQlTQhegmyjAIFCrFBj
mjmp0_sx275,LjNTlBcQuIsjwCIesQkHesUPCExJvBer
mjmp0_sx365,HxjTweEeCjHfjHEVlxjQHeCjAdrmexjHeCjAdxQtxKHITbcE
mjmp0_sx5,JTELjVeReVBeEgbQ
mjmp0_sx95,lxQSeVbEeaFxQusuEUtcjNQcjHcjAScjHgev
mklt0_si1213,CcByjNjHpCQLxVBjLcEHBdcQLj
mklt0_si1843,JTPyIsmxtcrQcImwQhIQgNwJCpCIdvxBHrCBjHvdISg
mklt0_si583,QuOxLvSwjNQLxmcOjKwmxjuwExLjxbe
mklt0_sx133,wjNPIpwVxjNxClwyQhxtfjASwUSdcjKt
mklt0_sx223,fjAfQhOjNQhBdKlsPSdOEuplpIBeQ
mklt0_sx313,lIaKfdKvdEKSOQhdcjivftSCyQuPBeFjHjKt
mklt0_sx403,SIQkIPQAQLxLQdBxLjHIjLfCkBeBQLQV
mklt0_sx43,tIeByPxjATQhPdvxCxjKLjACwmwQhx
mlll0_si1363,jVBwyVjNjkBsyJlDLlDxLcucjKAKvcIJxLcElDyPxL
mlll0_si1993,NjwjJNjJDBIxjNC
mlll0_si733,tKjNPCdcxjAvBEwJErjAmDElNxSDjLjNxLcC
mlll0_sx103,AvdFwEcELcCcmNjASLjLQL
mlll0_sx13,VvBymyPcIxVvgspVNjANbE
mlll0_sx193,ijAdgQhdgbvdBcdvKSEDPBcEJDVEdcE
mlll0_sx283,wtKBgsNPNjNIEPFrQIxVEJxELjAScjtrRNjAxEHIdv
mlll0_sx373,vaQhBdIyEcdFxVfjHrQLNjNDfjNmeBd
mlnt0_si1574,dcsjLvdcPIcdQhxFuQuPxjAvSVNxSwjNyPajKlNjKvdcjNcIxjN
mlnt0_si1902,jAOjHvFLxQFQtxLwmrcjN
mlnt0_si642,QhNrjHajKvcrjNcCQKjNcjAScIKjuxjKJNrHajHvdQxjAcNQ
mlnt0_sx102,jxKcjNcKAdIKVQIxLjNQvcKjNjNxLKcCjNQHfjHI
mlnt0_sx12,SFSaQhxPCdIrwNTnFSVFSFwJ
mlnt0_sx192,jHIaHxjKjHrcaIKcbjNQNjJNr
mlnt0_sx282,lxjNfjNjHItcjufjNjAcPIcjNIxJjNxCjKxda
mlnt0_sx372,lxQhcUQurCxjALxLjHcwjHajNPCcjLjNxN
mnjm0_si1580,wvsFwxLwJxjtilfQgmxjKxfVKvdajAwVKA
mnjm0_si2210,vufvaIxjAvrRIgQcLvoFjVFdcrv
mnjm0_si950,gfLfFjijwBFVQhwfgQvBjAxjVOEHcjyFsDwOQtfvLBcjAjwJQKhcsIfiOQz
mnjm0_sx140,HgIOtfBjtcjHcBmcjVFcEwdwjiOQwQ
mnjm0_sx230,fBaBwBFwsUwrQuFIgjLvSdfVdnrf
mnjm0_sx320,wIfLfEcjFajAfvQwEcQhwPxKcxajHxjufKfjV
mnjm0_sx410,AIwQhfagjKtcjivuFojATjNvSwjAwQdIxQ
mnjm0_sx50,HnvfKvFajvxjcjcEcCOjAvFjKcjLjAOQuABcjKfjAvdrvA
mpam0_si1189,wDjKTPCpuIcCDVrjAcjNICjAfVEjJxCQ
mpam0_si1819,TIcQufVcjVuwQhByPjNEcCJpCjNjHSdv
mpam0_si1961,vxLcqCxCjNtSwjNjNxjJrjLNPlyPKxDtBjABQuIjwjHrcCxVFQhcBIcCc
mpam0_sx109,JNuOjNQLjuIECIgqjASdPLjApQKVSFajAQ
mpam0_sx19,vFCQLcSrjAIPaKcPQhyKSFCVwy
mpam0_sx199,lcCjNFBuIcQjNPSIwEwjKjhPwUpjNjAxQAmwQljLjAwVUVwVL
mpam0_sx289,ScQcCjHIjvFBcjJxVrCIpjLSBCVpwcIdQ
mpam0_sx379,NlcCuwjtIcECceVCDVdCjAOrKjAxEwjL
mtas1_si1473,TcwJlwQmetcmJ
mtas1_si2098,TJQuJmJzLImrvIQkBgtwSBjkwICcySwJ
mtas1_si838,JQtwLJQkJfQhBvQhTQHImwQkxmBQcj
mtas1_sx118,cChcmPCxvdlwJCQuIwJQLjwBGIjNjkdJv
mtas1_sx208,SIvaQxLVwmeQhcjkfjHvcElwtwQLNjAJsjzJKjAIwQuJ
mtas1_sx28,QhwDlwyuIQtIcCmwFQjtBjiJseKJ
mtas1_sx298,gQcIwmFQhcmwJTxLwQhTPBsuIjNIjNjAi
mtas1_sx388,rIwQJcEnjhJjKtScmwuOQkwQuIxjNwjtIxNwjzwJQlw
mtls0_si1370,ugxNcmxKjtIcSBjLjhgQumeBLjAQhxjAejwJyPIUKJTjNjNIyQxji
mtls0_si2000,hwJQwJmjNxtIxQhyQNQjAsJxQx
mtls0_si740,lwBSxjlgaQKgbjNxjAsQCoAdQ
mtls0_sx110,lfQhcxKjuFgjNfPIExjlxLjNxLFBwjKjHrjNQrajufQw
mtls0_sx20,iTPSdaIKwJLNyCScBtrId
mtls0_sx200,SrajAcxjHrFBQxKjHajucjNjImfjwjzUw
mtls0_sx290,lxLjurjNurxLjKtxjtxtaCtxtIjHIxLjHcjNfjlfc
mtls0_sx380,vIgjNrQzQcmyQwIxLcjNjtrjwQz
mwbt0_si1553,gGFBImyEwJmFwQucjlfQhcjLncBQkFVBFcjztIDJcjHcjJvt
mwbt0_si2183,ShBfjKLtBtcjiJyGbjKN
mwbt0_si923,NxEmJwjKjtIcjLxLjztImxDSFjcFBQhBd
mwbt0_sx113,lsDcLjAzPBembQkBcDBlxVzjtgwQtGmyQhgj
mwbt0_sx203,lwjAFVBFsJsmcjtBQuIbjHBsyxtnejlxztwBGbA
mwbt0_sx23,lBVJjTmELlmwJxDVgEBgjSgBJBy
mwbt0_sx293,lwDLjlwyjlwLjtwmyQlswQuBjvftBGeRLjtfBwjAcmymwJtBDBsy
mwbt0_sx383,lwjAgajHIxjASFsJmJizmcDjNFBbIGImcjtBIeFju
mwew0_si1361,jSFmxElxLvxFxLwjvEuCxFaQAFEFlmPEx
mwew0_si1991,SFjKwjkBSEKtpwjNEucfLuPlPImxLjLubEucDFd
mwew0_si731,xKTwVBFwmwQuwQuFNtFcj
mwew0_sx101,NjuwUuwEJuFBQmxQuwjurIwjAwjAuFjNPEJtIFdBFjmx
mwew0_sx11,mTPFBFSIcImrFgx
mwew0_sx191,vSCQziPFdstFmwQwluwEJxlFj
mwew0_sx281,jAScwQtIwjNjHFwjAinwQSCQhwjNjhFojLvrFr
mwew0_sx371,lIwEuFguwEmcjNmuPQhFjNjAgjHrQhERxjErjNpEJ
