id,phone_sequence
fadg0_si1279,uIwKAtKHaIgEaBKNIwKNst
fadg0_si1909,vbKLJsKhylwLSwBVKuOKkBytEtr
fadg0_si649,lwKLnRIwVcCcBgbKhwKkyKNywKHnRrKlwtwErLKhbKtrSIeByKucByItbKNt
fadg0_sx109,SLyLlcKAwELKuICIbKABgELKNyKLKB
fadg0_sx19,lcBCKtcBCSrKAwEeaBtwDhytBgKtws
fadg0_sx199,TnEtwBKtrsJwRSsKNKherstrKNyKAwKNsKtwVKNwVyVwL
fadg0_sx289,vSbKuwIKuIwEKNKAcBgJwtwrRryLKNcBgEtybEB
fadg0_sx379,vKhywLtIgKkwDaBgtwVaKtryLKNsL
faks0_si1573,lwVKHbKSVcyKSwLKubEcCbDTrKkwEwVKAywtBKhwKLKSaIwEsJbgaKhy
faks0_si2203,twIsTKLsLvnBKkwLKhgEKLyDgLtCKBcKJEga
faks0_si943,ucKhnKnJbCnstaBtarKhBaSwKrLKuOKAsJwL
faks0_sx133,uyKLwITwVnrKADIyDsKtrKASwKAtaKnJ
faks0_sx223,wKucKhSwKtrKhcBgKNsDKhBkKAagJ
faks0_sx313,uIgKtIgKtSarCLsBKhaKLKHBtaIyKuaSg
faks0_sx403,ucsBaIrKuIcKuAwLwLcRhaClyLKNnrKLwKkBgELrL
faks0_sx43,vcatrlyKAyKuBaIagtwEwKrLKlyKkwKh
fcal1_si1403,vwCKScsKubSwKkwKHusKNwKLabKAwKABKhBabsSwLKCbtELwKLtIba
fcal1_si2033,uwKhyKutBatBJbslwKHrSbLKHSwBbKlErL
fcal1_si773,leaKHIaKkbKALKNIgELJByRIrLnIcBKkbsV
fcal1_sx143,lwtElwKkwRrVKkPKwLKAPrKubBKL
fcal1_sx233,teSsEtIPSnsELtEKubD
fcal1_sx323,lctaKhtrREKkwEtIgEeKNeC
fcal1_sx413,vkbJusVKSyLSwEcKNSwDKNKAaItKEbJKNrLKAr
fcal1_sx53,kPwLwKuKCSwKNbKkcByryKAsKNbsELwEBL
fcmh0_si1454,veIwKkcBsEKlcEsKNgKzTwLKNlSrKubIsLKNeEKAEtEVwVcKHeBsbELzwL
fcmh0_si2084,hBgaKhgnKNywKksbE
fcmh0_si824,LtbKhBtIKVwIwKiwElgKAsEtBgwKHIbKHIsJEKNwKNyubEyRIbJIwV
fcmh0_sx104,kELKNeaBcKhegwRIcCcKhsKurL
fcmh0_sx14,lyKHBaIEKubEVwVwEVEbCKuIwKuTlbrRIstaIyea
fcmh0_sx194,vuswEtwabBIgKkwJbE
fcmh0_sx284,iEgtKvgsTKaIKkTKuwlsKurglcLwEtEKNTKzKHIKiELV
fcmh0_sx374,kwgEKAsEVkKJeatAsJKHGbBcRbD
fdac1_si1474,gLKAynEvNwJyLtbKlcKNKHaKlrLKHsKL
fdac1_si2104,gKJlyKLtgKNsKEBgELKkwKhSnLsyzKlbEgL
fdac1_si844,lgwLKNlbKlnKAeEKNwLwLscLyKNsyKvNKAsKNKHbKLNrlgKJNcBaKHsKLKAbIswEKL
fdac1_sx124,HgKLzyKLKCsKwKNsrKhwBRrta
fdac1_sx214,lcCalwPKkwBglrLKHgsTwSgwKulrLtwKkKlbKrLwgKk
fdac1_sx304,LyKLKNgKAsEVLuIgNslctInLKNgbElwCFagKz
fdac1_sx34,vznaKkwKNglyLKAsKksLwLKi
fdac1_sx394,VvgaLywEKAsKLKhawLwKNyLKAbgE
fdms0_si1218,uaBKNCBRrKNwSBgKzPSwEJwV
fdms0_si1502,kwKCKkatBsKHvEKHKkKksJKSwKNsKuwKHsKNKhgKkcLwKNsb
fdms0_si1848,lyKkPSwEgsKNPCyKNSkeBbKHIycBKkyKHB
fdms0_sx138,wEKulVkKHELwErLKkeBVwKrtKSwVnItywV
fdms0_sx228,kwyKAlEvBwVBKtsJw
fdms0_sx318,vBsVKNcKCwKNKNsEVnKhytStIgLi
fdms0_sx408,tKkIaKkwLtwKhSgEKEkwEtKNsBKi
fdms0_sx48,uEtrbaKlPEIbKHIwDwEtsKHEKL
fdrw0_si1283,lyDwEwLveBKtwKhwSsyegKNysFLtaBgKNwKNsVRIaKvclybEterL
fdrw0_si1423,NKhgKheaEJyKhwgaKNwKhcBgB
fdrw0_si653,iwBymwLwVwIygcmySygByKhEgaGwKL
fdrw0_sx113,vbEgLKATnBgaKkwEKSwVKNyKntIywKhgtKN
fdrw0_sx203,lcKARgVNcBsbEwKkwKhIFKNSyKvbKlcLwBg
fdrw0_sx23,vwVwytwVwEVvaEcEgsVKhaRFLFy
fdrw0_sx293,tryLKNwKkwVKAbRyKAbKucKLgKNwlcKARFELtbEy
fdrw0_sx383,lcKARaKHwKNRwEKiNaKvBEgaIFaIgcKN
fedw0_si1084,hnKAswCKlbsKhyKhcBtaRbsVnEaKHgKAsKLnsKtFRSyKNKkgcRhwJsKLtyRa
fedw0_si1653,AsKLKHaKntwKkwEcy
fedw0_si1714,NbrLRaBaKlSksTealsKLKAbKhy
fedw0_sx184,lsKNvbKLlyaKHaSGsKNIyKLEagAKkyrL
fedw0_sx274,unKSwLtwKCVKHgKkwBKNyIwELKScLtIagKi
fedw0_sx364,kKNnEKNEgnRsKkDKHaABaLKAagEKLtHgKksRSwKlcKhIsKAbKHcmsVkKsKtwtKkwKHaKN
fedw0_sx4,tFaslnsbTPKSaCgEkKhgKSrKAsKHaKa
fedw0_sx94,lygELzrLJBaKAvgwEKknKksLKgtIs
fgjd0_si1179,SgwJwKksVwtbKNKhy
fgjd0_si549,usKNKHIaKrwtKwEtwLbEKAwKALbKAwtrKhgIbsJcBKgELNIwVKNsKNLKBy
fgjd0_si818,hgCVwDKHgSwKiKNrSwtNwKNKScBsytwKNsKNDSrtSbKAlbaKNwLtgEcDKNLtwKhErBL
fgjd0_sx189,lwLKNrasnIytaIwBsKNwEabamTbKLg
fgjd0_sx279,vatwKhwBKAsKNcBSrKHSwKAnLwRwRlsiwVSnBvSIwKus
fgjd0_sx369,hgKhAsKHrSbSwIwDraBL
fgjd0_sx9,SnIyTsKCeaSPSrSbs
fgjd0_sx99,usKksKBLwLgsSwVKksVbRgbIgrKAsKL
fjem0_si1264,lwKtwVBaKNwEKzSwLtSaEKHILKHGORlwRIwLKV
fjem0_si1894,hgEtIaEwIsCwEaKNswLwKNLywVwKubC
fjem0_si634,cCbKTsKLKNSgwKNIyLKSswtIwKusKhrRrswEKhgmwEKhyELuEtBgEL
fjem0_sx184,lwKHvbKLuSbanEtRIrKNEcywL
fjem0_sx274,lnRtSwKLwKNKHnKBKJwKNCEtegKJ
fjem0_sx364,SyKLwEKNgwsKucCeELKASwEtBgsKuSwKtwKunsKlyegtmyKksEKLwLKHwDKHbr
fjem0_sx4,iksPbDrEaEanEsKhnBaIKzTPuCaIKuKA
fjem0_sx94,TecEtrLKCBKAgCwEKNsnKksKLKNsyKL
fjmg0_si1181,uaKuIrsBKsVKNKubKtwCnKtKSwRwEbKtcCyvwVKNwCbDvbEgDCFKw
fjmg0_si1811,uIbKtwSAsywVKharKhrbELtaKuIbKtcLBw
fjmg0_si551,tsVwCnKubEwEwKNEKLKuyKNEtcRwKtaKN
fjmg0_sx101,vNyKbEbnKuKtEnKkwKkwKAuIbsKkwKHvaLtIbELKuaKAataKhbsL
fjmg0_sx11,lywERagBgaKHaIbEBgt
fjmg0_sx191,lkKAwgatCybKNyLtyLwEVtwKCKL
fjmg0_sx281,CalbyDKNEsKNKNnKhVvbKSwKhyKNKhaLtrgerLN
fjmg0_sx371,uIbCwEaIbKhyKkwKhnELKNEgaEtrKhsKNSwVNCrKkEL
fjsj0_si1484,lbcaVaELKLyKArVwKNrKNRIyL
fjsj0_si2114,LKksKhyiEVEcKulcRSbKkwVKkwgwV
fjsj0_si854,wKNrKkwKkbKLwVnKkrKhwtbKV
fjsj0_sx134,lyVtwRrKksTPrsrSwbVKSwKVKVKlwEwEcbSs
fjsj0_sx224,unKuwDVwKkTrKV
fjsj0_sx314,lctKuyKhyEcCkaIKkwErVlyrSwKhySbSyDtBSBtr
fjsj0_sx404,haIKhrKuyRrSywVwKhyDKhcRtSgr
fjsj0_sx44,lbVvcKhaKNKhyDSyrKNsELKHSrKH
fkms0_si1490,vaKNtwKSwVHIFEKNKvbKNtwKSwLKNELKN
fkms0_si2120,NyKHeELKNKubEbmwKkKherRIytubErJwKNRlwVKSFKHw
fkms0_si860,uwVwEvSwKkyKuPKLwRbKVwtwLKvFLwLtKABbaKNL
fkms0_sx140,heEKArKAeBKNIaKHIgNKAtecvAwEylwByKNLKNwmwTw
fkms0_sx230,vcBeBwPSGbyJyrKherIbwJIcBgELKheFmSbrL
fkms0_sx320,lwSyILtwEeKAKSwEFKhySwtEcBaKAwVwL
fkms0_sx410,AwKheELtIJSeaKATKNSyKAwCBFEw
fkms0_sx50,veELtIaKNKnKhnErAEFKHeKhbKNLwEwKeBnKucKHBaIv
fmah0_si1289,wtIbClwKytwcKtbE
fmah0_si1919,vFnRIwCbCwLCsLwCwEKNLtEwPByty
fmah0_si659,lytwLtDwVtwVwEBKkwKNCwVtEKkwEtwRICyLtsBySw
fmah0_sx119,uwKywKNKHFBwtwKAvbKAwKkwKtwKvaBKkP
fmah0_sx209,CKuBKAvFnKkKhFEKByKAbSaE
fmah0_sx29,CnRKuEFKhyKHsKkwKHFKHwtKNwKNFSwV
fmah0_sx299,VKbCyKHvsCwtwKHgKkaIgwCgByC
fmah0_sx389,vksCwKhsKNvaIwLwTPIwCcKACKNytaEy
fmml0_si1040,hgKCwVKHEkcKzKHFEFKNvbElyKksDKkEtIcKzE
fmml0_si1670,vbKhcKhytIwtHBlwsJbAcELKAFKHbtBCyFa
fmml0_si2300,CcRbSwVKlcLebmEJVwglyKtbgtwKhy
fmml0_sx140,vlrKeBKNIaKHgcKAtgSyEFsKcLKNwKhyRw
fmml0_sx230,vcBgBksBsbCKlcKhgJwagwVwabrJLN
fmml0_sx320,lcCbELVwEwKhgKhFEgKhywlKuFatSDlcLKNwEKL
fmml0_sx410,lbDKhgEVvbJiEaKtyKzyKiKSyKNKkbEaEFE
fmml0_sx50,vwLKHgvwDvFKHFEaEFKvbKHbKNLKSwElcFKlcKHaC
fnmr0_si1399,urLesPIwByDtwLKNbtwKubElcKtyDcaICleBlwKueRImwJcEelbE
fnmr0_si2029,ubEeEKNrRKhaKAbKNwEVRIalELN
fnmr0_si769,NLtELtewKNwKkIgKSwtSlcByaEKJrKhBv
fnmr0_sx139,lwKhnEeBScVKNlntrSwELwKNIbKEJIr
fnmr0_sx229,lwKAwDKtaIrlanRwKN
fnmr0_sx319,lcKhyDKAbBKNKugbKlyKHbCaKkLtIwtgmygr
fnmr0_sx409,lyKNsEtKhwKNKEgEBsDlyLwLKHISKNuIgKkKLKlyv
fnmr0_sx49,lcKNaBbKHCKtaKNKusKlSclbKJwKhlyv
frew0_si1030,uIwDSyKkwtIKAEKNrL
frew0_si1280,lcLtEcBtrLwgCKtrRhgaEBtbKNcByKNaKHrKAbKiE
frew0_si1910,kywKkPIyKtwElbyDKHEKkE
frew0_sx110,lcKhwVnEBaIEVwtcRlwKLKicKHIaKhBKL
frew0_sx20,iJwDBCtlwVwBwEcBKuIaBL
frew0_sx200,uIaKAwEvBKkwLKNaKHaKNEeKhByKNrL
frew0_sx290,lwLvrtryKNKNwKkwBywEKtaIwKkwKtrKHrLKNKNwKhgEr
frew0_sx380,uBgKNnrKkwEytrVwKNKHaKhwKi
fsem0_si1198,vwVgELKhgCBEN
fsem0_si1828,vVwVwyKkwKLlyKlwVcLtIFByvbtBwKhwBytwKhaC
fsem0_si568,vCgIgswVwKHFsJwLwgEcKhgELzKlgEaKBgE
fsem0_sx118,AwCgEgByuImsywEKnVwIBaIKNKhBt
fsem0_sx208,uIgKVnKhgVwKHgEwKLKkwKLwLtISyKkyL
fsem0_sx28,uFKuwDTgKtcBgElaIywKkwaIL
fsem0_sx298,IFEIKhgwKkyLyLwEKkywRwKivaIKhL
fsem0_sx388,vIbKCymFByKNRlERIwKkwKhIFKNwKAvEKJwKNwJPL
majc0_si1946,lcCcLtSwKaIaKhBCSBVKAcCcCywLJaKNKN
majc0_si2095,hcKksKhyKNPywlrKNcKurymsyKkJb
majc0_si835,LlwBKASwEtwKAwLKAcBElcLcLlrKlwKNKhwtrChgbCwLlcVwKNzr
majc0_sx115,lycKBKhyKNKLyKAcKHBrLKHaKhJa
majc0_sx205,lcBKNrKHrLcEgarKNKlrKAwKkNPaKhlsKucRnIBrRriV
majc0_sx25,HBClcCarVcBKClywErL
majc0_sx295,lyLKAcBKAcEVKNcCavgeIgbEtrymywKNwR
majc0_sx385,lwJcBKkrtcBKNlwVwvwBKhrKAr
mbdg0_si1463,hSwKAwEelSreBClKNcCalELEKNKNKNKNwKuFsTD
mbdg0_si2093,wEatrbEVwELKNClrKSwKNcELKNFEKNwVELKN
mbdg0_si833,nKhBlELKHrJcEeSLlwBiKlKzw
mbdg0_sx113,cClLKNraKhELKAwKturKha
mbdg0_sx203,lNKAaLcSElcKhIFKHlwKNwJr
mbdg0_sx23,lwVEVwJELaIKhcClEKCaIrBLKl
mbdg0_sx293,cSsJKNsKAlwLKHryKNwKhBKHtaKlwKNlPrJerls
mbdg0_sx383,lKAecKlcKNsErJEKAPmwacKhBIEaISa
mbns0_si1220,lywaLasalKalyKHrLKNPywEVwKbErNy
mbns0_si1850,lcKuwKaewKNwKTwEaKhaR
mbns0_si590,uIKkwLKNcCBVKtrVnKHCaJLKAaCKlcRKwKVwKurKHvVw
mbns0_sx140,lcKrKAcBKNuIaKHalKLaIglylyKuwLvwKhyKNwKu
mbns0_sx230,HBgaBlySsrKHRInLKEawVMalnrL
mbns0_sx320,lyrLlnKhyanKubEaKAyCKNwCSaKAwKurLKNKV
mbns0_sx410,IsKhgwLtrtKERaKAwKzACyKlwCaIry
mbns0_sx50,NmwLvratlyKATyKNwEaKwKAcKhnKNwEwKulnKNcKHBr
mbwm0_si1304,SwCwtKrLKHsLHvbnKhaLKuyTsLKitsr
mbwm0_si1934,SsBtSa
mbwm0_si674,lwLwVlsLKAnKNsrKHnKHKLKuIbKvLKnRIEwtKNKhywKHnRtwLKH
mbwm0_sx134,wLnKhrwEtnEwErCgLKHELKHnCgbCw
mbwm0_sx224,bCstrwCtrnEKL
mbwm0_sx314,uyKHaICaIKtbErsLtrKhyCsCsKtISatr
mbwm0_sx404,harKhrCKHswKHIwlsKLKCwKhyKhaEtar
mbwm0_sx44,HnLKNwKAatbCsbrKHsDwLKHSOV
mcsh0_si1549,TcaJwmwScKusyKusbnKNw
mcsh0_si2179,CbCcBrEnIeIyaKLKCsy
mcsh0_si919,HgaKuyLtslcCuIcstBKHrMnVKksEtcLKCwKLKNcCsKSwlnIEstwKNwSstwEc
mcsh0_sx109,vsJSwKHwELKuIsecsKAFaELKNyKLtSaKha
mcsh0_sx19,ScCcEcCLcBeISrKAnEatwCytSwEVsvr
mcsh0_sx199,TnEvwnBaIEtwmcCsKLKhasvrKNwKkwEtsJwLwVsJwV
mcsh0_sx289,SnRtrKuICtKuFBgvwVrRrKTCVSwELsbSa
mcsh0_sx379,EKHscCsVKucnRIyvanLcEVnEveaIKksJwE
mdlf0_si1583,tIScEtIbnKuSwVcCSwRIcKNcCstr
mdlf0_si2213,LcCSsyScRCcamsLwL
mdlf0_si953,wLKuIcRInKNwIyVcCtIKHItwLyELFawCnRIwLyTstwCKL
mdlf0_sx143,lcLncCKtbrtIwVKhTPCaLKAyrKhybKHSa
mdlf0_sx233,vgSsEtIySsCsCVnbCtIb
mdlf0_sx323,uOtSaKtIRInEwKunCtIanRybCKHg
mdlf0_sx413,lntIyLISstEsaKtSwELKHagtIbLKNrtr
mdlf0_sx53,SywLcKuFaKNbnRaIyKNwKNsCLcCSL
mdls0_si1628,lwLKEgvbBlKtrvPDEtaKksCVMaKuSsJ
mdls0_si2258,TcCgeIsDSaIyw
mdls0_si998,lycKlsKNIgrKNaBn
mdls0_sx188,AataIgtynBSslyKNKHbELNKHba
mdls0_sx278,AwtsVKHrLKNyKzsKAstcSsIyDKNcSaLKAyKzra
mdls0_sx368,haIwVvenLNsTwKhgsKuecBLKNKhyKNcCKNsycBywKN
mdls0_sx8,tSgsbBasaIscaIyLcBygEL
mdls0_sx98,AbLwKASwJKNwEtcElsbrLbrt
mdvc0_si2174,HavJbaKwLEbKN
mdvc0_si2196,lcKHItrJwEcKheIalywVKuwKkcbEKNcCwVcCagEcSwVwEKNwKhyLKEyLKNbKNw
mdvc0_si936,HBagbmFEealcKNyLKlyKNyKAPraICka
mdvc0_sx126,HaImrtrtcBlbEKNeSwKkwEKNwLtBIyF
mdvc0_sx216,ELEaKhSFKHFKNcBcEaEeF
mdvc0_sx306,lwKNwFLKNPBKhyKAFKtJbEcaL
mdvc0_sx36,vFBycCFLKNcKAaKHGJwaIrLKAcKvlbDKHaKHySFry
mdvc0_sx396,NwtwJKuyKkbEKNcBPKtIgbKNSByaElcLNrtrLwlcLKCaSsKN
mers0_si1019,hrTwKNwRrKAnKtryvSrtrKkwVKNwBrKz
mers0_si1649,SwKVctIgclyKTbC
mers0_si497,uVKHSslwVEgKLKlcKHcKkLKNcBabyKlcKktwBtrKgKHbCbrKhnRrRwRHgKNw
mers0_sx119,usTrLKAaBKSwVrKkbKNwKhvSwRtcEaKHaKky
mers0_sx209,CbKHBKHBrKucKhbKurCaKSwtIbCKV
mers0_sx29,HcKhImwKNKHnKNwKHbKAcKNKNbEL
mers0_sx299,LtsKHrPwVwKHaKHwabCcCvaSwD
mers0_sx389,lbKhwKubgLKTbCnIwCaOKAbKHIyLHgwKkb
mgjf0_si1901,bHSwcReIPVKHrKAeIgLKNwKHCwRBlnKSmrL
mgjf0_si641,lnRIBrKLaELurIwSwKAaIKtIKzKLaELKHBwBKNwCcBKtrlrKk
mgjf0_si776,AwEcKtIKTPcaIKNyKNbsKNw
mgjf0_sx101,NwErKtIcRwEKknKuIyKNrKAbJrKtIalrL
mgjf0_sx11,lTPCaBgaIrBa
mgjf0_sx191,SwVvIatcsnKAwVEstwEtrSaIE
mgjf0_sx281,AeBIyKtItKHlsKNbKCKuyKzKuaLeraIrJ
mgjf0_sx371,uInEbcCnKuwKHrLKNgnRtrKhwVwLurtrL
mglb0_si1534,TwVKkwKucVcClcLcBcElcElcLwKknrKurVcClntsL
mglb0_si2164,lwKAvrVwLcBtn
mglb0_si904,lyKNsKuKuIbKkwVrnIaKAnKrLKAycCwKkwKNwKhynKhBa
mglb0_sx184,lwKAnKNKCsbaBSwVrKNKhgywL
mglb0_sx274,lctSwLwKNKHlKzwLKHcLaKz
mglb0_sx364,TPKNcKlcClKvcCBLKAaKilwKNrKhrKlyDLwLNcCKHarKN
mglb0_sx4,isClsrClwKhFErKNwEarKk
mglb0_sx94,TnELwVBtKAaCKubElyLKzbIyKL
mgwt0_si1539,LtwLKHaCKkbCbEVKLKAbKTrKtIBerKkw
mgwt0_si2169,tbvcKLKAsrVKuVNKNyKJbaIwDClbKHIsKuIaKLKlbrurCvrC
mgwt0_si909,bKucCKHBLJIyIyKHgcCnKksKNKLKAytgbrlcCVEaCgeIgbEVw
mgwt0_sx189,lwLKtIasrRIyLHgaIsKkwCgbmamlwKL
mgwt0_sx279,EbeBLwKhwBKzyKkwCBrRSwKNaKLwKHrRlwJwKkKlwLwEcBKuRSrKkb
mgwt0_sx369,hgaKlsyKHrmcRuclwKuPIcCycaL
mgwt0_sx9,bKtBeEryBCgBSyIcSsD
mgwt0_sx99,uCyRcLgbmySwVKhsJLKHaEgvrgrKAyL
mjar0_si1988,HBVwLKNIyKAPCtFaItImr
mjar0_si2247,SyKAlrLwlyrtwKV
mjar0_si728,HBrLsbKHBVcCwLtInKtIrKHaBvbKLKHIsvbCvwKACSB
mjar0_sx188,SgtIgKubCcCwErKkbKNKHnRVcKHa
mjar0_sx278,NwtIwROmrLKuIwLKAsKzKywKAsJwElnIyKNcSaJKAIKkNIgaB
mjar0_sx368,haIyVvgLKNslwKhBgKuBcVKNKkyKNcClyBycByKknKV
mjar0_sx8,SgsTnBaImyweItIcBsbaKL
mjar0_sx98,SwLcKAaIsJwEtIsbKLtrV
mjfc0_si1033,uKuErKAwClwSwKuKznEr
mjfc0_si1663,wtaKtaKAwatsKznRrSwCn
mjfc0_si2293,uEVuIyKusJSwFSwCVtwRSaBKueEtSaKAnKwEaIrL
mjfc0_sx133,wKNIytrKNuCwEtrKAIKuSwKkt
mjfc0_sx223,ucKhcKhFKNuKhaIKNscKhSwEwKuraKz
mjfc0_sx313,vuaKtertEtwEcKhaKNKHEtIKuKa
mjfc0_sx403,uISrKuIKNwELwLwSwKJKurKiwCKhSaKLzKz
mjfc0_sx43,HBKucByKHwKhBaIatAwCKiKAw
mjsw0_si1010,lrLcBKAeBulwKLuCBgrRITwLwngrKksnKnLKHrCwKuysKuLbwLKNyKhy
mjsw0_si1640,gcKkKCKkJwCsuw
mjsw0_si2270,hwaBKrLKlwKLcKlwDKNwcKNKyTwKC
mjsw0_sx110,uKhnLtSwBcErLaKnKNKHrKHcCKL
mjsw0_sx20,JwCBcKtByKNPBEcBaIaBL
mjsw0_sx200,uInatKAwKAcBJcLKlcaKkanKtwKhByKNwL
mjsw0_sx290,uVKurtrJvwKNwKuBwKtcCwKNwtrKHIJKHnKNwKhgnr
mjsw0_sx380,vSnKtrKNcCbsKNwLnKkKHnrKhwKkJKvNKtbKly
mmdb1_si1625,lPKNKSywgEKAaKNIChB
mmdb1_si2255,SyLSaIuIgEgELKASrKuKhcKuSKkVcCtwKAwDtyuSs
mmdb1_si995,HbKkwRIKhtIbKNwLtrKhwVKAIyKAeFSBKhtScBPrKhwEVSwKHELKNw
mmdb1_sx185,lyKkcKhbCyKAaIyaIaBLR
mmdb1_sx275,LKNPtSrKuIsrSrKAstIwtSbrg
mmdb1_sx365,lyKAcCKhyvOKlwVlyKNwDKtaImbsKucKuSwEtrKNIyarL
mmdb1_sx5,wLNywLKlrlwEbCtg
mmdb1_sx95,TPAaBwVwIbFKAPrtrKAIcRuIyABaIcKHgcBLKg
mmdm2_si1452,lBKntryKIwVtsBKNORwIytcCKNvrLcKNKHsKtIyvcKkwVKSsKNwKAcLtB
mmdm2_si1555,lcLSyKAKkaIyLKAbEVrKwM
mmdm2_si2082,TrKhaIsCnaKAsDSyr
mmdm2_sx102,LKActBKAbLKHIVtrLyRaLKNwVACKAyKEynRrV
mmdm2_sx12,hBIaIwErycaSwly
mmdm2_sx192,vLKuIavbKNraIwtbtcCrLyr
mmdm2_sx282,lyKNwKNrtrKucKNKAaEcKtIyKNwKNa
mmdm2_sx372,lbKhbKrlyKNrLKSybRrCcKLwmyD
mmjr0_si1648,HsVwLtIBwCaICwKNHaKSwtKASgwKhwKHBgKNKABVcLKHBsEtIa
mmjr0_si2166,haKAKVAIsRaIKLHKtBaBL
mmjr0_si2278,ksKksKNwEKHarKAbEKiKNwKhrRrKz
mmjr0_sx118,HBKHaICaBlwKuIsCVKHBaIKzcKhB
mmjr0_sx208,haKkLerKhanRrKHaClKHEVNKHrKiJKNELKtIwKkPEL
mmjr0_sx28,hslbKuaIKtISbCKhHaEcKHvL
mmjr0_sx298,lrKuInKHaKHasJAwyLKlcEKkTwBerKtert
mmjr0_sx388,gIsbEsKNLKHrKuKhIaCrKNrKAKHIvrtEKzwL
mmwh0_si1089,ugaKLlwEVHITwErJKlb
mmwh0_si1301,vNyLKAwEtaIElcCKHrEKHIwKzKAwKNAIwElcKHIwVlcEKlcEvaKAcBKNs
mmwh0_si459,wtIcRlcKHBKHIwLKiaIgbKLcBlcELKlcLcKAelKLwBEtrKLKHrEcKHBvaLKHBtBKL
mmwh0_sx189,vwLKNuIgrRIwtSaIByKNwEegmBalwKL
mmwh0_sx279,veBLwVcKhBKNwKkABKherleBLwKHIwznEwVKScBKmwSwKly
mmwh0_sx369,veaKHsKHImrKHcBwRwEgETrISL
mmwh0_sx9,SaIywBSwBSb
mmwh0_sx99,lcKuPvBLegscSwVKusLKNcaEerKAKL
mpdf0_si1542,lwLyKuScRsJwLKHwEaRTwLwLzwKHIrv
mpdf0_si2172,vLKAIbKNKAwKuywKwVwKHFKHwKucELJbL
mpdf0_si912,TPbCsJwLcatwKAaIwEbKtIaI
mpdf0_sx102,LKHnstcBKNbELKAtSIyLwVnInLKAyvaILwKtwLtwKAwKubKHrJ
mpdf0_sx12,SwIaKhwPSrRFKTcBScBSwD
mpdf0_sx192,LKHIaAbKLramctInItErLzr
mpdf0_sx282,lcKNyKNtrtInKNKAcEcEuIaKTwLKNwtIa
mpdf0_sx372,lbKubKuIbCsKALwKVwElbKHICcKLKHrmwD
mrcs0_si1223,uIsKHwKzAIvelnKAInRlcKL
mrcs0_si1853,lcLKwKlcKNyKArSwKuyKAwELtsJSywEwKHnIwKVEKuCtwgKk
mrcs0_si593,lwKAbeKkbnLlKVKHgbDeEKVKwKk
mrcs0_sx143,lcLeEwKkwEcKHIyKAPKhBLKAPIKuyvHB
mrcs0_sx233,geSlseEtIwSwCKVlbClbC
mrcs0_sx323,uOtaKurlKlcCtucChgEyCcCKkHEg
mrcs0_sx413,lbvubELwCKJKusEcBKHawKLKAarKClbKNKNrLKArKk
mrcs0_sx53,SylcLlcKHBKhBKAbmwlrwKAKkEVlcCBL
mreb0_si1375,HatnRKHbKLtInLwKASsbEyKksKNriAbErKHnRwKNnEtbaIbCaItr
mreb0_si2005,ksKuCnRKNrsEKhgaOVKtbKAwDRsbIswCKtnKHBaIbEKAa
mreb0_si745,uIgaKhaIKNbrLNrKzsvIaR
mreb0_sx115,usbCwKHsKLyRaIaRSwLKaKNa
mreb0_sx205,HaKtInRrLbaIrRrLKHnKNwKkNIaKhsKunRbaIrJV
mreb0_sx25,HsCaInIwVhaKACsbrKz
mreb0_sx295,hyKAIaKAgELNIgaKgaBgbEtIsKNIw
mreb0_sx385,SwJcatrtHaKHrVrtrBKhrKAwE
mrjm4_si1489,HCaLKHCKkwLb
mrjm4_si2119,CVKAwDKNwKhwLKtcEKwCaL
mrjm4_si859,HsCgKtrKhyKHrKHgCTJwCsKHlgtwRIwCKHwrKzgrL
mrjm4_sx139,cKhaCaCLKHsVCLwKNIwKuywKNr
mrjm4_sx229,hIywKkwDKtIKkaCKk
mrjm4_sx319,wKhyDTwOKHgrvlsbCwKkNIwKhrtIaEr
mrjm4_sx409,AyKLKAwCKzKCVAIyzEKiKHInKugKTrLw
mrjm4_sx49,lnKNanRcCKtIaLKHwClnIvwKhlwD
mrjr0_si1182,lnRnLKlwtInEcJsvwtTsBKuPVgKkwErL
mrjr0_si1812,SyKtrKTwVErKNIgbCKtSeKaIwKutIrwEwsJEL
mrjr0_si2313,lSFBKtbErKlyKuEJSyKtSFBySagEKHnErVKAvbEryKhyKuyRwEKkywEgSgBt
mrjr0_sx102,VKhcJcBKNlbLKtSrLwByuInVKSTEgVwKkwLHcCKAwKlbRrJw
mrjr0_sx12,SwBeIaEFSrsTcByv
mrjr0_sx192,LKNIavbKLKHacgnBtgJwErLyr
mrjr0_sx282,lcKNwKtbstIwKHbnKNwKNRaCSwhgwJKNIyKNtcBgBKwR
mrjr0_sx372,lnKhbKuIbCbKrLVlbELKFbtKHrCFKLKAcmy
mroa0_si1307,lwLwVCwVKHEtKCstKERwEKntKA
mroa0_si1970,lwKNrBwKhwEtaKwEyKkKhNuKkwKHaEwVcKACSwLKCbEKk
mroa0_si677,wKuICBKAIwCVKNKhyCwCKuBLKEr
mroa0_sx137,tIlstbEKHaItICDKAICtKCrKzKAurKt
mroa0_sx227,wKVnBtTrKucKCKMaKtuRr
mroa0_sx317,wKAInEKhrKhaKhwKVKurKAwKzywEaCKA
mroa0_sx407,tHeELKhrbEKLKlcCLyCwtErKgtcELKAeBVKHaCyw
mroa0_sx47,haEtIeEKhwLtasKLKHrKAKtsJrt
mrtk0_si1093,SGmnaCwVnRrKhyvyRrSyLAarLy
mrtk0_si1723,wEywIwKhywKuIwMKNwEtEFSr
mrtk0_si1750,ATPlbLwLwaKAwCnbEaCwLaKNrKHInIwLKNrvr
mrtk0_sx103,AaInEwLtrnmyKAwLwLKNwL
mrtk0_sx13,LcIyraIwVvgsJwKAsnE
mrtk0_sx193,leEaIwBwEywaSwKNwVwaw
mrtk0_sx283,lcEKHInEvrVwJELKHIcErVKwEtIc
mrtk0_sx373,wKuIwEawVwLwKHrCLyKAPvw
mrws1_si1130,vwKuyKnVvaIsEaIrKNrvrIaBKkwESFL
mrws1_si1496,vFKNrlgKhFLwVwKuVFKNcEcSyVNP
mrws1_si500,lrICeaKAwLKEwEtIsvFKNaErEyKheIaIwmaELNrL
mrws1_sx140,vFKaIKABKtIwKHIaSrVrEywElyKhwVvrKuTwKk
mrws1_sx230,HBaISsPSsTrhrFveaFVvaSrtJ
mrws1_sx320,lwElrLwElKuaIwEaKHTPCwMwEaKAwLKNwKL
mrws1_sx410,uIsKhamrLtIsnuFKAKhNaIKlwESr
mrws1_sx50,vFLKuIaRrKAyKNwEaErKAFrKlrKLKEwKuBFKNKHKHSr
mtaa0_si1285,AwBwInJKEyKAeaISwBKhyElcLtrE
mtaa0_si1915,lwSwVlbmrKJKSrvgLKNwEgKNIyEcLKTsJcEKlsKhtIKuwKEcL
mtaa0_si596,vecELlyvwByKNcEaBg
mtaa0_sx115,lOmeBaEKNcKlwKLtOKAaKHBLKBKAcBa
mtaa0_sx205,uBKNrwKHurLEerKLKHnKNwKNuBKusKuwBwEKABGrV
mtaa0_sx25,uBwBasErVcBKkslbrL
mtaa0_sx295,twtKAveIaKAcELcCkalKvereIwEtIrKhyElcKNrBy
mtaa0_sx385,lwJcBaItBRrVrtOKwKuwKAwKk
mtdt0_si1994,LNFtFByKhITrtSwVuKuywCyKhsKkbCyvwLKHbEaSanCaGRyD
mtdt0_si2254,tSbBlyKNIwKkctSGaerg
mtdt0_si994,rsJKAsmyRwLKNIPBSFVKuILwLKNcBlyKHItwKubE
mtdt0_sx184,hrKAbKLKCsbamwtIKtKCasTrJ
mtdt0_sx274,lOtSwLwPKNKhnBFEJrywLKhwLFgKtb
mtdt0_sx364,SyKtrKtHbClyCKuFCaLKNScLFslwKhSwtcKhrKhybFRwJyDLwVKNcCKHarKkb
mtdt0_sx4,ktsCsrCSICasmyKhanSrKAyDCHarb
mtdt0_sx94,lcCtIKhGKHaSwCKhblyKtIyKLV
mteb0_si1133,lyKiHbEtrtbKABaIsKzKABLtIrLHat
mteb0_si2064,lywVKAytKNyvSwtIbEFEgsyKNwVwKvbEcKHGwCPrtISwEsIsL
mteb0_si503,uwIyRaLKAyIyrLy
mteb0_sx143,lwVeaEwKkbtrVKTKBLKATrKhybaSa
mteb0_sx233,gSsEtIySsCwVIbCKtgwM
mteb0_sx323,lctaKHrlwElbKNHCeIgIbEaEtg
mteb0_sx413,lbLKEyLcSyiSytcBKHFyLKAatKAbJKtrJKHr
mteb0_sx53,ywErLwKHBSBKAbIyOrwKAwEbELwKhBL
mthc0_si1015,HsbEKHbJrlsBrKzyLMaIgJLKHBFKNKHaKAIyKz
mthc0_si1645,LtHcKzKHaKHsVcCSVwKAsTbCvcBKNctHb
mthc0_si2275,lwKHBKkwKuOKAuIytwJcCwEJcKNJswKN
mthc0_sx115,lycCKhyKHnKALyrKHIaKHSVSwKhSB
mthc0_sx205,uBOKNHrKHItcCbaIwKALKHnRlwKNwKhsKhwCwEtSrJ
mthc0_sx25,HBCJwSrJSaKCsbrJ
mthc0_sx295,lctAcBKHFEtIaIagnRHIsJtIysbKhtwE
mthc0_sx385,lsJcBvertIFKNwVwtwCKhIwKHKk
mwjg0_si1124,lwKCyKAaKNwCyKNwCBtSyKtIwVwEbaLcVcCKABwKNcCSwKAw
mwjg0_si1754,wLtsKlwKAIKzKABKvaKNcBa
mwjg0_si494,uyKLAaSwKuyLtaEvbKHaIwalr
mwjg0_sx134,wLwIwEtbEPSrKAcCSwLKCFELKNwLKAwlbw
mwjg0_sx224,gaKAwmyLuwrKL
mwjg0_sx314,SwKAyKABCSwKvbErLKwKAywEyKwatrt
mwjg0_sx404,AaIKuKHrwKAvyKNrwKVwKAyKHaKHar
mwjg0_sx44,gLKNcKHaKNwElywKNvDwKLKASr
fdhc0_si1559,kwVwByKhyDVwKuIgKLwEwKuSwmTPSwLKNPBwDSwKuwEwELteBt
fdhc0_si2189,lyLtbRwEaSwVKNwKhERwKhewLPIwL
fdhc0_si929,vhwKLtnKNKNsLwVcSrwEcKhegLNPJwB
fdhc0_sx119,lwEVKABSwVnIwKNIbKlwKuSwKNSwKveBGEKzyE
fdhc0_sx209,hgsKucKAeBwKhwKhbKkwEeFKARIwEgEKL
fdhc0_sx29,vcBKNKuIbDKNcKlwKNKubKHwtKlcBKNsbEL
fdhc0_sx299,lJsEwDKNIwEKtcKvegaKlbElcERaBSsE
fdhc0_sx389,hsbKhksEgLwErEFBKNwKtwLwgsKN
felc0_si1386,lPSyKNlwEKhEJsJELKNyElwVKAyKhaEKhEVvwRwTPEKSwELcEByDSE
felc0_si2016,vyRFEVRrKLKlcKhBKLKARaEFELKNbKA
felc0_si756,lyKNlIywBLVKLtwEKCBwEKuRBgEKChwKuSgEwBaKuIat
felc0_sx126,vEtEtcBwElcBKkwEtwLRrTKC
felc0_sx216,uILEBKhByKAKNPBaElB
felc0_sx306,vFKLEVwEtTPBKhyKJHuEtEBL
felc0_sx36,vBKhwEBLKNOKABKlwJKHaELwKvFDCKNwEsE
felc0_sx396,lKtsJKNwKhyFElcSyKNRIwKAEKulELRrtELELKEaFEKN
fjlm0_si1043,wLwKAIgVwClyKvwVwKHIgKLKvNwKEwaBgr
fjlm0_si1673,SwEKAnsCvyKvgKhcKhgyPhgrVwKhgyF
fjlm0_si2303,wLJcBlKhwElcKhaIwaKhIBtIbsVKLBgwLKNwPVr
fjlm0_sx143,wLwKNwVlyKzyuBLKksKkbEcBF
fjlm0_sx233,gEsKtIySgyhywLgwKNF
fjlm0_sx323,lctBgFKAwlyKuywVwCIgwDwEKNgcC
fjlm0_sx413,vkaKCyLKSsLSywBKHKByKLKAaIKlbKLKNwLKHbr
fjlm0_sx53,vywLwKABCFKNKhywBbsKNPKNwDKLwCB
fmgd0_si1564,gVKhwJuwSwVKhgEwKhgwLhsKHInBtbKVwVbubIaIKuIsVwDKHbB
fmgd0_si2194,ksbEtaBgsKNrLKaKAegKlTwgwKkEgKSwVKABgwKkwLvIbEKkwKu
fmgd0_si934,lKuaIsKLksKHseBLKHrVeaIbEKtIgEKNaIy
fmgd0_sx124,tgKkcKNlsKTwKNTmrKhyctB
fmgd0_sx214,lcElJPKkwBgTrLKHgsrSbKulwLcusJwLg
fmgd0_sx304,tkKNKHgKAEtInErtrLKNgKerBl
fmgd0_sx34,lnaKAyKNaBsKNrmyKhsJsEV
fmgd0_sx394,vecLkslsKNKHaEVuKNwKNKuIaC
fmld0_si2185,JwVwKLtrKNEKhErKuFEKNwEcJInKLKSbEKhbKHrKk
fmld0_si822,vhBKNImrtsKhyDKAIyVKHnsAKAKHnKNrKHItIEVwKkwLKNIKA
fmld0_si925,CwBwVELkwKAsVKSgEKHwKhaIvLKAwKt
fmld0_sx115,uynEyBKwKHwKLKAwKAIaKHBrtKaScKuBEt
fmld0_sx205,lFKAErKHIyVEerKLKHwKNwKNcBKhsKHEKhrSrv
fmld0_sx25,tSySwVBGmryNcEFlrsErL
fmld0_sx295,kwtKAPIaKHaKLKkcEaCbRrsKtrysKNEr
fmld0_sx385,wVcBtIKuFKNwVwtwKhuIcKHE
fnlp0_si1308,bKlcKkswVKNaLtKhBKNwLwKNInsTPEcsKkvbCKNkaCcDCsKNwEKLlywKtbDKNL
fnlp0_si1938,tBgsKkKkwVKuBKkwOKuagsKNwKkKkEcCHaRg
fnlp0_si678,tecRhcyLwElyKNwKtwRwKhN
fnlp0_sx138,NKlcKuRcCVuyKNwLwCwLKlwcKLwCwELKkwKtrKHnIKNPE
fnlp0_sx228,lcKkyKHaRyKHcBKkwKAsKLkE
fnlp0_sx318,vbKlsKLwCcCKuwKNnEwtcKhOtaItaEL
fnlp0_sx408,hgcKtIaKkwLtwKuSnsKkeEaKkwKkyEwCKLkKEi
fnlp0_sx48,gKvAknCnKkgKAwRgaKhIwJywCnEsKHJbEKL
fpas0_si1272,wBaIKNIbLtrtIwVwKNL
fpas0_si2204,uIstwBaEwKNleawEtbtBlrKhIFVcBaKksKLtEKN
fpas0_si944,lwtaIwVaIgcKNwKhwIBgvwVKNyKNbsKk
fpas0_sx134,lwtwCIwCKkObEaInEgwVEFELwLKHbEwEaIbEwD
fpas0_sx224,vlcKuwVwIwEwIKt
fpas0_sx314,tKRSyKAwKuBICaIKtwErLtrKhwEegSyKtISatr
fpas0_sx404,vhaKhIKvbDKHrBGytcEwKhwKhaKtaI
fpas0_sx44,vhgVKNwKhBKAPhyEbEtwKNbCLKHaIr
fpkt0_si1538,vwKAbKzKAwEJhgsKVKukcCyabKNKNcKNwKSyRwKulcC
fpkt0_si2168,usTnKAwLKAKtwnRrLKBKub
fpkt0_si908,lyalwVeSyOKhbCwtrKuCKLcC
fpkt0_sx188,uBgKNwIgEKkBwKNKhnKtKAnR
fpkt0_sx278,kwtIgVwEyLKNwLKNyKNyKAsVwIyVcSaLKNwKknEcB
fpkt0_sx368,CaIwKNKAgLKkPKhBgbEKuBnrVKhyKNcKuLlywBsbBKkw
fpkt0_sx8,labynBFSIyaSrLwByeEcEL
fpkt0_sx98,unEVwKASnEJwEtIcEsbKtr
mbpm0_si1577,vuIgwVngKhIaCFLKHgvb
mbpm0_si1584,ucrKNrVatcCKzrywLKHatwKHcKtwKzbLKASwJwEtKHsySbrKkc
mbpm0_si947,wtPIBrVcKHrKNrKNwKhcVaBy
mbpm0_sx137,trKkwJnErKASctKHIcBaKHIPtBtIcCtryKzKkgKt
mbpm0_sx227,kKtecBtrKkwKArKSwRHcKtr
mbpm0_sx317,uwKAIbEKhrKhaKhyKNrKHImTsJa
mbpm0_sx407,SgtKubKNELtrstItcCLKCaBtcKHFaIyw
mbpm0_sx47,haEtKHaSwKkwVtBFKtIcKhOKHgVrL
mcmj0_si1094,HbcRbCstKlwKHIKtTryVIbrKNrKuaIrtKNrVHsnErLKtE
mcmj0_si464,lcKHIgtKHrKNrVKAnEKhbKLKHbEwDTwVEbEKNenRtbEtIbKurIEr
mcmj0_si602,lcKuwJtrKNrRIwLebCgalIyKhIcKubwLtIcCbLtrVbCar
mcmj0_sx104,DTwLtewKungKtInKhbr
mcmj0_sx14,EtecKHrwVwVrKuVnbCIKksrIytIC
mcmj0_sx194,CsCtrIsrRSbrKustE
mcmj0_sx284,tbtrsIaIwKAnRrLtwKtIKtuIKzKHrKtwL
mcmj0_sx374,tIgwKARrsKtKwtnctIstIrRr
mdab0_si1039,vTsJwVEwnrwELweBKHsJlsKASrKJKNRIyswKkNPKtwRrLAbrL
mdab0_si1669,lyvLtsKkwEKAstwsVntSrLnat
mdab0_si2299,LnBKAnLyKNcarLnmSctSnRtaBrLKlsHa
mdab0_sx139,lcKhBwABwLKNcBtKSwMwKNSwVwLNcBer
mdab0_sx229,lsBKATPtawRtBwKN
mdab0_sx319,lwKuPKucBOKHgnEBscKhBKNwKHaITrKN
mdab0_sx409,lyLKNwKNEnwByKAIyLwLKNIwKNInKNKNBy
mdab0_sx49,lbKNegBwKNwEcLtaKuGwBeEtcKhByw
mgrt0_si1450,uPKLKuImPJwKHFLwLwKkcKCyKkbEKzIyLNPKkwKLKNwKVKkwCwLKNwKksJEKk
mgrt0_si2080,NySwKCcKtnIswKhIytKNsKL
mgrt0_si820,hlcKkcKhVSBKtwBVcKCcbKksKtaILVKHrLiwEFaKLtcVwBnKAwKtBtaInLV
mgrt0_sx10,nRrsTrKuIsKVgrBaIwKkcCcKLyLg
mgrt0_sx100,AcKksKkwEcBCcKVKScLKHILPKNSyLcBcy
mgrt0_sx190,LrVKNeBLBgtnbKkyBKB
mgrt0_sx280,uPBsKLScLwCracKzb
mgrt0_sx370,ucCcKtKHIaBCKuSBVuCaIcCcPKiKksKb
mjdh0_si1354,SwVwCFBaIKtIyLcCtcLwLKNcCSacRwLKHcKAHIFLHaKtcCFLaKJVwLKNcKkL
mjdh0_si1984,ucCnmalyLuwEa
mjdh0_si724,wKNLKNIyCabCIgwtBtnLKNCaClsKkw
mjdh0_sx184,lwKNnKLKSybSytrKtKHIyrL
mjdh0_sx274,lMcRACLcCKHwRcCKtwBwLKCELaIvb
mjdh0_sx364,SyvbKkVglyKAcCFaLKAaKLbCSwKNcKHIyKHbtIyDrLwLKcKtar
mjdh0_sx4,tyDCsvrCcCSbmyKhcSOKAwCaIrKb
mjdh0_sx94,TcEtKNwVHBtKAalKkbCyLKtIKL
mjln0_si1449,wKNytbKtIyLwEuIymTwLKuIswVwJwEIwKkcKVwEPSOKNrLrLwV
mjln0_si2079,lsKLKbKNlywtgrL
mjln0_si819,ksrtSrKNcVnmaICsPKkbEbCcKvwLwKTPKSbClntwEbPbPrKNwVw
mjln0_sx189,wLKNIaIsruIwtaISsymwKVwCgamwL
mjln0_sx279,gatwVwKhwByKkwBrKNSwEgaKNVNwKurRyJwKkwVnBySIw
mjln0_sx369,haKusyKHIcCwKuOJlyPIaBvV
mjln0_sx9,ScrySaSCISs
mjln0_sx99,uyKkPtBLtbmPSwVKHsJKAcEvgcaKAKL
mjmp0_si1535,wKNHGlnLKNwLKNPKJwKtsF
mjmp0_si1791,CnBwlcmbSwVHsEtHKvKkyCanErvgsKknKNbnKHkVELKHsKr
mjmp0_si905,lEVErKuKksKkwLNwKNKlsVnKNclctBn
mjmp0_sx185,lyKuKkgsmyKAereIFN
mjmp0_sx275,NKNPVSecKhImyuIsKubsVKrvJHSnr
mjmp0_sx365,lcKkcCwCKHnKNwVwKNcCKuAerKHrCKlyvtIEKNImbarL
mjmp0_sx5,JTsLlnRnRHbC
mjmp0_sx95,lyKuIaErVwEbSwKusertrKNHFKHFKASrKHnBJN
mklt0_si1213,haCyKNKuEKNwVHBOKLNwEtEFEL
mklt0_si1843,JPIstIrKuIswCwKgNwVwCTrhaRwKORrhsBKHeGwCEg
mklt0_si583,wlwLuPKNwEVwKNcVHsKNSwELKNsbEt
mklt0_sx133,AyKNrTrVwClyCwtIKASwCFKt
mklt0_sx223,uFKAKhOKNKhyarvsrCKuraKN
mklt0_sx313,uIavHgtEkNcCcKhaKNStSIyvwCHaKN
mklt0_sx403,uSrKusrKNELwLNFElwLKArKiVwCFLwV
mklt0_sx43,tHswKNIyKhDeatcCwELKAPKkwKhw
mlll0_si1363,vLclsVKlcKlcBsJwELKlsrLcCnKScBrtwLeBblsTwL
mlll0_si1993,JKJwuIwKNCL
mlll0_si733,iLtbKSNwawKNeBKgJbIbrKAvbEKNwCyKLKNwLrl
mlll0_sx103,vAeBwErLtIbKABLcLKNKL
mlll0_sx13,LSwDTnaIwLgKNKAsJKL
mlll0_sx193,SBgaKhegKBeaLSwCTcBCJTKCenKC
mlll0_sx283,lswEyKNErCEKIlwVwJwLKHIBKHItKNEvIa
mlll0_sx373,HBKhaIyEeBwVcLcKNerKkLlyKNTKhbB
mlnt0_si1574,ceELKEaCralcKhawKNclKNcBLKNDSwKNKCaKlyKuerKurKN
mlnt0_si1902,ucKHaLwKABKkwLrKN
mlnt0_si642,lwrKHaKLKerKNwCLKAnKNcCgrLKlnKLbrbEaKAvaCKAbC
mlnt0_sx102,NKunLcKNELKHerLVKurLKkwaLKNKzwLtrKNKubnKHrL
mlnt0_sx12,wBeaKkcCErsKycaBlwBSsD
mlnt0_sx192,LKuagEKNLuaItgtcClwJbVr
mlnt0_sx282,lcKNcBKNKHrtrKunKNKNRaEcCaImtrJKNcCKNKunaEaKN
mlnt0_sx372,lcKherKuIaCwKLNKVKkeSwDnKHrCnKLKNly
mnjm0_si1580,vaIwMbKtlgaKCaEbKvbElcLKHaKNr
mnjm0_si2210,vhaIwKHrgKucLtaKNFr
mnjm0_si950,vgLMaKzKlwsVKhyaKHaKtnKVcEvnEFasKHKNlcKAsvcEKvhgvwKz
mnjm0_sx140,vgrKHaJvFKHIaEnKNaEwRawLtwRw
mnjm0_sx230,vHBgBwanyvrKhclgNcEalcLalr
mnjm0_sx320,vgnLnEbKHaKHbEaKhwVwDaKAwKtwLtc
mnjm0_sx410,aInKharLtIgtaKAyKNASwKtbCFag
mnjm0_sx50,lnEcLKHavwKnKHcEFanKAaKHgKlKABnKcKAFar
mpam0_si1189,SyKtrKucCVuIKHcKNrCKNwVwtwC
mpam0_si1819,lTucKhwVnKLElKuBPSwREScCKuKzKHa
mpam0_si1961,HELwCwKNAIwKNKNwJrLlywVKSwEytcBKucKuIycKucCwVcKhBIaBKk
mpam0_sx109,JNPcKNwCLKuIyCucKuIaCwLKNyKkLcCwKHR
mpam0_sx19,HPCLcBSrKAnCatcCKhyLAPCVyvr
mpam0_sx199,TcCKkJcBwKtrTrSwKwKNKhSwVrKNKAwKtsKzLKAwVyV
mpam0_sx289,SwRlcKurKuBaItwVrRrKuKLuSwEVNycRI
mpam0_sx379,vbCKuwKucRwCFVcCVwCKNrLKNwL
mtas1_si1473,TnsywKkbtgcRy
mtas1_si2098,SyKksJHarRrarKuSgtSwSOKksbRrCHSwDBy
mtas1_si838,bSyKAyLyCKNwKhatKhycKNaIaIsKkstaKuO
mtas1_sx118,AcCKhagbEwHaKhyDCKAIywELKkwEcBaIKtKHS
mtas1_sx208,uIaKkLtbKhcKkOKHaKkyRkSwELKAbKtKNLKtIsKkyL
mtas1_sx28,hsDlbsTArKtISaKkcRKHBtKAkbL
mtas1_sx298,HbRkcKhasKJyLkKhySserKtrKtKtw
mtas1_sx388,RIcsbRKksKLKSwKkbRIwKkwKurtnKNrKNRrstrKEtsDKkwL
mtls0_si1370,SwlstIbrvrLKHIaCVKHbKuEaKLKNKlwKHbTPItTLKNIyl
mtls0_si2000,SwKNDKSyRTwtIwKhTsKzDstlKHsJwRly
mtls0_si740,SwKHaKtIbKtIyKHbKhBta
mtls0_sx110,lcKhrLKuSwKNcRrKHELKNwLHaErKNKHrKHIaKHGKk
mtls0_sx20,zycCSaISrtIyLNwDSFRFBtra
mtls0_sx200,uIaKAwKnRIcBKwLKHaKHaKNRIEcKHyKNrwL
mtls0_sx290,lrLKHrvrLKNvrKAwEKHGClwtIKHIyLKHrKAEKHFr
mtls0_sx380,HgKNIaIKzHIyRrLrKzKArRwKz
mwbt0_si1553,AHsnIwKBsIyKksKkcanKhnKwKhasLnIaKknBtKSFKtIwEJaKHSsJa
mwbt0_si2183,hnKLHGstSsvsbKALKN
mwbt0_si923,twKsKLKHrKLwLKAnsSsJVsJwKhB
mwbt0_sx113,lksKSnLKAwBGbKknKAswVnKHwKtSswKhbKA
mwbt0_sx203,vwKAFVSsKHGKhIaKHkGAyvbFKNwtnsbA
mwbt0_sx23,uSsJVzKTsVstsJVgEsGnVKhgaBLKSy
mwbt0_sx293,SyLKNsKNwLKtnsyKNswKhOKAtSaLKHslyKNKSsLtGsD
mwbt0_sx383,lnKAnKHwKNKSsVgtInKHCaISaIsKHGaIaIKh
mwew0_si1361,SwEwLKLnKJbCFKAcKBaRrL
mwew0_si1991,ScKAyKHBCwLtIyKNwEKvbcLucCVwCnLKLwEbCa
mwew0_si731,ctTKwVclymwKwKucCKtwc
mwew0_sx101,lyErKurKtwBKIwKunKuIyKurKNSnKNIKtuIaKwL
mwew0_sx11,SycBaICrcCFbE
mwew0_sx191,SwKuataCsKHwVytwKVPScKLR
mwew0_sx281,AwaIywKtIwtKHlyKNnKSCKhyKNKHBaLercarvV
mwew0_sx371,unyCncCyCnKlymwKhnLKAnRrKhwLKErKzwKz
