id,phone_sequence
fadg0_si1279,uIwLAtLHaIgDaBLMIwLMst
fadg0_si1909,vbLJKsLhylwJSwBULuOLkBytDtr
fadg0_si649,lwLJnQIwUcCcBgbLhwLkyLMywLHnQrLlwtwDrJLhbLtrSIeByLucByItbLMt
fadg0_sx109,SJyJlcLAwDJLuICIbLABgDJLMyLJLB
fadg0_sx19,lcBCLtcBCSrLAwDeaBtwEhytBgLtws
fadg0_sx199,TnDtwBLtrsKwQSsLMLherstrLMyLAwLMsLtwULMwUyUwJ
fadg0_sx289,vSbLuwILuIwDLMLAcBgKwtwrQryJLMcBgDtybDB
fadg0_sx379,vLhywJtIgLkwEaBgtwUaLtryJLMsJ
faks0_si1573,lwULHbLSUcyLSwJLubDcCbETrLkwDwULAywtBLhwLJLSaIwDsKbgaLhy
faks0_si2203,twIsTLJsJvnBLkwJLhgDLJyEgJtCLBcLKDga
faks0_si943,ucLhnLnKbCnstaBtarLhBaSwLrJLuOLAsKwJ
faks0_sx133,uyLJwITwUnrLAEIyEsLtrLASwLAtaLnK
faks0_sx223,wLucLhSwLtrLhcBgLMsELhBkLAagK
faks0_sx313,uIgLtIgLtSarCJsBLhaLJLHBtaIyLuaSg
faks0_sx403,ucsBaIrLuIcLuAwJwJcQhaClyJLMnrLJwLkBgDJrJ
faks0_sx43,vcatrlyLAyLuBaIagtwDwLrJLlyLkwLh
fcal1_si1403,vwCLScsLubSwLkwLHusLMwLJabLAwLABLhBabsSwJLCbtDJwLJtIba
fcal1_si2033,uwLhyLutBatBKbslwLHrSbJLHSwBbLlDrJ
fcal1_si773,leaLHIaLkbLAJLMIgDJKByQIrJnIcBLkbsU
fcal1_sx143,lwtDlwLkwQrULkPLwJLAPrLubBLJ
fcal1_sx233,teSsDtIPSnsDJtDLubE
fcal1_sx323,lctaLhtrQDLkwDtIgDeLMeC
fcal1_sx413,vkbKusULSyJSwDcLMSwELMLAaItLDbKLMrJLAr
fcal1_sx53,kPwJwLuLCSwLMbLkcByryLAsLMbsDJwDBJ
fcmh0_si1454,veIwLkcBsDLlcDsLMgLzTwJLMlSrLubIsJLMeDLADtDUwUcLHeBsbDJzwJ
fcmh0_si2084,hBgaLhgnLMywLksbD
fcmh0_si824,JtbLhBtILUwIwLiwDlgLAsDtBgwLHIbLHIsKDLMwLMyubDyQIbKIwU
fcmh0_sx104,kDJLMeaBcLhegwQIcCcLhsLurJ
fcmh0_sx14,lyLHBaIDLubDUwUwDUDbCLuIwLuTlbrQIstaIyea
fcmh0_sx194,vuswDtwabBIgLkwKbD
fcmh0_sx284,iDgtLvgsTLaILkTLuwlsLurglcJwDtDLMTLzLHILiDJU
fcmh0_sx374,kwgDLAsDUkLKeatAsKLHGbBcQbE
fdac1_si1474,gJLAynDvMwKyJtbLlcLMLHaLlrJLHsLJ
fdac1_si2104,gLKlyLJtgLMsLDBgDJLkwLhSnJsyzLlbDgJ
fdac1_si844,lgwJLMlbLlnLAeDLMwJwJscJyLMsyLvMLAsLMLHbLJMrlgLKMcBaLHsLJLAbIswDLJ
fdac1_sx124,HgLJzyLJLCsLwLMsrLhwBQrta
fdac1_sx214,lcCalwPLkwBglrJLHgsTwSgwLulrJtwLkLlbLrJwgLk
fdac1_sx304,JyLJLMgLAsDUJuIgMslctInJLMgbDlwCFagLz
fdac1_sx34,vznaLkwLMglyJLAsLksJwJLi
fdac1_sx394,UvgaJywDLAsLJLhawJwLMyJLAbgD
fdms0_si1218,uaBLMCBQrLMwSBgLzPSwDKwU
fdms0_si1502,kwLCLkatBsLHvDLHLkLksKLSwLMsLuwLHsLMLhgLkcJwLMsb
fdms0_si1848,lyLkPSwDgsLMPCyLMSkeBbLHIycBLkyLHB
fdms0_sx138,wDLulUkLHDJwDrJLkeBUwLrtLSwUnItywU
fdms0_sx228,kwyLAlDvBwUBLtsKw
fdms0_sx318,vBsULMcLCwLMLMsDUnLhytStIgJi
fdms0_sx408,tLkIaLkwJtwLhSgDLDkwDtLMsBLi
fdms0_sx48,uDtrbaLlPDIbLHIwEwDtsLHDLJ
fdrw0_si1283,lyEwDwJveBLtwLhwSsyegLMysFJtaBgLMwLMsUQIaLvclybDterJ
fdrw0_si1423,MLhgLheaDKyLhwgaLMwLhcBgB
fdrw0_si653,iwBymwJwUwIygcmySygByLhDgaGwLJ
fdrw0_sx113,vbDgJLATnBgaLkwDLSwULMyLntIywLhgtLM
fdrw0_sx203,lcLAQgUMcBsbDwLkwLhIFLMSyLvbLlcJwBg
fdrw0_sx23,vwUwytwUwDUvaDcDgsULhaQFJFy
fdrw0_sx293,tryJLMwLkwULAbQyLAbLucLJgLMwlcLAQFDJtbDy
fdrw0_sx383,lcLAQaLHwLMQwDLiMaLvBDgaIFaIgcLM
fedw0_si1084,hnLAswCLlbsLhyLhcBtaQbsUnDaLHgLAsLJnsLtFQSyLMLkgcQhwKsLJtyQa
fedw0_si1653,AsLJLHaLntwLkwDcy
fedw0_si1714,MbrJQaBaLlSksTealsLJLAbLhy
fedw0_sx184,lsLMvbLJlyaLHaSGsLMIyLJDagALkyrJ
fedw0_sx274,unLSwJtwLCULHgLkwBLMyIwDJLScJtIagLi
fedw0_sx364,kLMnDLMDgnQsLkELHaABaJLAagDLJtHgLksQSwLlcLhIsLAbLHcmsUkLsLtwtLkwLHaLM
fedw0_sx4,tFaslnsbTPLSaCgDkLhgLSrLAsLHaLa
fedw0_sx94,lygDJzrJKBaLAvgwDLknLksJLgtIs
fgjd0_si1179,SgwKwLksUwtbLMLhy
fgjd0_si549,usLMLHIaLrwtLwDtwJbDLAwLAJbLAwtrLhgIbsKcBLgDJMIwULMsLMJLBy
fgjd0_si818,hgCUwELHgSwLiLMrSwtMwLMLScBsytwLMsLMESrtSbLAlbaLMwJtgDcELMJtwLhDrBJ
fgjd0_sx189,lwJLMrasnIytaIwBsLMwDabamTbLJg
fgjd0_sx279,vatwLhwBLAsLMcBSrLHSwLAnJwQwQlsiwUSnBvSIwLus
fgjd0_sx369,hgLhAsLHrSbSwIwEraBJ
fgjd0_sx9,SnIyTsLCeaSPSrSbs
fgjd0_sx99,usLksLBJwJgsSwULksUbQgbIgrLAsLJ
fjem0_si1264,lwLtwUBaLMwDLzSwJtSaDLHIJLHGOQlwQIwJLU
fjem0_si1894,hgDtIaDwIsCwDaLMswJwLMJywUwLubC
fjem0_si634,cCbLTsLJLMSgwLMIyJLSswtIwLusLhrQrswDLhgmwDLhyDJuDtBgDJ
fjem0_sx184,lwLHvbLJuSbanDtQIrLMDcywJ
fjem0_sx274,lnQtSwLJwLMLHnLBLKwLMCDtegLK
fjem0_sx364,SyLJwDLMgwsLucCeDJLASwDtBgsLuSwLtwLunsLlyegtmyLksDLJwJLHwELHbr
fjem0_sx4,iksPbErDaDanDsLhnBaILzTPuCaILuLA
fjem0_sx94,TecDtrJLCBLAgCwDLMsnLksLJLMsyLJ
fjmg0_si1181,uaLuIrsBLsULMLubLtwCnLtLSwQwDbLtcCyvwULMwCbEvbDgECFLw
fjmg0_si1811,uIbLtwSAsywULharLhrbDJtaLuIbLtcJBw
fjmg0_si551,tsUwCnLubDwDwLMDLJLuyLMDtcQwLtaLM
fjmg0_sx101,vMyLbDbnLuLtDnLkwLkwLAuIbsLkwLHvaJtIbDJLuaLAataLhbsJ
fjmg0_sx11,lywDQagBgaLHaIbDBgt
fjmg0_sx191,lkLAwgatCybLMyJtyJwDUtwLCLJ
fjmg0_sx281,CalbyELMDsLMLMnLhUvbLSwLhyLMLhaJtrgerJM
fjmg0_sx371,uIbCwDaIbLhyLkwLhnDJLMDgaDtrLhsLMSwUMCrLkDJ
fjsj0_si1484,lbcaUaDJLJyLArUwLMrLMQIyJ
fjsj0_si2114,JLksLhyiDUDcLulcQSbLkwULkwgwU
fjsj0_si854,wLMrLkwLkbLJwUnLkrLhwtbLU
fjsj0_sx134,lyUtwQrLksTPrsrSwbULSwLULULlwDwDcbSs
fjsj0_sx224,unLuwEUwLkTrLU
fjsj0_sx314,lctLuyLhyDcCkaILkwDrUlyrSwLhySbSyEtBSBtr
fjsj0_sx404,haILhrLuyQrSywUwLhyELhcQtSgr
fjsj0_sx44,lbUvcLhaLMLhyESyrLMsDJLHSrLH
fkms0_si1490,vaLMtwLSwUHIFDLMLvbLMtwLSwJLMDJLM
fkms0_si2120,MyLHeDJLMLubDbmwLkLherQIytubDrKwLMQlwULSFLHw
fkms0_si860,uwUwDvSwLkyLuPLJwQbLUwtwJLvFJwJtLABbaLMJ
fkms0_sx140,heDLArLAeBLMIaLHIgMLAtecvAwDylwByLMJLMwmwTw
fkms0_sx230,vcBeBwPSGbyKyrLherIbwKIcBgDJLheFmSbrJ
fkms0_sx320,lwSyIJtwDeLALSwDFLhySwtDcBaLAwUwJ
fkms0_sx410,AwLheDJtIKSeaLATLMSyLAwCBFDw
fkms0_sx50,veDJtIaLMLnLhnDrADFLHeLhbLMJwDwLeBnLucLHBaIv
fmah0_si1289,wtIbClwLytwcLtbD
fmah0_si1919,vFnQIwCbCwJCsJwCwDLMJtDwPByty
fmah0_si659,lytwJtEwUtwUwDBLkwLMCwUtDLkwDtwQICyJtsBySw
fmah0_sx119,uwLywLMLHFBwtwLAvbLAwLkwLtwLvaBLkP
fmah0_sx209,CLuBLAvFnLkLhFDLByLAbSaD
fmah0_sx29,CnQLuDFLhyLHsLkwLHFLHwtLMwLMFSwU
fmah0_sx299,ULbCyLHvsCwtwLHgLkaIgwCgByC
fmah0_sx389,vksCwLhsLMvaIwJwTPIwCcLACLMytaDy
fmml0_si1040,hgLCwULHDkcLzLHFDFLMvbDlyLksELkDtIcLzD
fmml0_si1670,vbLhcLhytIwtHBlwsKbAcDJLAFLHbtBCyFa
fmml0_si2300,CcQbSwULlcJebmDKUwglyLtbgtwLhy
fmml0_sx140,vlrLeBLMIaLHgcLAtgSyDFsLcJLMwLhyQw
fmml0_sx230,vcBgBksBsbCLlcLhgKwagwUwabrKJM
fmml0_sx320,lcCbDJUwDwLhgLhFDgLhywlLuFatSElcJLMwDLJ
fmml0_sx410,lbELhgDUvbKiDaLtyLzyLiLSyLMLkbDaDFD
fmml0_sx50,vwJLHgvwEvFLHFDaDFLvbLHbLMJLSwDlcFLlcLHaC
fnmr0_si1399,urJesPIwByEtwJLMbtwLubDlcLtyEcaICleBlwLueQImwKcDelbD
fnmr0_si2029,ubDeDLMrQLhaLAbLMwDUQIalDJM
fnmr0_si769,MJtDJtewLMwLkIgLSwtSlcByaDLKrLhBv
fnmr0_sx139,lwLhnDeBScULMlntrSwDJwLMIbLDKIr
fnmr0_sx229,lwLAwELtaIrlanQwLM
fnmr0_sx319,lcLhyELAbBLMLugbLlyLHbCaLkJtIwtgmygr
fnmr0_sx409,lyLMsDtLhwLMLDgDBsElyJwJLHISLMuIgLkLJLlyv
fnmr0_sx49,lcLMaBbLHCLtaLMLusLlSclbLKwLhlyv
frew0_si1030,uIwESyLkwtILADLMrJ
frew0_si1280,lcJtDcBtrJwgCLtrQhgaDBtbLMcByLMaLHrLAbLiD
frew0_si1910,kywLkPIyLtwDlbyELHDLkD
frew0_sx110,lcLhwUnDBaIDUwtcQlwLJLicLHIaLhBLJ
frew0_sx20,iKwEBCtlwUwBwDcBLuIaBJ
frew0_sx200,uIaLAwDvBLkwJLMaLHaLMDeLhByLMrJ
frew0_sx290,lwJvrtryLMLMwLkwBywDLtaIwLkwLtrLHrJLMLMwLhgDr
frew0_sx380,uBgLMnrLkwDytrUwLMLHaLhwLi
fsem0_si1198,vwUgDJLhgCBDM
fsem0_si1828,vUwUwyLkwLJlyLlwUcJtIFByvbtBwLhwBytwLhaC
fsem0_si568,vCgIgswUwLHFsKwJwgDcLhgDJzLlgDaLBgD
fsem0_sx118,AwCgDgByuImsywDLnUwIBaILMLhBt
fsem0_sx208,uIgLUnLhgUwLHgDwLJLkwLJwJtISyLkyJ
fsem0_sx28,uFLuwETgLtcBgDlaIywLkwaIJ
fsem0_sx298,IFDILhgwLkyJyJwDLkywQwLivaILhJ
fsem0_sx388,vIbLCymFByLMQlDQIwLkwLhIFLMwLAvDLKwLMwKPJ
majc0_si1946,lcCcJtSwLaIaLhBCSBULAcCcCywJKaLMLM
majc0_si2095,hcLksLhyLMPywlrLMcLurymsyLkKb
majc0_si835,JlwBLASwDtwLAwJLAcBDlcJcJlrLlwLMLhwtrChgbCwJlcUwLMzr
majc0_sx115,lycLBLhyLMLJyLAcLHBrJLHaLhKa
majc0_sx205,lcBLMrLHrJcDgarLMLlrLAwLkMPaLhlsLucQnIBrQriU
majc0_sx25,HBClcCarUcBLClywDrJ
majc0_sx295,lyJLAcBLAcDULMcCavgeIgbDtrymywLMwQ
majc0_sx385,lwKcBLkrtcBLMlwUwvwBLhrLAr
mbdg0_si1463,hSwLAwDelSreBClLMcCalDJDLMLMLMLMwLuFsTE
mbdg0_si2093,wDatrbDUwDJLMClrLSwLMcDJLMFDLMwUDJLM
mbdg0_si833,nLhBlDJLHrKcDeSJlwBiLlLzw
mbdg0_sx113,cClJLMraLhDJLAwLturLha
mbdg0_sx203,lMLAaJcSDlcLhIFLHlwLMwKr
mbdg0_sx23,lwUDUwKDJaILhcClDLCaIrBJLl
mbdg0_sx293,cSsKLMsLAlwJLHryLMwLhBLHtaLlwLMlPrKerls
mbdg0_sx383,lLAecLlcLMsDrKDLAPmwacLhBIDaISa
mbns0_si1220,lywaJasalLalyLHrJLMPywDUwLbDrMy
mbns0_si1850,lcLuwLaewLMwLTwDaLhaQ
mbns0_si590,uILkwJLMcCBULtrUnLHCaKJLAaCLlcQLwLUwLurLHvUw
mbns0_sx140,lcLrLAcBLMuIaLHalLJaIglylyLuwJvwLhyLMwLu
mbns0_sx230,HBgaBlySsrLHQInJLDawUNalnrJ
mbns0_sx320,lyrJlnLhyanLubDaLAyCLMwCSaLAwLurJLMLU
mbns0_sx410,IsLhgwJtrtLDQaLAwLzACyLlwCaIry
mbns0_sx50,MmwJvratlyLATyLMwDaLwLAcLhnLMwDwLulnLMcLHBr
mbwm0_si1304,SwCwtLrJLHsJHvbnLhaJLuyTsJLitsr
mbwm0_si1934,SsBtSa
mbwm0_si674,lwJwUlsJLAnLMsrLHnLHLJLuIbLvJLnQIDwtLMLhywLHnQtwJLH
mbwm0_sx134,wJnLhrwDtnDwDrCgJLHDJLHnCgbCw
mbwm0_sx224,bCstrwCtrnDLJ
mbwm0_sx314,uyLHaICaILtbDrsJtrLhyCsCsLtISatr
mbwm0_sx404,harLhrCLHswLHIwlsLJLCwLhyLhaDtar
mbwm0_sx44,HnJLMwLAatbCsbrLHsEwJLHSOU
mcsh0_si1549,TcaKwmwScLusyLusbnLMw
mcsh0_si2179,CbCcBrDnIeIyaLJLCsy
mcsh0_si919,HgaLuyJtslcCuIcstBLHrNnULksDtcJLCwLJLMcCsLSwlnIDstwLMwSstwDc
mcsh0_sx109,vsKSwLHwDJLuIsecsLAFaDJLMyLJtSaLha
mcsh0_sx19,ScCcDcCJcBeISrLAnDatwCytSwDUsvr
mcsh0_sx199,TnDvwnBaIDtwmcCsLJLhasvrLMwLkwDtsKwJwUsKwU
mcsh0_sx289,SnQtrLuICtLuFBgvwUrQrLTCUSwDJsbSa
mcsh0_sx379,DLHscCsULucnQIyvanJcDUnDveaILksKwD
mdlf0_si1583,tIScDtIbnLuSwUcCSwQIcLMcCstr
mdlf0_si2213,JcCSsyScQCcamsJwJ
mdlf0_si953,wJLuIcQInLMwIyUcCtILHItwJyDJFawCnQIwJyTstwCLJ
mdlf0_sx143,lcJncCLtbrtIwULhTPCaJLAyrLhybLHSa
mdlf0_sx233,vgSsDtIySsCsCUnbCtIb
mdlf0_sx323,uOtSaLtIQInDwLunCtIanQybCLHg
mdlf0_sx413,lntIyJISstDsaLtSwDJLHagtIbJLMrtr
mdlf0_sx53,SywJcLuFaLMbnQaIyLMwLMsCJcCSJ
mdls0_si1628,lwJLDgvbBlLtrvPEDtaLksCUNaLuSsK
mdls0_si2258,TcCgeIsESaIyw
mdls0_si998,lycLlsLMIgrLMaBn
mdls0_sx188,AataIgtynBSslyLMLHbDJMLHba
mdls0_sx278,AwtsULHrJLMyLzsLAstcSsIyELMcSaJLAyLzra
mdls0_sx368,haIwUvenJMsTwLhgsLuecBJLMLhyLMcCLMsycBywLM
mdls0_sx8,tSgsbBasaIscaIyJcBygDJ
mdls0_sx98,AbJwLASwKLMwDtcDlsbrJbrt
mdvc0_si2174,HavKbaLwJDbLM
mdvc0_si2196,lcLHItrKwDcLheIalywULuwLkcbDLMcCwUcCagDcSwUwDLMwLhyJLDyJLMbLMw
mdvc0_si936,HBagbmFDealcLMyJLlyLMyLAPraICka
mdvc0_sx126,HaImrtrtcBlbDLMeSwLkwDLMwJtBIyF
mdvc0_sx216,DJDaLhSFLHFLMcBcDaDeF
mdvc0_sx306,lwLMwFJLMPBLhyLAFLtKbDcaJ
mdvc0_sx36,vFBycCFJLMcLAaLHGKwaIrJLAcLvlbELHaLHySFry
mdvc0_sx396,MwtwKLuyLkbDLMcBPLtIgbLMSByaDlcJMrtrJwlcJLCaSsLM
mers0_si1019,hrTwLMwQrLAnLtryvSrtrLkwULMwBrLz
mers0_si1649,SwLUctIgclyLTbC
mers0_si497,uULHSslwUDgLJLlcLHcLkJLMcBabyLlcLktwBtrLgLHbCbrLhnQrQwQHgLMw
mers0_sx119,usTrJLAaBLSwUrLkbLMwLhvSwQtcDaLHaLky
mers0_sx209,CbLHBLHBrLucLhbLurCaLSwtIbCLU
mers0_sx29,HcLhImwLMLHnLMwLHbLAcLMLMbDJ
mers0_sx299,JtsLHrPwUwLHaLHwabCcCvaSwE
mers0_sx389,lbLhwLubgJLTbCnIwCaOLAbLHIyJHgwLkb
mgjf0_si1901,bHSwcQeIPULHrLAeIgJLMwLHCwQBlnLSmrJ
mgjf0_si641,lnQIBrLJaDJurIwSwLAaILtILzLJaDJLHBwBLMwCcBLtrlrLk
mgjf0_si776,AwDcLtILTPcaILMyLMbsLMw
mgjf0_sx101,MwDrLtIcQwDLknLuIyLMrLAbKrLtIalrJ
mgjf0_sx11,lTPCaBgaIrBa
mgjf0_sx191,SwUvIatcsnLAwUDstwDtrSaID
mgjf0_sx281,AeBIyLtItLHlsLMbLCLuyLzLuaJeraIrK
mgjf0_sx371,uInDbcCnLuwLHrJLMgnQtrLhwUwJurtrJ
mglb0_si1534,TwULkwLucUcClcJcBcDlcDlcJwLknrLurUcClntsJ
mglb0_si2164,lwLAvrUwJcBtn
mglb0_si904,lyLMsLuLuIbLkwUrnIaLAnLrJLAycCwLkwLMwLhynLhBa
mglb0_sx184,lwLAnLMLCsbaBSwUrLMLhgywJ
mglb0_sx274,lctSwJwLMLHlLzwJLHcJaLz
mglb0_sx364,TPLMcLlcClLvcCBJLAaLilwLMrLhrLlyEJwJMcCLHarLM
mglb0_sx4,isClsrClwLhFDrLMwDarLk
mglb0_sx94,TnDJwUBtLAaCLubDlyJLzbIyLJ
mgwt0_si1539,JtwJLHaCLkbCbDULJLAbLTrLtIBerLkw
mgwt0_si2169,tbvcLJLAsrULuUMLMyLKbaIwEClbLHIsLuIaLJLlbrurCvrC
mgwt0_si909,bLucCLHBJKIyIyLHgcCnLksLMLJLAytgbrlcCUDaCgeIgbDUw
mgwt0_sx189,lwJLtIasrQIyJHgaIsLkwCgbmamlwLJ
mgwt0_sx279,DbeBJwLhwBLzyLkwCBrQSwLMaLJwLHrQlwKwLkLlwJwDcBLuQSrLkb
mgwt0_sx369,hgaLlsyLHrmcQuclwLuPIcCycaJ
mgwt0_sx9,bLtBeDryBCgBSyIcSsE
mgwt0_sx99,uCyQcJgbmySwULhsKJLHaDgvrgrLAyJ
mjar0_si1988,HBUwJLMIyLAPCtFaItImr
mjar0_si2247,SyLAlrJwlyrtwLU
mjar0_si728,HBrJsbLHBUcCwJtInLtIrLHaBvbLJLHIsvbCvwLACSB
mjar0_sx188,SgtIgLubCcCwDrLkbLMLHnQUcLHa
mjar0_sx278,MwtIwQOmrJLuIwJLAsLzLywLAsKwDlnIyLMcSaKLAILkMIgaB
mjar0_sx368,haIyUvgJLMslwLhBgLuBcULMLkyLMcClyBycByLknLU
mjar0_sx8,SgsTnBaImyweItIcBsbaLJ
mjar0_sx98,SwJcLAaIsKwDtIsbLJtrU
mjfc0_si1033,uLuDrLAwClwSwLuLznDr
mjfc0_si1663,wtaLtaLAwatsLznQrSwCn
mjfc0_si2293,uDUuIyLusKSwFSwCUtwQSaBLueDtSaLAnLwDaIrJ
mjfc0_sx133,wLMIytrLMuCwDtrLAILuSwLkt
mjfc0_sx223,ucLhcLhFLMuLhaILMscLhSwDwLuraLz
mjfc0_sx313,vuaLtertDtwDcLhaLMLHDtILuLa
mjfc0_sx403,uISrLuILMwDJwJwSwLKLurLiwCLhSaLJzLz
mjfc0_sx43,HBLucByLHwLhBaIatAwCLiLAw
mjsw0_si1010,lrJcBLAeBulwLJuCBgrQITwJwngrLksnLnJLHrCwLuysLuJbwJLMyLhy
mjsw0_si1640,gcLkLCLkKwCsuw
mjsw0_si2270,hwaBLrJLlwLJcLlwELMwcLMLyTwLC
mjsw0_sx110,uLhnJtSwBcDrJaLnLMLHrLHcCLJ
mjsw0_sx20,KwCBcLtByLMPBDcBaIaBJ
mjsw0_sx200,uInatLAwLAcBKcJLlcaLkanLtwLhByLMwJ
mjsw0_sx290,uULurtrKvwLMwLuBwLtcCwLMwtrLHIKLHnLMwLhgnr
mjsw0_sx380,vSnLtrLMcCbsLMwJnLkLHnrLhwLkKLvMLtbLly
mmdb1_si1625,lPLMLSywgDLAaLMIChB
mmdb1_si2255,SyJSaIuIgDgDJLASrLuLhcLuSLkUcCtwLAwEtyuSs
mmdb1_si995,HbLkwQILhtIbLMwJtrLhwULAIyLAeFSBLhtScBPrLhwDUSwLHDJLMw
mmdb1_sx185,lyLkcLhbCyLAaIyaIaBJQ
mmdb1_sx275,JLMPtSrLuIsrSrLAstIwtSbrg
mmdb1_sx365,lyLAcCLhyvOLlwUlyLMwELtaImbsLucLuSwDtrLMIyarJ
mmdb1_sx5,wJMywJLlrlwDbCtg
mmdb1_sx95,TPAaBwUwIbFLAPrtrLAIcQuIyABaIcLHgcBJLg
mmdm2_si1452,lBLntryLIwUtsBLMOQwIytcCLMvrJcLMLHsLtIyvcLkwULSsLMwLAcJtB
mmdm2_si1555,lcJSyLALkaIyJLAbDUrLwN
mmdm2_si2082,TrLhaIsCnaLAsESyr
mmdm2_sx102,JLActBLAbJLHIUtrJyQaJLMwUACLAyLDynQrU
mmdm2_sx12,hBIaIwDrycaSwly
mmdm2_sx192,vJLuIavbLMraIwtbtcCrJyr
mmdm2_sx282,lyLMwLMrtrLucLMLAaDcLtIyLMwLMa
mmdm2_sx372,lbLhbLrlyLMrJLSybQrCcLJwmyE
mmjr0_si1648,HsUwJtIBwCaICwLMHaLSwtLASgwLhwLHBgLMLABUcJLHBsDtIa
mmjr0_si2166,haLALUAIsQaILJHLtBaBJ
mmjr0_si2278,ksLksLMwDLHarLAbDLiLMwLhrQrLz
mmjr0_sx118,HBLHaICaBlwLuIsCULHBaILzcLhB
mmjr0_sx208,haLkJerLhanQrLHaClLHDUMLHrLiKLMDJLtIwLkPDJ
mmjr0_sx28,hslbLuaILtISbCLhHaDcLHvJ
mmjr0_sx298,lrLuInLHaLHasKAwyJLlcDLkTwBerLtert
mmjr0_sx388,gIsbDsLMJLHrLuLhIaCrLMrLALHIvrtDLzwJ
mmwh0_si1089,ugaLJlwDUHITwDrKLlb
mmwh0_si1301,vMyJLAwDtaIDlcCLHrDLHIwLzLAwLMAIwDlcLHIwUlcDLlcDvaLAcBLMs
mmwh0_si459,wtIcQlcLHBLHIwJLiaIgbLJcBlcDJLlcJcLAelLJwBDtrLJLHrDcLHBvaJLHBtBLJ
mmwh0_sx189,vwJLMuIgrQIwtSaIByLMwDegmBalwLJ
mmwh0_sx279,veBJwUcLhBLMwLkABLherleBJwLHIwznDwULScBLmwSwLly
mmwh0_sx369,veaLHsLHImrLHcBwQwDgDTrISJ
mmwh0_sx9,SaIywBSwBSb
mmwh0_sx99,lcLuPvBJegscSwULusJLMcaDerLALJ
mpdf0_si1542,lwJyLuScQsKwJLHwDaQTwJwJzwLHIrv
mpdf0_si2172,vJLAIbLMLAwLuywLwUwLHFLHwLucDJKbJ
mpdf0_si912,TPbCsKwJcatwLAaIwDbLtIaI
mpdf0_sx102,JLHnstcBLMbDJLAtSIyJwUnInJLAyvaIJwLtwJtwLAwLubLHrK
mpdf0_sx12,SwIaLhwPSrQFLTcBScBSwE
mpdf0_sx192,JLHIaAbLJramctInItDrJzr
mpdf0_sx282,lcLMyLMtrtInLMLAcDcDuIaLTwJLMwtIa
mpdf0_sx372,lbLubLuIbCsLAJwLUwDlbLHICcLJLHrmwE
mrcs0_si1223,uIsLHwLzAIvelnLAInQlcLJ
mrcs0_si1853,lcJLwLlcLMyLArSwLuyLAwDJtsKSywDwLHnIwLUDLuCtwgLk
mrcs0_si593,lwLAbeLkbnJlLULHgbEeDLULwLk
mrcs0_sx143,lcJeDwLkwDcLHIyLAPLhBJLAPILuyvHB
mrcs0_sx233,geSlseDtIwSwCLUlbClbC
mrcs0_sx323,uOtaLurlLlcCtucChgDyCcCLkHDg
mrcs0_sx413,lbvubDJwCLKLusDcBLHawLJLAarLClbLMLMrJLArLk
mrcs0_sx53,SylcJlcLHBLhBLAbmwlrwLALkDUlcCBJ
mreb0_si1375,HatnQLHbLJtInJwLASsbDyLksLMriAbDrLHnQwLMnDtbaIbCaItr
mreb0_si2005,ksLuCnQLMrsDLhgaOULtbLAwEQsbIswCLtnLHBaIbDLAa
mreb0_si745,uIgaLhaILMbrJMrLzsvIaQ
mreb0_sx115,usbCwLHsLJyQaIaQSwJLaLMa
mreb0_sx205,HaLtInQrJbaIrQrJLHnLMwLkMIaLhsLunQbaIrKU
mreb0_sx25,HsCaInIwUhaLACsbrLz
mreb0_sx295,hyLAIaLAgDJMIgaLgaBgbDtIsLMIw
mreb0_sx385,SwKcatrtHaLHrUrtrBLhrLAwD
mrjm4_si1489,HCaJLHCLkwJb
mrjm4_si2119,CULAwELMwLhwJLtcDLwCaJ
mrjm4_si859,HsCgLtrLhyLHrLHgCTKwCsLHlgtwQIwCLHwrLzgrJ
mrjm4_sx139,cLhaCaCJLHsUCJwLMIwLuywLMr
mrjm4_sx229,hIywLkwELtILkaCLk
mrjm4_sx319,wLhyETwOLHgrvlsbCwLkMIwLhrtIaDr
mrjm4_sx409,AyLJLAwCLzLCUAIyzDLiLHInLugLTrJw
mrjm4_sx49,lnLManQcCLtIaJLHwClnIvwLhlwE
mrjr0_si1182,lnQnJLlwtInDcKsvwtTsBLuPUgLkwDrJ
mrjr0_si1812,SyLtrLTwUDrLMIgbCLtSeLaIwLutIrwDwsKDJ
mrjr0_si2313,lSFBLtbDrLlyLuDKSyLtSFBySagDLHnDrULAvbDryLhyLuyQwDLkywDgSgBt
mrjr0_sx102,ULhcKcBLMlbJLtSrJwByuInULSTDgUwLkwJHcCLAwLlbQrKw
mrjr0_sx12,SwBeIaDFSrsTcByv
mrjr0_sx192,JLMIavbLJLHacgnBtgKwDrJyr
mrjr0_sx282,lcLMwLtbstIwLHbnLMwLMQaCSwhgwKLMIyLMtcBgBLwQ
mrjr0_sx372,lnLhbLuIbCbLrJUlbDJLFbtLHrCFLJLAcmy
mroa0_si1307,lwJwUCwULHDtLCstLDQwDLntLA
mroa0_si1970,lwLMrBwLhwDtaLwDyLkLhMuLkwLHaDwUcLACSwJLCbDLk
mroa0_si677,wLuICBLAIwCULMLhyCwCLuBJLDr
mroa0_sx137,tIlstbDLHaItICELAICtLCrLzLAurLt
mroa0_sx227,wLUnBtTrLucLCLNaLtuQr
mroa0_sx317,wLAInDLhrLhaLhwLULurLAwLzywDaCLA
mroa0_sx407,tHeDJLhrbDLJLlcCJyCwtDrLgtcDJLAeBULHaCyw
mroa0_sx47,haDtIeDLhwJtasLJLHrLALtsKrt
mrtk0_si1093,SGmnaCwUnQrLhyvyQrSyJAarJy
mrtk0_si1723,wDywIwLhywLuIwNLMwDtDFSr
mrtk0_si1750,ATPlbJwJwaLAwCnbDaCwJaLMrLHInIwJLMrvr
mrtk0_sx103,AaInDwJtrnmyLAwJwJLMwJ
mrtk0_sx13,JcIyraIwUvgsKwLAsnD
mrtk0_sx193,leDaIwBwDywaSwLMwUwaw
mrtk0_sx283,lcDLHInDvrUwKDJLHIcDrULwDtIc
mrtk0_sx373,wLuIwDawUwJwLHrCJyLAPvw
mrws1_si1130,vwLuyLnUvaIsDaIrLMrvrIaBLkwDSFJ
mrws1_si1496,vFLMrlgLhFJwUwLuUFLMcDcSyUMP
mrws1_si500,lrICeaLAwJLDwDtIsvFLMaDrDyLheIaIwmaDJMrJ
mrws1_sx140,vFLaILABLtIwLHIaSrUrDywDlyLhwUvrLuTwLk
mrws1_sx230,HBaISsPSsTrhrFveaFUvaSrtK
mrws1_sx320,lwDlrJwDlLuaIwDaLHTPCwNwDaLAwJLMwLJ
mrws1_sx410,uIsLhamrJtIsnuFLALhMaILlwDSr
mrws1_sx50,vFJLuIaQrLAyLMwDaDrLAFrLlrLJLDwLuBFLMLHLHSr
mtaa0_si1285,AwBwInKLDyLAeaISwBLhyDlcJtrD
mtaa0_si1915,lwSwUlbmrLKLSrvgJLMwDgLMIyDcJLTsKcDLlsLhtILuwLDcJ
mtaa0_si596,vecDJlyvwByLMcDaBg
mtaa0_sx115,lOmeBaDLMcLlwLJtOLAaLHBJLBLAcBa
mtaa0_sx205,uBLMrwLHurJDerLJLHnLMwLMuBLusLuwBwDLABGrU
mtaa0_sx25,uBwBasDrUcBLkslbrJ
mtaa0_sx295,twtLAveIaLAcDJcCkalLvereIwDtIrLhyDlcLMrBy
mtaa0_sx385,lwKcBaItBQrUrtOLwLuwLAwLk
mtdt0_si1994,JMFtFByLhITrtSwUuLuywCyLhsLkbCyvwJLHbDaSanCaGQyE
mtdt0_si2254,tSbBlyLMIwLkctSGaerg
mtdt0_si994,rsKLAsmyQwJLMIPBSFULuIJwJLMcBlyLHItwLubD
mtdt0_sx184,hrLAbLJLCsbamwtILtLCasTrK
mtdt0_sx274,lOtSwJwPLMLhnBFDKrywJLhwJFgLtb
mtdt0_sx364,SyLtrLtHbClyCLuFCaJLMScJFslwLhSwtcLhrLhybFQwKyEJwULMcCLHarLkb
mtdt0_sx4,ktsCsrCSICasmyLhanSrLAyECHarb
mtdt0_sx94,lcCtILhGLHaSwCLhblyLtIyLJU
mteb0_si1133,lyLiHbDtrtbLABaIsLzLABJtIrJHat
mteb0_si2064,lywULAytLMyvSwtIbDFDgsyLMwUwLvbDcLHGwCPrtISwDsIsJ
mteb0_si503,uwIyQaJLAyIyrJy
mteb0_sx143,lwUeaDwLkbtrULTLBJLATrLhybaSa
mteb0_sx233,gSsDtIySsCwUIbCLtgwN
mteb0_sx323,lctaLHrlwDlbLMHCeIgIbDaDtg
mteb0_sx413,lbJLDyJcSyiSytcBLHFyJLAatLAbKLtrKLHr
mteb0_sx53,ywDrJwLHBSBLAbIyOrwLAwDbDJwLhBJ
mthc0_si1015,HsbDLHbKrlsBrLzyJNaIgKJLHBFLMLHaLAIyLz
mthc0_si1645,JtHcLzLHaLHsUcCSUwLAsTbCvcBLMctHb
mthc0_si2275,lwLHBLkwLuOLAuIytwKcCwDKcLMKswLM
mthc0_sx115,lycCLhyLHnLAJyrLHIaLHSUSwLhSB
mthc0_sx205,uBOLMHrLHItcCbaIwLAJLHnQlwLMwLhsLhwCwDtSrK
mthc0_sx25,HBCKwSrKSaLCsbrK
mthc0_sx295,lctAcBLHFDtIaIagnQHIsKtIysbLhtwD
mthc0_sx385,lsKcBvertIFLMwUwtwCLhIwLHLk
mwjg0_si1124,lwLCyLAaLMwCyLMwCBtSyLtIwUwDbaJcUcCLABwLMcCSwLAw
mwjg0_si1754,wJtsLlwLAILzLABLvaLMcBa
mwjg0_si494,uyLJAaSwLuyJtaDvbLHaIwalr
mwjg0_sx134,wJwIwDtbDPSrLAcCSwJLCFDJLMwJLAwlbw
mwjg0_sx224,gaLAwmyJuwrLJ
mwjg0_sx314,SwLAyLABCSwLvbDrJLwLAywDyLwatrt
mwjg0_sx404,AaILuLHrwLAvyLMrwLUwLAyLHaLHar
mwjg0_sx44,gJLMcLHaLMwDlywLMvEwLJLASr
fdhc0_si1559,kwUwByLhyEUwLuIgLJwDwLuSwmTPSwJLMPBwESwLuwDwDJteBt
fdhc0_si2189,lyJtbQwDaSwULMwLhDQwLhewJPIwJ
fdhc0_si929,vhwLJtnLMLMsJwUcSrwDcLhegJMPKwB
fdhc0_sx119,lwDULABSwUnIwLMIbLlwLuSwLMSwLveBGDLzyD
fdhc0_sx209,hgsLucLAeBwLhwLhbLkwDeFLAQIwDgDLJ
fdhc0_sx29,vcBLMLuIbELMcLlwLMLubLHwtLlcBLMsbDJ
fdhc0_sx299,lKsDwELMIwDLtcLvegaLlbDlcDQaBSsD
fdhc0_sx389,hsbLhksDgJwDrDFBLMwLtwJwgsLM
felc0_si1386,lPSyLMlwDLhDKsKDJLMyDlwULAyLhaDLhDUvwQwTPDLSwDJcDByESD
felc0_si2016,vyQFDUQrLJLlcLhBLJLAQaDFDJLMbLA
felc0_si756,lyLMlIywBJULJtwDLCBwDLuQBgDLChwLuSgDwBaLuIat
felc0_sx126,vDtDtcBwDlcBLkwDtwJQrTLC
felc0_sx216,uIJDBLhByLALMPBaDlB
felc0_sx306,vFLJDUwDtTPBLhyLKHuDtDBJ
felc0_sx36,vBLhwDBJLMOLABLlwKLHaDJwLvFECLMwDsD
felc0_sx396,lLtsKLMwLhyFDlcSyLMQIwLADLulDJQrtDJDJLDaFDLM
fjlm0_si1043,wJwLAIgUwClyLvwUwLHIgLJLvMwLDwaBgr
fjlm0_si1673,SwDLAnsCvyLvgLhcLhgyPhgrUwLhgyF
fjlm0_si2303,wJKcBlLhwDlcLhaIwaLhIBtIbsULJBgwJLMwPUr
fjlm0_sx143,wJwLMwUlyLzyuBJLksLkbDcBF
fjlm0_sx233,gDsLtIySgyhywJgwLMF
fjlm0_sx323,lctBgFLAwlyLuywUwCIgwEwDLMgcC
fjlm0_sx413,vkaLCyJLSsJSywBLHLByLJLAaILlbLJLMwJLHbr
fjlm0_sx53,vywJwLABCFLMLhywBbsLMPLMwELJwCB
fmgd0_si1564,gULhwKuwSwULhgDwLhgwJhsLHInBtbLUwUbubIaILuIsUwELHbB
fmgd0_si2194,ksbDtaBgsLMrJLaLAegLlTwgwLkDgLSwULABgwLkwJvIbDLkwLu
fmgd0_si934,lLuaIsLJksLHseBJLHrUeaIbDLtIgDLMaIy
fmgd0_sx124,tgLkcLMlsLTwLMTmrLhyctB
fmgd0_sx214,lcDlKPLkwBgTrJLHgsrSbLulwJcusKwJg
fmgd0_sx304,tkLMLHgLADtInDrtrJLMgLerBl
fmgd0_sx34,lnaLAyLMaBsLMrmyLhsKsDU
fmgd0_sx394,vecJkslsLMLHaDUuLMwLMLuIaC
fmld0_si2185,KwUwLJtrLMDLhDrLuFDLMwDcKInLJLSbDLhbLHrLk
fmld0_si822,vhBLMImrtsLhyELAIyULHnsALALHnLMrLHItIDUwLkwJLMILA
fmld0_si925,CwBwUDJkwLAsULSgDLHwLhaIvJLAwLt
fmld0_sx115,uynDyBLwLHwLJLAwLAIaLHBrtLaScLuBDt
fmld0_sx205,lFLADrLHIyUDerLJLHwLMwLMcBLhsLHDLhrSrv
fmld0_sx25,tSySwUBGmryMcDFlrsDrJ
fmld0_sx295,kwtLAPIaLHaLJLkcDaCbQrsLtrysLMDr
fmld0_sx385,wUcBtILuFLMwUwtwLhuIcLHD
fnlp0_si1308,bLlcLkswULMaJtLhBLMwJwLMInsTPDcsLkvbCLMkaCcECsLMwDLJlywLtbELMJ
fnlp0_si1938,tBgsLkLkwULuBLkwOLuagsLMwLkLkDcCHaQg
fnlp0_si678,tecQhcyJwDlyLMwLtwQwLhM
fnlp0_sx138,MLlcLuQcCUuyLMwJwCwJLlwcLJwCwDJLkwLtrLHnILMPD
fnlp0_sx228,lcLkyLHaQyLHcBLkwLAsLJkD
fnlp0_sx318,vbLlsLJwCcCLuwLMnDwtcLhOtaItaDJ
fnlp0_sx408,hgcLtIaLkwJtwLuSnsLkeDaLkwLkyDwCLJkLDi
fnlp0_sx48,gLvAknCnLkgLAwQgaLhIwKywCnDsLHKbDLJ
fpas0_si1272,wBaILMIbJtrtIwUwLMJ
fpas0_si2204,uIstwBaDwLMleawDtbtBlrLhIFUcBaLksLJtDLM
fpas0_si944,lwtaIwUaIgcLMwLhwIBgvwULMyLMbsLk
fpas0_sx134,lwtwCIwCLkObDaInDgwUDFDJwJLHbDwDaIbDwE
fpas0_sx224,vlcLuwUwIwDwILt
fpas0_sx314,tLQSyLAwLuBICaILtwDrJtrLhwDegSyLtISatr
fpas0_sx404,vhaLhILvbELHrBGytcDwLhwLhaLtaI
fpas0_sx44,vhgULMwLhBLAPhyDbDtwLMbCJLHaIr
fpkt0_si1538,vwLAbLzLAwDKhgsLULukcCyabLMLMcLMwLSyQwLulcC
fpkt0_si2168,usTnLAwJLALtwnQrJLBLub
fpkt0_si908,lyalwUeSyOLhbCwtrLuCLJcC
fpkt0_sx188,uBgLMwIgDLkBwLMLhnLtLAnQ
fpkt0_sx278,kwtIgUwDyJLMwJLMyLMyLAsUwIyUcSaJLMwLknDcB
fpkt0_sx368,CaIwLMLAgJLkPLhBgbDLuBnrULhyLMcLuJlywBsbBLkw
fpkt0_sx8,labynBFSIyaSrJwByeDcDJ
fpkt0_sx98,unDUwLASnDKwDtIcDsbLtr
mbpm0_si1577,vuIgwUngLhIaCFJLHgvb
mbpm0_si1584,ucrLMrUatcCLzrywJLHatwLHcLtwLzbJLASwKwDtLHsySbrLkc
mbpm0_si947,wtPIBrUcLHrLMrLMwLhcUaBy
mbpm0_sx137,trLkwKnDrLASctLHIcBaLHIPtBtIcCtryLzLkgLt
mbpm0_sx227,kLtecBtrLkwLArLSwQHcLtr
mbpm0_sx317,uwLAIbDLhrLhaLhyLMrLHImTsKa
mbpm0_sx407,SgtLubLMDJtrstItcCJLCaBtcLHFaIyw
mbpm0_sx47,haDtLHaSwLkwUtBFLtIcLhOLHgUrJ
mcmj0_si1094,HbcQbCstLlwLHILtTryUIbrLMrLuaIrtLMrUHsnDrJLtD
mcmj0_si464,lcLHIgtLHrLMrULAnDLhbLJLHbDwETwUDbDLMenQtbDtIbLurIDr
mcmj0_si602,lcLuwKtrLMrQIwJebCgalIyLhIcLubwJtIcCbJtrUbCar
mcmj0_sx104,ETwJtewLungLtInLhbr
mcmj0_sx14,DtecLHrwUwUrLuUnbCILksrIytIC
mcmj0_sx194,CsCtrIsrQSbrLustD
mcmj0_sx284,tbtrsIaIwLAnQrJtwLtILtuILzLHrLtwJ
mcmj0_sx374,tIgwLAQrsLtLwtnctIstIrQr
mdab0_si1039,vTsKwUDwnrwDJweBLHsKlsLASrLKLMQIyswLkMPLtwQrJAbrJ
mdab0_si1669,lyvJtsLkwDLAstwsUntSrJnat
mdab0_si2299,JnBLAnJyLMcarJnmSctSnQtaBrJLlsHa
mdab0_sx139,lcLhBwABwJLMcBtLSwNwLMSwUwJMcBer
mdab0_sx229,lsBLATPtawQtBwLM
mdab0_sx319,lwLuPLucBOLHgnDBscLhBLMwLHaITrLM
mdab0_sx409,lyJLMwLMDnwByLAIyJwJLMIwLMInLMLMBy
mdab0_sx49,lbLMegBwLMwDcJtaLuGwBeDtcLhByw
mgrt0_si1450,uPLJLuImPKwLHFJwJwLkcLCyLkbDLzIyJMPLkwLJLMwLULkwCwJLMwLksKDLk
mgrt0_si2080,MySwLCcLtnIswLhIytLMsLJ
mgrt0_si820,hlcLkcLhUSBLtwBUcLCcbLksLtaIJULHrJiwDFaLJtcUwBnLAwLtBtaInJU
mgrt0_sx10,nQrsTrLuIsLUgrBaIwLkcCcLJyJg
mgrt0_sx100,AcLksLkwDcBCcLULScJLHIJPLMSyJcBcy
mgrt0_sx190,JrULMeBJBgtnbLkyBLB
mgrt0_sx280,uPBsLJScJwCracLzb
mgrt0_sx370,ucCcLtLHIaBCLuSBUuCaIcCcPLiLksLb
mjdh0_si1354,SwUwCFBaILtIyJcCtcJwJLMcCSacQwJLHcLAHIFJHaLtcCFJaLKUwJLMcLkJ
mjdh0_si1984,ucCnmalyJuwDa
mjdh0_si724,wLMJLMIyCabCIgwtBtnJLMCaClsLkw
mjdh0_sx184,lwLMnLJLSybSytrLtLHIyrJ
mjdh0_sx274,lNcQACJcCLHwQcCLtwBwJLCDJaIvb
mjdh0_sx364,SyvbLkUglyLAcCFaJLAaLJbCSwLMcLHIyLHbtIyErJwJLcLtar
mjdh0_sx4,tyECsvrCcCSbmyLhcSOLAwCaIrLb
mjdh0_sx94,TcDtLMwUHBtLAalLkbCyJLtILJ
mjln0_si1449,wLMytbLtIyJwDuIymTwJLuIswUwKwDIwLkcLUwDPSOLMrJrJwU
mjln0_si2079,lsLJLbLMlywtgrJ
mjln0_si819,ksrtSrLMcUnmaICsPLkbDbCcLvwJwLTPLSbClntwDbPbPrLMwUw
mjln0_sx189,wJLMIaIsruIwtaISsymwLUwCgamwJ
mjln0_sx279,gatwUwLhwByLkwBrLMSwDgaLMUMwLurQyKwLkwUnBySIw
mjln0_sx369,haLusyLHIcCwLuOKlyPIaBvU
mjln0_sx9,ScrySaSCISs
mjln0_sx99,uyLkPtBJtbmPSwULHsKLAcDvgcaLALJ
mjmp0_si1535,wLMHGlnJLMwJLMPLKwLtsF
mjmp0_si1791,CnBwlcmbSwUHsDtHLvLkyCanDrvgsLknLMbnLHkUDJLHsLr
mjmp0_si905,lDUDrLuLksLkwJMwLMLlsUnLMclctBn
mjmp0_sx185,lyLuLkgsmyLAereIFM
mjmp0_sx275,MLMPUSecLhImyuIsLubsULrvKHSnr
mjmp0_sx365,lcLkcCwCLHnLMwUwLMcCLuAerLHrCLlyvtIDLMImbarJ
mjmp0_sx5,KTsJlnQnQHbC
mjmp0_sx95,lyLuIaDrUwDbSwLusertrLMHFLHFLASrLHnBKM
mklt0_si1213,haCyLMLuDLMwUHBOLJMwDtDFDJ
mklt0_si1843,KPIstIrLuIswCwLgMwUwCTrhaQwLOQrhsBLHeGwCDg
mklt0_si583,wlwJuPLMwDUwLMcUHsLMSwDJLMsbDt
mklt0_sx133,AyLMrTrUwClyCwtILASwCFLt
mklt0_sx223,uFLALhOLMLhyarvsrCLuraLM
mklt0_sx313,uIavHgtDkMcCcLhaLMStSIyvwCHaLM
mklt0_sx403,uSrLusrLMDJwJMFDlwJLArLiUwCFJwU
mklt0_sx43,tHswLMIyLhEeatcCwDJLAPLkwLhw
mlll0_si1363,vJclsULlcLlcBsKwDJLlsrJcCnLScBrtwJeBblsTwJ
mlll0_si1993,KLKwuIwLMCJ
mlll0_si733,iJtbLSMwawLMeBLgKbIbrLAvbDLMwCyLJLMwJrl
mlll0_sx103,vAeBwDrJtIbLABJcJLMLJ
mlll0_sx13,JSwETnaIwJgLMLAsKLJ
mlll0_sx193,SBgaLhegLBeaJSwCTcBCKTLCenLC
mlll0_sx283,lswDyLMDrCDLIlwUwKwJLHIBLHItLMDvIa
mlll0_sx373,HBLhaIyDeBwUcJcLMerLkJlyLMTLhbB
mlnt0_si1574,ceDJLDaCralcLhawLMclLMcBJLMESwLMLCaLlyLuerLurLM
mlnt0_si1902,ucLHaJwLABLkwJrLM
mlnt0_si642,lwrLHaLJLerLMwCJLAnLMcCgrJLlnLJbrbDaLAvaCLAbC
mlnt0_sx102,MLunJcLMDJLHerJULurJLkwaJLMLzwJtrLMLubnLHrJ
mlnt0_sx12,wBeaLkcCDrsLycaBlwBSsE
mlnt0_sx192,JLuagDLMJuaItgtcClwKbUr
mlnt0_sx282,lcLMcBLMLHrtrLunLMLMQaDcCaImtrKLMcCLMLunaDaLM
mlnt0_sx372,lcLherLuIaCwLJMLULkeSwEnLHrCnLJLMly
mnjm0_si1580,vaIwNbLtlgaLCaDbLvbDlcJLHaLMr
mnjm0_si2210,vhaIwLHrgLucJtaLMFr
mnjm0_si950,vgJNaLzLlwsULhyaLHaLtnLUcDvnDFasLHLMlcLAsvcDLvhgvwLz
mnjm0_sx140,vgrLHaKvFLHIaDnLMaDwQawJtwQw
mnjm0_sx230,vHBgBwanyvrLhclgMcDalcJalr
mnjm0_sx320,vgnJnDbLHaLHbDaLhwUwEaLAwLtwJtc
mnjm0_sx410,aInLharJtIgtaLAyLMASwLtbCFag
mnjm0_sx50,lnDcJLHavwLnLHcDFanLAaLHgLlLABnLcLAFar
mpam0_si1189,SyLtrLucCUuILHcLMrCLMwUwtwC
mpam0_si1819,lTucLhwUnLJDlLuBPSwQDScCLuLzLHa
mpam0_si1961,HDJwCwLMAIwLMLMwKrJlywULSwDytcBLucLuIycLucCwUcLhBIaBLk
mpam0_sx109,KMPcLMwCJLuIyCucLuIaCwJLMyLkJcCwLHQ
mpam0_sx19,HPCJcBSrLAnCatcCLhyJAPCUyvr
mpam0_sx199,TcCLkKcBwLtrTrSwLwLMLhSwUrLMLAwLtsLzJLAwUyU
mpam0_sx289,SwQlcLurLuBaItwUrQrLuLJuSwDUMycQI
mpam0_sx379,vbCLuwLucQwCFUcCUwCLMrJLMwJ
mtas1_si1473,TnsywLkbtgcQy
mtas1_si2098,SyLksKHarQrarLuSgtSwSOLksbQrCHSwEBy
mtas1_si838,bSyLAyJyCLMwLhatLhycLMaIaIsLkstaLuO
mtas1_sx118,AcCLhagbDwHaLhyECLAIywDJLkwDcBaILtLHS
mtas1_sx208,uIaLkJtbLhcLkOLHaLkyQkSwDJLAbLtLMJLtIsLkyJ
mtas1_sx28,hsElbsTArLtISaLkcQLHBtLAkbJ
mtas1_sx298,HbQkcLhasLKyJkLhySserLtrLtLtw
mtas1_sx388,QIcsbQLksLJLSwLkbQIwLkwLurtnLMrLMQrstrLDtsELkwJ
mtls0_si1370,SwlstIbrvrJLHIaCULHbLuDaLJLMLlwLHbTPItTJLMIyl
mtls0_si2000,SwLMELSyQTwtIwLhTsLzEstlLHsKwQly
mtls0_si740,SwLHaLtIbLtIyLHbLhBta
mtls0_sx110,lcLhrJLuSwLMcQrLHDJLMwJHaDrLMLHrLHIaLHGLk
mtls0_sx20,zycCSaISrtIyJMwESFQFBtra
mtls0_sx200,uIaLAwLnQIcBLwJLHaLHaLMQIDcLHyLMrwJ
mtls0_sx290,lrJLHrvrJLMvrLAwDLHGClwtILHIyJLHrLADLHFr
mtls0_sx380,HgLMIaILzHIyQrJrLzLArQwLz
mwbt0_si1553,AHsnIwLBsIyLksLkcanLhnLwLhasJnIaLknBtLSFLtIwDKaLHSsKa
mwbt0_si2183,hnLJHGstSsvsbLAJLM
mwbt0_si923,twLsLJLHrLJwJLAnsSsKUsKwLhB
mwbt0_sx113,lksLSnJLAwBGbLknLAswUnLHwLtSswLhbLA
mwbt0_sx203,vwLAFUSsLHGLhIaLHkGAyvbFLMwtnsbA
mwbt0_sx23,uSsKUzLTsUstsKUgDsGnULhgaBJLSy
mwbt0_sx293,SyJLMsLMwJLtnsyLMswLhOLAtSaJLHslyLMLSsJtGsE
mwbt0_sx383,lnLAnLHwLMLSsUgtInLHCaISaIsLHGaIaILh
mwew0_si1361,SwDwJLJnLKbCFLAcLBaQrJ
mwew0_si1991,ScLAyLHBCwJtIyLMwDLvbcJucCUwCnJLJwDbCa
mwew0_si731,ctTLwUclymwLwLucCLtwc
mwew0_sx101,lyDrLurLtwBLIwLunLuIyLurLMSnLMILtuIaLwJ
mwew0_sx11,SycBaICrcCFbD
mwew0_sx191,SwLuataCsLHwUytwLUPScLJQ
mwew0_sx281,AwaIywLtIwtLHlyLMnLSCLhyLMLHBaJercarvU
mwew0_sx371,unyCncCyCnLlymwLhnJLAnQrLhwJLDrLzwLz
