id,phone_sequence
faem0_si1392,cJPCtaILUbCLhBcJwLAJiPsKDSrtgaICvnUcLHnbLAwEKnLkLbDtyBLkU
faem0_si2022,SnmFetwLkrKyLkIgtaI
faem0_si762,twBUJLCaBvFBFnDLhaFSwNLABns
faem0_sx132,HcLhBwJwmywDFmkrIgsmyLuFvbDLkwDvbDLkU
faem0_sx222,TPaBScULABcLhSwNLHnbtcBaLMwLABwLuUbCLHBU
faem0_sx312,lnFUbDJrUSBLhyJLMIsLtaImwtTPNwEAwNrLAnIQtBytrJLM
faem0_sx402,SwBJrQILhraILHgnLMrIsLiBULMaLA
faem0_sx42,hnLhBLABJULAaerUaILzTrvwJLMIry
fajw0_si1263,JLhFNvbLDnLAJBnDwDwLuIsKDclrtwJLABLHnLAJLABnLAJKwDTwILAeBcDLkrU
fajw0_si1893,wLMwLAnbCcBaELtMaDLMLACLHFUcCJnBF
fajw0_si633,vyBgLMwDwLHLnIBFLUchQcDUwJLHnLMwCQwUwkrUwlwULDyLkBUJaLMy
fajw0_sx183,SgnBJcSOLknbDycBelrULMwLuF
fajw0_sx273,lwnsbsELIwLhGbDJrLhwLlwLDCcLALAac
fajw0_sx3,lwJLScUyUytaIFcJ
fajw0_sx363,lwLAeCBaDkrPLtcCctgaCgbDLksCLhLAbDCBaJ
fajw0_sx93,AcLMcJCaBLABgDratyLiLnLULt
falk0_si1086,lnDwLAaIyaLurtrCcJLMaILhwLMIsLM
falk0_si456,MPclrLAsJwUaJBSrcDLIwLQgUCwD
falk0_si658,lwJLMIsDgDLhwLJnChcBgUwJyCDyLDsnJLHwJrLABwNLzTwDcQrJecLMy
falk0_sx186,SLwLMaeCLhgatLMwDLHBsaeLkaIUJU
falk0_sx276,zaDULhIclrQIyLHsDwLlwLuIgaLzLkar
falk0_sx366,SyTPLHByULAwDtrCLhcQrCcDLHaJyIyLuaImyESsJLMIyCPQB
falk0_sx6,hIgJcDKgDJKwCUaDyFKwD
falk0_sx96,CbJLArIsLHaImyULAbLAJLCScDUcCnbLzwDsKwD
falr0_si1325,ASgmatwDvCcDyhyUtaCcCrLzaImycSnBFLAbLADU
falr0_si1955,lBgLAyDacFtBaBLhycLHaDLMaLgJaDLke
falr0_si695,lyDTyLhrtyUwCyPLwDwDJwDLAsDvwQtJ
falr0_sx155,wySgmrLAwDLMsDMJPCcLMLABaIyDwDJLMaDvwUagDJU
falr0_sx245,lwUvwDkPwmyaeBwLzPyaDrLAeJU
falr0_sx335,ucJaLHgDMIyUwDInLSnLUaDTPUSaLAtIPJwLASGnDnbKDBtaIrJLM
falr0_sx425,CPQyUDcQrvbQcDctQnBcDU
falr0_sx65,JKnBwDzyLiLzcDrBUwDLMnBcLMwDLJ
fapb0_si1063,DnFLASnJLMwDPQIctBUvwCBLA
